2021-12-01 11:30:59,008 - train - INFO - BigArch(
  (row_encoder): FixedEmbedder1DCNN(
    (embedder): FixedEmbedder(
      (embeddings): ModuleList(
        (0): Embedding(49, 32)
        (1): Embedding(4, 32)
        (2): Embedding(7, 32)
        (3): Embedding(30, 32)
        (4): Embedding(3, 32)
        (5): Embedding(12, 32)
        (6): Embedding(35, 32)
        (7): Embedding(3, 32)
        (8): Embedding(10, 32)
        (9): Embedding(2, 32)
      )
      (nns): ModuleList(
        (0): Linear(in_features=1, out_features=32, bias=True)
        (1): Linear(in_features=1, out_features=32, bias=True)
        (2): Linear(in_features=1, out_features=32, bias=True)
        (3): Linear(in_features=1, out_features=32, bias=True)
        (4): Linear(in_features=1, out_features=32, bias=True)
        (5): Linear(in_features=1, out_features=32, bias=True)
        (6): Linear(in_features=1, out_features=32, bias=True)
        (7): Linear(in_features=1, out_features=32, bias=True)
        (8): Linear(in_features=1, out_features=32, bias=True)
        (9): Linear(in_features=1, out_features=32, bias=True)
        (10): Linear(in_features=1, out_features=32, bias=True)
        (11): Linear(in_features=1, out_features=32, bias=True)
        (12): Linear(in_features=1, out_features=32, bias=True)
        (13): Linear(in_features=1, out_features=32, bias=True)
        (14): Linear(in_features=1, out_features=32, bias=True)
        (15): Linear(in_features=1, out_features=32, bias=True)
        (16): Linear(in_features=1, out_features=32, bias=True)
        (17): Linear(in_features=1, out_features=32, bias=True)
        (18): Linear(in_features=1, out_features=32, bias=True)
        (19): Linear(in_features=1, out_features=32, bias=True)
        (20): Linear(in_features=1, out_features=32, bias=True)
        (21): Linear(in_features=1, out_features=32, bias=True)
        (22): Linear(in_features=1, out_features=32, bias=True)
        (23): Linear(in_features=1, out_features=32, bias=True)
        (24): Linear(in_features=1, out_features=32, bias=True)
        (25): Linear(in_features=1, out_features=32, bias=True)
        (26): Linear(in_features=1, out_features=32, bias=True)
        (27): Linear(in_features=1, out_features=32, bias=True)
        (28): Linear(in_features=1, out_features=32, bias=True)
        (29): Linear(in_features=1, out_features=32, bias=True)
        (30): Linear(in_features=1, out_features=32, bias=True)
        (31): Linear(in_features=1, out_features=32, bias=True)
        (32): Linear(in_features=1, out_features=32, bias=True)
        (33): Linear(in_features=1, out_features=32, bias=True)
        (34): Linear(in_features=1, out_features=32, bias=True)
        (35): Linear(in_features=1, out_features=32, bias=True)
        (36): Linear(in_features=1, out_features=32, bias=True)
        (37): Linear(in_features=1, out_features=32, bias=True)
        (38): Linear(in_features=1, out_features=32, bias=True)
        (39): Linear(in_features=1, out_features=32, bias=True)
        (40): Linear(in_features=1, out_features=32, bias=True)
        (41): Linear(in_features=1, out_features=32, bias=True)
      )
    )
    (cnn_encoder): CnnEncoder(
      (batch_norm1): BatchNorm1d(1664, eps=1e-05, momentum=0.1, affine=True, track_running_stats=True)
      (dropout1): Dropout(p=0.1, inplace=False)
      (dense1): Linear(in_features=1664, out_features=512, bias=True)
      (batch_norm_c1): BatchNorm1d(64, eps=1e-05, momentum=0.1, affine=True, track_running_stats=True)
      (dropout_c1): Dropout(p=0.1, inplace=False)
      (conv1): Conv1d(64, 128, kernel_size=(5,), stride=(1,), padding=(2,), bias=False)
      (ave_po_c1): AdaptiveAvgPool1d(output_size=4)
      (batch_norm_c2): BatchNorm1d(128, eps=1e-05, momentum=0.1, affine=True, track_running_stats=True)
      (dropout_c2): Dropout(p=0.1, inplace=False)
      (conv2): Conv1d(128, 128, kernel_size=(3,), stride=(1,), padding=(1,))
      (batch_norm_c2_1): BatchNorm1d(128, eps=1e-05, momentum=0.1, affine=True, track_running_stats=True)
      (dropout_c2_1): Dropout(p=0.3, inplace=False)
      (conv2_1): Conv1d(128, 128, kernel_size=(3,), stride=(1,), padding=(1,))
      (batch_norm_c2_2): BatchNorm1d(128, eps=1e-05, momentum=0.1, affine=True, track_running_stats=True)
      (dropout_c2_2): Dropout(p=0.2, inplace=False)
      (conv2_2): Conv1d(128, 128, kernel_size=(5,), stride=(1,), padding=(2,))
      (max_po_c2): MaxPool1d(kernel_size=4, stride=2, padding=1, dilation=1, ceil_mode=False)
      (flt): Flatten(start_dim=1, end_dim=-1)
      (batch_norm3): BatchNorm1d(256, eps=1e-05, momentum=0.1, affine=True, track_running_stats=True)
      (dropout3): Dropout(p=0.2, inplace=False)
      (dense3): Linear(in_features=256, out_features=128, bias=True)
    )
  )
  (rows_aggregator): RowsTransformerAggregator(
    (AttenLayer): TransformerEncoder(
      (layers): ModuleList(
        (0): TransformerEncoderLayer(
          (self_attn): MultiheadAttention(
            (out_proj): NonDynamicallyQuantizableLinear(in_features=128, out_features=128, bias=True)
          )
          (linear1): Linear(in_features=128, out_features=512, bias=True)
          (dropout): Dropout(p=0.3, inplace=False)
          (linear2): Linear(in_features=512, out_features=128, bias=True)
          (norm1): LayerNorm((128,), eps=1e-05, elementwise_affine=True)
          (norm2): LayerNorm((128,), eps=1e-05, elementwise_affine=True)
          (dropout1): Dropout(p=0.3, inplace=False)
          (dropout2): Dropout(p=0.3, inplace=False)
        )
        (1): TransformerEncoderLayer(
          (self_attn): MultiheadAttention(
            (out_proj): NonDynamicallyQuantizableLinear(in_features=128, out_features=128, bias=True)
          )
          (linear1): Linear(in_features=128, out_features=512, bias=True)
          (dropout): Dropout(p=0.3, inplace=False)
          (linear2): Linear(in_features=512, out_features=128, bias=True)
          (norm1): LayerNorm((128,), eps=1e-05, elementwise_affine=True)
          (norm2): LayerNorm((128,), eps=1e-05, elementwise_affine=True)
          (dropout1): Dropout(p=0.3, inplace=False)
          (dropout2): Dropout(p=0.3, inplace=False)
        )
      )
    )
  )
  (temporal_aggregator): Seq2SeqGruAggregator(
    (gru): GRU(128, 256, num_layers=2, batch_first=True, dropout=0.3)
  )
  (classifier): Sequential(
    (0): Linear(in_features=256, out_features=49, bias=True)
  )
)
Trainable parameters: 2220309.0
2021-12-01 11:47:45,551 - trainer - INFO -     epoch          : 1
2021-12-01 11:47:45,629 - trainer - INFO -     loss           : 2.5473182334094497
2021-12-01 11:47:45,629 - trainer - INFO -     seq2seq_NDCG   : 0.5881296396255493
2021-12-01 11:47:45,630 - trainer - INFO -     seq2seq_NDCG16 : 0.6565311551094055
2021-12-01 11:47:45,630 - trainer - INFO -     val_loss       : 2.3271272962965317
2021-12-01 11:47:45,630 - trainer - INFO -     val_seq2seq_NDCG: 0.6546075344085693
2021-12-01 11:47:45,630 - trainer - INFO -     val_seq2seq_NDCG16: 0.717325747013092
2021-12-01 11:47:45,960 - trainer - INFO - Improved! Saving current best: model_best.pth ...
2021-12-01 12:03:55,958 - trainer - INFO -     epoch          : 2
2021-12-01 12:03:55,996 - trainer - INFO -     loss           : 2.3101860017099214
2021-12-01 12:03:55,997 - trainer - INFO -     seq2seq_NDCG   : 0.656005859375
2021-12-01 12:03:55,997 - trainer - INFO -     seq2seq_NDCG16 : 0.7185969948768616
2021-12-01 12:03:55,997 - trainer - INFO -     val_loss       : 2.264543617472929
2021-12-01 12:03:55,997 - trainer - INFO -     val_seq2seq_NDCG: 0.6663863658905029
2021-12-01 12:03:55,997 - trainer - INFO -     val_seq2seq_NDCG16: 0.7290526628494263
2021-12-01 12:03:57,055 - trainer - INFO - Improved! Saving current best: model_best.pth ...
2021-12-01 12:19:43,783 - trainer - INFO -     epoch          : 3
2021-12-01 12:19:43,867 - trainer - INFO -     loss           : 2.2707135344802456
2021-12-01 12:19:43,867 - trainer - INFO -     seq2seq_NDCG   : 0.6626517176628113
2021-12-01 12:19:43,867 - trainer - INFO -     seq2seq_NDCG16 : 0.7244880795478821
2021-12-01 12:19:43,867 - trainer - INFO -     val_loss       : 2.245747633297425
2021-12-01 12:19:43,867 - trainer - INFO -     val_seq2seq_NDCG: 0.6685082316398621
2021-12-01 12:19:43,868 - trainer - INFO -     val_seq2seq_NDCG16: 0.7306606769561768
2021-12-01 12:19:45,893 - trainer - INFO - Improved! Saving current best: model_best.pth ...
2021-12-01 12:35:32,483 - trainer - INFO -     epoch          : 4
2021-12-01 12:35:32,536 - trainer - INFO -     loss           : 2.253839778351006
2021-12-01 12:35:32,536 - trainer - INFO -     seq2seq_NDCG   : 0.6659085750579834
2021-12-01 12:35:32,536 - trainer - INFO -     seq2seq_NDCG16 : 0.7271571755409241
2021-12-01 12:35:32,536 - trainer - INFO -     val_loss       : 2.231447794858147
2021-12-01 12:35:32,536 - trainer - INFO -     val_seq2seq_NDCG: 0.6724626421928406
2021-12-01 12:35:32,537 - trainer - INFO -     val_seq2seq_NDCG16: 0.7335456609725952
2021-12-01 12:35:33,084 - trainer - INFO - Improved! Saving current best: model_best.pth ...
2021-12-01 12:51:31,921 - trainer - INFO -     epoch          : 5
2021-12-01 12:51:31,977 - trainer - INFO -     loss           : 2.2440071714587955
2021-12-01 12:51:31,978 - trainer - INFO -     seq2seq_NDCG   : 0.668085515499115
2021-12-01 12:51:31,978 - trainer - INFO -     seq2seq_NDCG16 : 0.7286737561225891
2021-12-01 12:51:31,978 - trainer - INFO -     val_loss       : 2.2269217955791736
2021-12-01 12:51:31,978 - trainer - INFO -     val_seq2seq_NDCG: 0.672903299331665
2021-12-01 12:51:31,978 - trainer - INFO -     val_seq2seq_NDCG16: 0.7340101003646851
2021-12-01 12:51:34,528 - trainer - INFO - Improved! Saving current best: model_best.pth ...
2021-12-01 13:07:38,595 - trainer - INFO -     epoch          : 6
2021-12-01 13:07:38,667 - trainer - INFO -     loss           : 2.2366025789532995
2021-12-01 13:07:38,668 - trainer - INFO -     seq2seq_NDCG   : 0.6700215339660645
2021-12-01 13:07:38,668 - trainer - INFO -     seq2seq_NDCG16 : 0.7296019792556763
2021-12-01 13:07:38,668 - trainer - INFO -     val_loss       : 2.2196449239540588
2021-12-01 13:07:38,668 - trainer - INFO -     val_seq2seq_NDCG: 0.6752198338508606
2021-12-01 13:07:38,668 - trainer - INFO -     val_seq2seq_NDCG16: 0.7346908450126648
2021-12-01 13:07:39,496 - trainer - INFO - Improved! Saving current best: model_best.pth ...
2021-12-01 13:23:43,217 - trainer - INFO -     epoch          : 7
2021-12-01 13:23:43,265 - trainer - INFO -     loss           : 2.231736275452646
2021-12-01 13:23:43,265 - trainer - INFO -     seq2seq_NDCG   : 0.6713674068450928
2021-12-01 13:23:43,266 - trainer - INFO -     seq2seq_NDCG16 : 0.7302326560020447
2021-12-01 13:23:43,266 - trainer - INFO -     val_loss       : 2.216791892600486
2021-12-01 13:23:43,266 - trainer - INFO -     val_seq2seq_NDCG: 0.6761050820350647
2021-12-01 13:23:43,266 - trainer - INFO -     val_seq2seq_NDCG16: 0.7347886562347412
2021-12-01 13:23:43,689 - trainer - INFO - Improved! Saving current best: model_best.pth ...
2021-12-01 13:39:44,796 - trainer - INFO -     epoch          : 8
2021-12-01 13:39:44,852 - trainer - INFO -     loss           : 2.2280328333263433
2021-12-01 13:39:44,853 - trainer - INFO -     seq2seq_NDCG   : 0.6723958253860474
2021-12-01 13:39:44,853 - trainer - INFO -     seq2seq_NDCG16 : 0.7307655811309814
2021-12-01 13:39:44,853 - trainer - INFO -     val_loss       : 2.2143550559382916
2021-12-01 13:39:44,853 - trainer - INFO -     val_seq2seq_NDCG: 0.6768949627876282
2021-12-01 13:39:44,853 - trainer - INFO -     val_seq2seq_NDCG16: 0.735317587852478
2021-12-01 13:39:46,496 - trainer - INFO - Improved! Saving current best: model_best.pth ...
2021-12-01 13:55:39,427 - trainer - INFO -     epoch          : 9
2021-12-01 13:55:39,490 - trainer - INFO -     loss           : 2.225047169628619
2021-12-01 13:55:39,490 - trainer - INFO -     seq2seq_NDCG   : 0.6733393669128418
2021-12-01 13:55:39,490 - trainer - INFO -     seq2seq_NDCG16 : 0.7311619520187378
2021-12-01 13:55:39,490 - trainer - INFO -     val_loss       : 2.2130232339015095
2021-12-01 13:55:39,490 - trainer - INFO -     val_seq2seq_NDCG: 0.6770275235176086
2021-12-01 13:55:39,490 - trainer - INFO -     val_seq2seq_NDCG16: 0.7349412441253662
2021-12-01 13:55:40,542 - trainer - INFO - Improved! Saving current best: model_best.pth ...
2021-12-01 14:11:31,951 - trainer - INFO -     epoch          : 10
2021-12-01 14:11:32,014 - trainer - INFO -     loss           : 2.2224775896725255
2021-12-01 14:11:32,014 - trainer - INFO -     seq2seq_NDCG   : 0.6740387082099915
2021-12-01 14:11:32,014 - trainer - INFO -     seq2seq_NDCG16 : 0.7315743565559387
2021-12-01 14:11:32,014 - trainer - INFO -     val_loss       : 2.209561704064879
2021-12-01 14:11:32,014 - trainer - INFO -     val_seq2seq_NDCG: 0.6784625053405762
2021-12-01 14:11:32,014 - trainer - INFO -     val_seq2seq_NDCG16: 0.7360126376152039
2021-12-01 14:11:32,802 - trainer - INFO - Improved! Saving current best: model_best.pth ...
2021-12-01 14:27:24,358 - trainer - INFO -     epoch          : 11
2021-12-01 14:27:24,416 - trainer - INFO -     loss           : 2.2205318887494574
2021-12-01 14:27:24,416 - trainer - INFO -     seq2seq_NDCG   : 0.6746430993080139
2021-12-01 14:27:24,416 - trainer - INFO -     seq2seq_NDCG16 : 0.7319158911705017
2021-12-01 14:27:24,416 - trainer - INFO -     val_loss       : 2.209000786856922
2021-12-01 14:27:24,416 - trainer - INFO -     val_seq2seq_NDCG: 0.6784724593162537
2021-12-01 14:27:24,416 - trainer - INFO -     val_seq2seq_NDCG16: 0.7357158660888672
2021-12-01 14:27:24,886 - trainer - INFO - Improved! Saving current best: model_best.pth ...
2021-12-01 14:43:21,268 - trainer - INFO -     epoch          : 12
2021-12-01 14:43:21,386 - trainer - INFO -     loss           : 2.2189336244066937
2021-12-01 14:43:21,387 - trainer - INFO -     seq2seq_NDCG   : 0.6751160025596619
2021-12-01 14:43:21,387 - trainer - INFO -     seq2seq_NDCG16 : 0.7321246266365051
2021-12-01 14:43:21,387 - trainer - INFO -     val_loss       : 2.207166061986743
2021-12-01 14:43:21,387 - trainer - INFO -     val_seq2seq_NDCG: 0.6791638731956482
2021-12-01 14:43:21,387 - trainer - INFO -     val_seq2seq_NDCG16: 0.7363919019699097
2021-12-01 14:43:22,510 - trainer - INFO - Improved! Saving current best: model_best.pth ...
2021-12-01 14:59:16,920 - trainer - INFO -     epoch          : 13
2021-12-01 14:59:16,993 - trainer - INFO -     loss           : 2.2175100275284954
2021-12-01 14:59:16,993 - trainer - INFO -     seq2seq_NDCG   : 0.6754491925239563
2021-12-01 14:59:16,994 - trainer - INFO -     seq2seq_NDCG16 : 0.7323400974273682
2021-12-01 14:59:16,994 - trainer - INFO -     val_loss       : 2.2077226565622
2021-12-01 14:59:16,994 - trainer - INFO -     val_seq2seq_NDCG: 0.6791051030158997
2021-12-01 14:59:16,994 - trainer - INFO -     val_seq2seq_NDCG16: 0.7361500263214111
2021-12-01 14:59:16,997 - trainer - INFO - Performance is lower than epoch: 12
2021-12-01 15:15:07,627 - trainer - INFO -     epoch          : 14
2021-12-01 15:15:07,752 - trainer - INFO -     loss           : 2.216243891249234
2021-12-01 15:15:07,752 - trainer - INFO -     seq2seq_NDCG   : 0.6758435964584351
2021-12-01 15:15:07,752 - trainer - INFO -     seq2seq_NDCG16 : 0.7325860261917114
2021-12-01 15:15:07,752 - trainer - INFO -     val_loss       : 2.20552256528069
2021-12-01 15:15:07,752 - trainer - INFO -     val_seq2seq_NDCG: 0.6798431277275085
2021-12-01 15:15:07,752 - trainer - INFO -     val_seq2seq_NDCG16: 0.7367118000984192
2021-12-01 15:15:09,166 - trainer - INFO - Improved! Saving current best: model_best.pth ...
2021-12-01 15:31:01,023 - trainer - INFO -     epoch          : 15
2021-12-01 15:31:01,074 - trainer - INFO -     loss           : 2.215162394524231
2021-12-01 15:31:01,074 - trainer - INFO -     seq2seq_NDCG   : 0.6761859655380249
2021-12-01 15:31:01,075 - trainer - INFO -     seq2seq_NDCG16 : 0.7327612042427063
2021-12-01 15:31:01,075 - trainer - INFO -     val_loss       : 2.2061683875520517
2021-12-01 15:31:01,075 - trainer - INFO -     val_seq2seq_NDCG: 0.67910236120224
2021-12-01 15:31:01,075 - trainer - INFO -     val_seq2seq_NDCG16: 0.7359567284584045
2021-12-01 15:31:01,076 - trainer - INFO - Performance is lower than epoch: 14
2021-12-01 15:46:53,622 - trainer - INFO -     epoch          : 16
2021-12-01 15:46:53,646 - trainer - INFO -     loss           : 2.2141284812968736
2021-12-01 15:46:53,647 - trainer - INFO -     seq2seq_NDCG   : 0.6763837337493896
2021-12-01 15:46:53,647 - trainer - INFO -     seq2seq_NDCG16 : 0.7329224944114685
2021-12-01 15:46:53,647 - trainer - INFO -     val_loss       : 2.2044593769571055
2021-12-01 15:46:53,647 - trainer - INFO -     val_seq2seq_NDCG: 0.6799132227897644
2021-12-01 15:46:53,647 - trainer - INFO -     val_seq2seq_NDCG16: 0.7366665601730347
2021-12-01 15:46:54,297 - trainer - INFO - Improved! Saving current best: model_best.pth ...
2021-12-01 16:03:02,016 - trainer - INFO -     epoch          : 17
2021-12-01 16:03:02,055 - trainer - INFO -     loss           : 2.213270397119162
2021-12-01 16:03:02,055 - trainer - INFO -     seq2seq_NDCG   : 0.6766684651374817
2021-12-01 16:03:02,055 - trainer - INFO -     seq2seq_NDCG16 : 0.732994794845581
2021-12-01 16:03:02,056 - trainer - INFO -     val_loss       : 2.2048165212811717
2021-12-01 16:03:02,056 - trainer - INFO -     val_seq2seq_NDCG: 0.6800492405891418
2021-12-01 16:03:02,056 - trainer - INFO -     val_seq2seq_NDCG16: 0.7366895079612732
2021-12-01 16:03:02,057 - trainer - INFO - Performance is lower than epoch: 16
2021-12-01 16:18:59,521 - trainer - INFO -     epoch          : 18
2021-12-01 16:18:59,599 - trainer - INFO -     loss           : 2.2125185393249844
2021-12-01 16:18:59,599 - trainer - INFO -     seq2seq_NDCG   : 0.676933765411377
2021-12-01 16:18:59,599 - trainer - INFO -     seq2seq_NDCG16 : 0.7331960797309875
2021-12-01 16:18:59,599 - trainer - INFO -     val_loss       : 2.2032951186685
2021-12-01 16:18:59,600 - trainer - INFO -     val_seq2seq_NDCG: 0.6802546977996826
2021-12-01 16:18:59,600 - trainer - INFO -     val_seq2seq_NDCG16: 0.7369023561477661
2021-12-01 16:19:02,360 - trainer - INFO - Improved! Saving current best: model_best.pth ...
2021-12-01 16:34:53,459 - trainer - INFO -     epoch          : 19
2021-12-01 16:34:53,481 - trainer - INFO -     loss           : 2.21183168895719
2021-12-01 16:34:53,481 - trainer - INFO -     seq2seq_NDCG   : 0.6769825220108032
2021-12-01 16:34:53,481 - trainer - INFO -     seq2seq_NDCG16 : 0.7332061529159546
2021-12-01 16:34:53,482 - trainer - INFO -     val_loss       : 2.203334830910958
2021-12-01 16:34:53,482 - trainer - INFO -     val_seq2seq_NDCG: 0.6802121996879578
2021-12-01 16:34:53,482 - trainer - INFO -     val_seq2seq_NDCG16: 0.7368524670600891
2021-12-01 16:34:53,485 - trainer - INFO - Performance is lower than epoch: 18
2021-12-01 16:50:47,547 - trainer - INFO -     epoch          : 20
2021-12-01 16:50:47,577 - trainer - INFO -     loss           : 2.2111734462257235
2021-12-01 16:50:47,577 - trainer - INFO -     seq2seq_NDCG   : 0.6773133277893066
2021-12-01 16:50:47,577 - trainer - INFO -     seq2seq_NDCG16 : 0.7333831191062927
2021-12-01 16:50:47,578 - trainer - INFO -     val_loss       : 2.2028712909239943
2021-12-01 16:50:47,578 - trainer - INFO -     val_seq2seq_NDCG: 0.6803763508796692
2021-12-01 16:50:47,578 - trainer - INFO -     val_seq2seq_NDCG16: 0.7369065284729004
2021-12-01 16:50:47,896 - trainer - INFO - Improved! Saving current best: model_best.pth ...
2021-12-01 17:06:33,668 - trainer - INFO -     epoch          : 21
2021-12-01 17:06:33,745 - trainer - INFO -     loss           : 2.2104023232035965
2021-12-01 17:06:33,746 - trainer - INFO -     seq2seq_NDCG   : 0.6774886250495911
2021-12-01 17:06:33,746 - trainer - INFO -     seq2seq_NDCG16 : 0.7335281372070312
2021-12-01 17:06:33,746 - trainer - INFO -     val_loss       : 2.2026728443477466
2021-12-01 17:06:33,746 - trainer - INFO -     val_seq2seq_NDCG: 0.680566668510437
2021-12-01 17:06:33,746 - trainer - INFO -     val_seq2seq_NDCG16: 0.7369067668914795
2021-12-01 17:06:35,236 - trainer - INFO - Improved! Saving current best: model_best.pth ...
2021-12-01 17:22:27,733 - trainer - INFO -     epoch          : 22
2021-12-01 17:22:27,770 - trainer - INFO -     loss           : 2.209898223041039
2021-12-01 17:22:27,770 - trainer - INFO -     seq2seq_NDCG   : 0.6775846481323242
2021-12-01 17:22:27,771 - trainer - INFO -     seq2seq_NDCG16 : 0.733597457408905
2021-12-01 17:22:27,771 - trainer - INFO -     val_loss       : 2.202015137733401
2021-12-01 17:22:27,771 - trainer - INFO -     val_seq2seq_NDCG: 0.6807539463043213
2021-12-01 17:22:27,771 - trainer - INFO -     val_seq2seq_NDCG16: 0.7371167540550232
2021-12-01 17:22:29,179 - trainer - INFO - Improved! Saving current best: model_best.pth ...
2021-12-01 17:38:18,391 - trainer - INFO -     epoch          : 23
2021-12-01 17:38:18,525 - trainer - INFO -     loss           : 2.209350638563482
2021-12-01 17:38:18,525 - trainer - INFO -     seq2seq_NDCG   : 0.6777538061141968
2021-12-01 17:38:18,525 - trainer - INFO -     seq2seq_NDCG16 : 0.7336648106575012
2021-12-01 17:38:18,525 - trainer - INFO -     val_loss       : 2.2017250969586777
2021-12-01 17:38:18,525 - trainer - INFO -     val_seq2seq_NDCG: 0.6807389259338379
2021-12-01 17:38:18,525 - trainer - INFO -     val_seq2seq_NDCG16: 0.7371956706047058
2021-12-01 17:38:19,449 - trainer - INFO - Improved! Saving current best: model_best.pth ...
2021-12-01 17:54:07,713 - trainer - INFO -     epoch          : 24
2021-12-01 17:54:07,918 - trainer - INFO -     loss           : 2.208827700282394
2021-12-01 17:54:07,918 - trainer - INFO -     seq2seq_NDCG   : 0.6778640747070312
2021-12-01 17:54:07,918 - trainer - INFO -     seq2seq_NDCG16 : 0.7337449193000793
2021-12-01 17:54:07,918 - trainer - INFO -     val_loss       : 2.2014788913604852
2021-12-01 17:54:07,919 - trainer - INFO -     val_seq2seq_NDCG: 0.6809445023536682
2021-12-01 17:54:07,919 - trainer - INFO -     val_seq2seq_NDCG16: 0.737260103225708
2021-12-01 17:54:10,246 - trainer - INFO - Improved! Saving current best: model_best.pth ...
2021-12-01 18:10:06,212 - trainer - INFO -     epoch          : 25
2021-12-01 18:10:06,364 - trainer - INFO -     loss           : 2.20831134848616
2021-12-01 18:10:06,364 - trainer - INFO -     seq2seq_NDCG   : 0.6779837608337402
2021-12-01 18:10:06,364 - trainer - INFO -     seq2seq_NDCG16 : 0.7338792085647583
2021-12-01 18:10:06,364 - trainer - INFO -     val_loss       : 2.201856247909234
2021-12-01 18:10:06,364 - trainer - INFO -     val_seq2seq_NDCG: 0.6808714270591736
2021-12-01 18:10:06,364 - trainer - INFO -     val_seq2seq_NDCG16: 0.7371563911437988
2021-12-01 18:10:06,367 - trainer - INFO - Performance is lower than epoch: 24
2021-12-01 18:25:57,765 - trainer - INFO -     epoch          : 26
2021-12-01 18:25:58,236 - trainer - INFO -     loss           : 2.20778847015293
2021-12-01 18:25:58,237 - trainer - INFO -     seq2seq_NDCG   : 0.678184449672699
2021-12-01 18:25:58,237 - trainer - INFO -     seq2seq_NDCG16 : 0.7339441776275635
2021-12-01 18:25:58,237 - trainer - INFO -     val_loss       : 2.2012699851599495
2021-12-01 18:25:58,237 - trainer - INFO -     val_seq2seq_NDCG: 0.6809311509132385
2021-12-01 18:25:58,237 - trainer - INFO -     val_seq2seq_NDCG16: 0.7373301982879639
2021-12-01 18:26:01,337 - trainer - INFO - Improved! Saving current best: model_best.pth ...
2021-12-01 18:41:51,542 - trainer - INFO -     epoch          : 27
2021-12-01 18:41:51,721 - trainer - INFO -     loss           : 2.2073853792323566
2021-12-01 18:41:51,722 - trainer - INFO -     seq2seq_NDCG   : 0.6782617568969727
2021-12-01 18:41:51,722 - trainer - INFO -     seq2seq_NDCG16 : 0.7340933680534363
2021-12-01 18:41:51,722 - trainer - INFO -     val_loss       : 2.2024797252986743
2021-12-01 18:41:51,722 - trainer - INFO -     val_seq2seq_NDCG: 0.6803668141365051
2021-12-01 18:41:51,722 - trainer - INFO -     val_seq2seq_NDCG16: 0.7368527054786682
2021-12-01 18:41:51,724 - trainer - INFO - Performance is lower than epoch: 26
2021-12-01 18:57:42,485 - trainer - INFO -     epoch          : 28
2021-12-01 18:57:42,532 - trainer - INFO -     loss           : 2.207024499688176
2021-12-01 18:57:42,532 - trainer - INFO -     seq2seq_NDCG   : 0.6783387064933777
2021-12-01 18:57:42,532 - trainer - INFO -     seq2seq_NDCG16 : 0.7340672016143799
2021-12-01 18:57:42,533 - trainer - INFO -     val_loss       : 2.200951343911993
2021-12-01 18:57:42,533 - trainer - INFO -     val_seq2seq_NDCG: 0.6809117197990417
2021-12-01 18:57:42,533 - trainer - INFO -     val_seq2seq_NDCG16: 0.7372115850448608
2021-12-01 18:57:43,746 - trainer - INFO - Improved! Saving current best: model_best.pth ...
2021-12-01 19:13:29,764 - trainer - INFO -     epoch          : 29
2021-12-01 19:13:29,968 - trainer - INFO -     loss           : 2.2065119811989753
2021-12-01 19:13:29,969 - trainer - INFO -     seq2seq_NDCG   : 0.6784783601760864
2021-12-01 19:13:29,969 - trainer - INFO -     seq2seq_NDCG16 : 0.7341555953025818
2021-12-01 19:13:29,969 - trainer - INFO -     val_loss       : 2.200658973830435
2021-12-01 19:13:29,969 - trainer - INFO -     val_seq2seq_NDCG: 0.680942714214325
2021-12-01 19:13:29,969 - trainer - INFO -     val_seq2seq_NDCG16: 0.7370545268058777
2021-12-01 19:13:32,074 - trainer - INFO - Improved! Saving current best: model_best.pth ...
2021-12-01 19:29:19,704 - trainer - INFO -     epoch          : 30
2021-12-01 19:29:19,742 - trainer - INFO -     loss           : 2.206235502289414
2021-12-01 19:29:19,742 - trainer - INFO -     seq2seq_NDCG   : 0.6785540580749512
2021-12-01 19:29:19,742 - trainer - INFO -     seq2seq_NDCG16 : 0.7342165112495422
2021-12-01 19:29:19,742 - trainer - INFO -     val_loss       : 2.200453683238505
2021-12-01 19:29:19,742 - trainer - INFO -     val_seq2seq_NDCG: 0.6811431050300598
2021-12-01 19:29:19,742 - trainer - INFO -     val_seq2seq_NDCG16: 0.7371728420257568
2021-12-01 19:29:20,116 - trainer - INFO - Improved! Saving current best: model_best.pth ...
2021-12-01 19:45:05,128 - trainer - INFO -     epoch          : 31
2021-12-01 19:45:05,314 - trainer - INFO -     loss           : 2.205812989025641
2021-12-01 19:45:05,315 - trainer - INFO -     seq2seq_NDCG   : 0.6786353588104248
2021-12-01 19:45:05,315 - trainer - INFO -     seq2seq_NDCG16 : 0.7342175245285034
2021-12-01 19:45:05,315 - trainer - INFO -     val_loss       : 2.201115571629361
2021-12-01 19:45:05,315 - trainer - INFO -     val_seq2seq_NDCG: 0.6807307600975037
2021-12-01 19:45:05,315 - trainer - INFO -     val_seq2seq_NDCG16: 0.736738920211792
2021-12-01 19:45:05,318 - trainer - INFO - Performance is lower than epoch: 30
2021-12-01 20:00:53,143 - trainer - INFO -     epoch          : 32
2021-12-01 20:00:53,405 - trainer - INFO -     loss           : 2.205552876796466
2021-12-01 20:00:53,406 - trainer - INFO -     seq2seq_NDCG   : 0.6786978840827942
2021-12-01 20:00:53,406 - trainer - INFO -     seq2seq_NDCG16 : 0.7342514395713806
2021-12-01 20:00:53,406 - trainer - INFO -     val_loss       : 2.2000476503006334
2021-12-01 20:00:53,406 - trainer - INFO -     val_seq2seq_NDCG: 0.6812272667884827
2021-12-01 20:00:53,406 - trainer - INFO -     val_seq2seq_NDCG16: 0.7372879981994629
2021-12-01 20:00:56,755 - trainer - INFO - Improved! Saving current best: model_best.pth ...
2021-12-01 20:16:48,368 - trainer - INFO -     epoch          : 33
2021-12-01 20:16:48,775 - trainer - INFO -     loss           : 2.205126907149722
2021-12-01 20:16:48,775 - trainer - INFO -     seq2seq_NDCG   : 0.6788098812103271
2021-12-01 20:16:48,776 - trainer - INFO -     seq2seq_NDCG16 : 0.7344070076942444
2021-12-01 20:16:48,776 - trainer - INFO -     val_loss       : 2.2006767826616915
2021-12-01 20:16:48,776 - trainer - INFO -     val_seq2seq_NDCG: 0.6810357570648193
2021-12-01 20:16:48,776 - trainer - INFO -     val_seq2seq_NDCG16: 0.7373265624046326
2021-12-01 20:16:48,777 - trainer - INFO - Performance is lower than epoch: 32
2021-12-01 20:32:45,664 - trainer - INFO -     epoch          : 34
2021-12-01 20:32:45,843 - trainer - INFO -     loss           : 2.204724885528086
2021-12-01 20:32:45,844 - trainer - INFO -     seq2seq_NDCG   : 0.6789588332176208
2021-12-01 20:32:45,844 - trainer - INFO -     seq2seq_NDCG16 : 0.7343578934669495
2021-12-01 20:32:45,844 - trainer - INFO -     val_loss       : 2.1998283442328956
2021-12-01 20:32:45,844 - trainer - INFO -     val_seq2seq_NDCG: 0.6813596487045288
2021-12-01 20:32:45,844 - trainer - INFO -     val_seq2seq_NDCG16: 0.7373916506767273
2021-12-01 20:32:47,434 - trainer - INFO - Improved! Saving current best: model_best.pth ...
2021-12-01 20:48:44,324 - trainer - INFO -     epoch          : 35
2021-12-01 20:48:44,446 - trainer - INFO -     loss           : 2.204375634953065
2021-12-01 20:48:44,446 - trainer - INFO -     seq2seq_NDCG   : 0.6790329217910767
2021-12-01 20:48:44,446 - trainer - INFO -     seq2seq_NDCG16 : 0.7344547510147095
2021-12-01 20:48:44,446 - trainer - INFO -     val_loss       : 2.200113269069311
2021-12-01 20:48:44,446 - trainer - INFO -     val_seq2seq_NDCG: 0.6812698245048523
2021-12-01 20:48:44,446 - trainer - INFO -     val_seq2seq_NDCG16: 0.7373425960540771
2021-12-01 20:48:44,448 - trainer - INFO - Performance is lower than epoch: 34
2021-12-01 21:04:38,247 - trainer - INFO -     epoch          : 36
2021-12-01 21:04:38,373 - trainer - INFO -     loss           : 2.2041599161717955
2021-12-01 21:04:38,373 - trainer - INFO -     seq2seq_NDCG   : 0.6790947318077087
2021-12-01 21:04:38,373 - trainer - INFO -     seq2seq_NDCG16 : 0.7344707250595093
2021-12-01 21:04:38,374 - trainer - INFO -     val_loss       : 2.1997809153993417
2021-12-01 21:04:38,374 - trainer - INFO -     val_seq2seq_NDCG: 0.6813868880271912
2021-12-01 21:04:38,374 - trainer - INFO -     val_seq2seq_NDCG16: 0.7372999787330627
2021-12-01 21:04:39,944 - trainer - INFO - Improved! Saving current best: model_best.pth ...
2021-12-01 21:20:36,494 - trainer - INFO -     epoch          : 37
2021-12-01 21:20:36,529 - trainer - INFO -     loss           : 2.203748081101108
2021-12-01 21:20:36,530 - trainer - INFO -     seq2seq_NDCG   : 0.6791946887969971
2021-12-01 21:20:36,530 - trainer - INFO -     seq2seq_NDCG16 : 0.7345192432403564
2021-12-01 21:20:36,530 - trainer - INFO -     val_loss       : 2.1999482687781837
2021-12-01 21:20:36,530 - trainer - INFO -     val_seq2seq_NDCG: 0.6811004281044006
2021-12-01 21:20:36,530 - trainer - INFO -     val_seq2seq_NDCG16: 0.7369568347930908
2021-12-01 21:20:36,532 - trainer - INFO - Performance is lower than epoch: 36
2021-12-01 21:36:30,517 - trainer - INFO -     epoch          : 38
2021-12-01 21:36:30,671 - trainer - INFO -     loss           : 2.2035209002284306
2021-12-01 21:36:30,671 - trainer - INFO -     seq2seq_NDCG   : 0.6791805028915405
2021-12-01 21:36:30,671 - trainer - INFO -     seq2seq_NDCG16 : 0.7345794439315796
2021-12-01 21:36:30,671 - trainer - INFO -     val_loss       : 2.1995267026564655
2021-12-01 21:36:30,671 - trainer - INFO -     val_seq2seq_NDCG: 0.6815634965896606
2021-12-01 21:36:30,671 - trainer - INFO -     val_seq2seq_NDCG16: 0.7374734282493591
2021-12-01 21:36:32,963 - trainer - INFO - Improved! Saving current best: model_best.pth ...
2021-12-01 21:52:27,970 - trainer - INFO -     epoch          : 39
2021-12-01 21:52:28,465 - trainer - INFO -     loss           : 2.2032610769082703
2021-12-01 21:52:28,465 - trainer - INFO -     seq2seq_NDCG   : 0.6792939305305481
2021-12-01 21:52:28,465 - trainer - INFO -     seq2seq_NDCG16 : 0.734629213809967
2021-12-01 21:52:28,466 - trainer - INFO -     val_loss       : 2.200298248349553
2021-12-01 21:52:28,466 - trainer - INFO -     val_seq2seq_NDCG: 0.6809468269348145
2021-12-01 21:52:28,466 - trainer - INFO -     val_seq2seq_NDCG16: 0.736755907535553
2021-12-01 21:52:28,469 - trainer - INFO - Performance is lower than epoch: 38
2021-12-01 22:08:26,783 - trainer - INFO -     epoch          : 40
2021-12-01 22:08:26,826 - trainer - INFO -     loss           : 2.202840524381807
2021-12-01 22:08:26,827 - trainer - INFO -     seq2seq_NDCG   : 0.6794042587280273
2021-12-01 22:08:26,827 - trainer - INFO -     seq2seq_NDCG16 : 0.7346674203872681
2021-12-01 22:08:26,827 - trainer - INFO -     val_loss       : 2.1990065763673514
2021-12-01 22:08:26,827 - trainer - INFO -     val_seq2seq_NDCG: 0.6815438866615295
2021-12-01 22:08:26,827 - trainer - INFO -     val_seq2seq_NDCG16: 0.7375193238258362
2021-12-01 22:08:27,356 - trainer - INFO - Improved! Saving current best: model_best.pth ...
2021-12-01 22:24:21,771 - trainer - INFO -     epoch          : 41
2021-12-01 22:24:21,923 - trainer - INFO -     loss           : 2.2027470668919635
2021-12-01 22:24:21,923 - trainer - INFO -     seq2seq_NDCG   : 0.6794818639755249
2021-12-01 22:24:21,923 - trainer - INFO -     seq2seq_NDCG16 : 0.7346788644790649
2021-12-01 22:24:21,923 - trainer - INFO -     val_loss       : 2.1994654751189833
2021-12-01 22:24:21,923 - trainer - INFO -     val_seq2seq_NDCG: 0.6813839673995972
2021-12-01 22:24:21,924 - trainer - INFO -     val_seq2seq_NDCG16: 0.7372000813484192
2021-12-01 22:24:21,926 - trainer - INFO - Performance is lower than epoch: 40
2021-12-01 22:40:08,387 - trainer - INFO -     epoch          : 42
2021-12-01 22:40:08,517 - trainer - INFO -     loss           : 2.2024549386933
2021-12-01 22:40:08,518 - trainer - INFO -     seq2seq_NDCG   : 0.679532527923584
2021-12-01 22:40:08,518 - trainer - INFO -     seq2seq_NDCG16 : 0.734688937664032
2021-12-01 22:40:08,518 - trainer - INFO -     val_loss       : 2.1990615656918577
2021-12-01 22:40:08,518 - trainer - INFO -     val_seq2seq_NDCG: 0.6815004348754883
2021-12-01 22:40:08,518 - trainer - INFO -     val_seq2seq_NDCG16: 0.737339973449707
2021-12-01 22:40:08,521 - trainer - INFO - Performance is lower than epoch: 40
2021-12-01 22:55:51,546 - trainer - INFO -     epoch          : 43
2021-12-01 22:55:51,844 - trainer - INFO -     loss           : 2.2022802890758064
2021-12-01 22:55:53,118 - trainer - INFO -     seq2seq_NDCG   : 0.6795419454574585
2021-12-01 22:55:53,118 - trainer - INFO -     seq2seq_NDCG16 : 0.7347623109817505
2021-12-01 22:55:53,118 - trainer - INFO -     val_loss       : 2.1998500586165797
2021-12-01 22:55:53,118 - trainer - INFO -     val_seq2seq_NDCG: 0.6811445951461792
2021-12-01 22:55:53,118 - trainer - INFO -     val_seq2seq_NDCG16: 0.7368113398551941
2021-12-01 22:55:53,121 - trainer - INFO - Performance is lower than epoch: 40
2021-12-01 23:11:42,153 - trainer - INFO -     epoch          : 44
2021-12-01 23:11:42,198 - trainer - INFO -     loss           : 2.2019217600062806
2021-12-01 23:11:42,198 - trainer - INFO -     seq2seq_NDCG   : 0.6796727180480957
2021-12-01 23:11:42,198 - trainer - INFO -     seq2seq_NDCG16 : 0.7348089814186096
2021-12-01 23:11:42,199 - trainer - INFO -     val_loss       : 2.1993819569687707
2021-12-01 23:11:42,199 - trainer - INFO -     val_seq2seq_NDCG: 0.6815187335014343
2021-12-01 23:11:42,199 - trainer - INFO -     val_seq2seq_NDCG16: 0.7374275326728821
2021-12-01 23:11:42,201 - trainer - INFO - Performance is lower than epoch: 40
2021-12-01 23:27:35,411 - trainer - INFO -     epoch          : 45
2021-12-01 23:27:35,557 - trainer - INFO -     loss           : 2.2016842493397717
2021-12-01 23:27:35,558 - trainer - INFO -     seq2seq_NDCG   : 0.6797196865081787
2021-12-01 23:27:35,558 - trainer - INFO -     seq2seq_NDCG16 : 0.7348647713661194
2021-12-01 23:27:35,558 - trainer - INFO -     val_loss       : 2.199306424621426
2021-12-01 23:27:35,558 - trainer - INFO -     val_seq2seq_NDCG: 0.68120276927948
2021-12-01 23:27:35,558 - trainer - INFO -     val_seq2seq_NDCG16: 0.7372524738311768
2021-12-01 23:27:35,560 - trainer - INFO - Performance is lower than epoch: 40
2021-12-01 23:43:26,427 - trainer - INFO -     epoch          : 46
2021-12-01 23:43:26,620 - trainer - INFO -     loss           : 2.2015266812007854
2021-12-01 23:43:26,620 - trainer - INFO -     seq2seq_NDCG   : 0.6797800660133362
2021-12-01 23:43:26,620 - trainer - INFO -     seq2seq_NDCG16 : 0.7348359227180481
2021-12-01 23:43:26,620 - trainer - INFO -     val_loss       : 2.198815495156876
2021-12-01 23:43:26,620 - trainer - INFO -     val_seq2seq_NDCG: 0.6816439032554626
2021-12-01 23:43:26,620 - trainer - INFO -     val_seq2seq_NDCG16: 0.7374215126037598
2021-12-01 23:43:28,475 - trainer - INFO - Improved! Saving current best: model_best.pth ...
2021-12-01 23:59:22,453 - trainer - INFO -     epoch          : 47
2021-12-01 23:59:22,638 - trainer - INFO -     loss           : 2.201324775443196
2021-12-01 23:59:22,638 - trainer - INFO -     seq2seq_NDCG   : 0.6797437071800232
2021-12-01 23:59:22,639 - trainer - INFO -     seq2seq_NDCG16 : 0.7348706126213074
2021-12-01 23:59:22,639 - trainer - INFO -     val_loss       : 2.1994203819948086
2021-12-01 23:59:22,639 - trainer - INFO -     val_seq2seq_NDCG: 0.6813137531280518
2021-12-01 23:59:22,639 - trainer - INFO -     val_seq2seq_NDCG16: 0.7373013496398926
2021-12-01 23:59:22,641 - trainer - INFO - Performance is lower than epoch: 46
2021-12-02 00:15:12,784 - trainer - INFO -     epoch          : 48
2021-12-02 00:15:12,836 - trainer - INFO -     loss           : 2.2010451722282367
2021-12-02 00:15:12,837 - trainer - INFO -     seq2seq_NDCG   : 0.6797928810119629
2021-12-02 00:15:12,837 - trainer - INFO -     seq2seq_NDCG16 : 0.7348803877830505
2021-12-02 00:15:12,837 - trainer - INFO -     val_loss       : 2.198747265369386
2021-12-02 00:15:12,837 - trainer - INFO -     val_seq2seq_NDCG: 0.6818207502365112
2021-12-02 00:15:12,837 - trainer - INFO -     val_seq2seq_NDCG16: 0.7376314997673035
2021-12-02 00:15:13,781 - trainer - INFO - Improved! Saving current best: model_best.pth ...
2021-12-02 00:31:11,038 - trainer - INFO -     epoch          : 49
2021-12-02 00:31:11,429 - trainer - INFO -     loss           : 2.2007449033240514
2021-12-02 00:31:11,430 - trainer - INFO -     seq2seq_NDCG   : 0.6799087524414062
2021-12-02 00:31:11,430 - trainer - INFO -     seq2seq_NDCG16 : 0.7349770665168762
2021-12-02 00:31:11,430 - trainer - INFO -     val_loss       : 2.199489138010518
2021-12-02 00:31:11,430 - trainer - INFO -     val_seq2seq_NDCG: 0.6814509630203247
2021-12-02 00:31:11,430 - trainer - INFO -     val_seq2seq_NDCG16: 0.7372181415557861
2021-12-02 00:31:11,432 - trainer - INFO - Performance is lower than epoch: 48
2021-12-02 00:47:00,582 - trainer - INFO -     epoch          : 50
2021-12-02 00:47:00,708 - trainer - INFO -     loss           : 2.2006597299264627
2021-12-02 00:47:00,708 - trainer - INFO -     seq2seq_NDCG   : 0.6799610257148743
2021-12-02 00:47:00,708 - trainer - INFO -     seq2seq_NDCG16 : 0.7350077033042908
2021-12-02 00:47:00,708 - trainer - INFO -     val_loss       : 2.1991745943913372
2021-12-02 00:47:00,709 - trainer - INFO -     val_seq2seq_NDCG: 0.6817237138748169
2021-12-02 00:47:00,709 - trainer - INFO -     val_seq2seq_NDCG16: 0.7375412583351135
2021-12-02 00:47:00,710 - trainer - INFO - Performance is lower than epoch: 48
2021-12-02 01:02:47,979 - trainer - INFO -     epoch          : 51
2021-12-02 01:02:48,161 - trainer - INFO -     loss           : 2.200384069236516
2021-12-02 01:02:49,803 - trainer - INFO -     seq2seq_NDCG   : 0.6799817681312561
2021-12-02 01:02:49,803 - trainer - INFO -     seq2seq_NDCG16 : 0.7350403070449829
2021-12-02 01:02:49,804 - trainer - INFO -     val_loss       : 2.199934124641711
2021-12-02 01:02:49,804 - trainer - INFO -     val_seq2seq_NDCG: 0.681585967540741
2021-12-02 01:02:49,804 - trainer - INFO -     val_seq2seq_NDCG16: 0.7371687293052673
2021-12-02 01:02:49,807 - trainer - INFO - Performance is lower than epoch: 48
2021-12-02 01:18:38,839 - trainer - INFO -     epoch          : 52
2021-12-02 01:18:38,955 - trainer - INFO -     loss           : 2.2003517280537124
2021-12-02 01:18:38,955 - trainer - INFO -     seq2seq_NDCG   : 0.6799773573875427
2021-12-02 01:18:38,955 - trainer - INFO -     seq2seq_NDCG16 : 0.7349875569343567
2021-12-02 01:18:38,955 - trainer - INFO -     val_loss       : 2.1987441720255196
2021-12-02 01:18:38,955 - trainer - INFO -     val_seq2seq_NDCG: 0.6816227436065674
2021-12-02 01:18:38,955 - trainer - INFO -     val_seq2seq_NDCG16: 0.7373818159103394
2021-12-02 01:18:40,861 - trainer - INFO - Improved! Saving current best: model_best.pth ...
2021-12-02 01:34:36,115 - trainer - INFO -     epoch          : 53
2021-12-02 01:34:36,281 - trainer - INFO -     loss           : 2.2001266276615215
2021-12-02 01:34:36,281 - trainer - INFO -     seq2seq_NDCG   : 0.6800873875617981
2021-12-02 01:34:36,281 - trainer - INFO -     seq2seq_NDCG16 : 0.7350528836250305
2021-12-02 01:34:36,281 - trainer - INFO -     val_loss       : 2.199130808300984
2021-12-02 01:34:36,281 - trainer - INFO -     val_seq2seq_NDCG: 0.6816534996032715
2021-12-02 01:34:36,281 - trainer - INFO -     val_seq2seq_NDCG16: 0.7374012470245361
2021-12-02 01:34:36,283 - trainer - INFO - Performance is lower than epoch: 52
2021-12-02 01:50:25,762 - trainer - INFO -     epoch          : 54
2021-12-02 01:50:25,986 - trainer - INFO -     loss           : 2.1997744606918657
2021-12-02 01:50:25,987 - trainer - INFO -     seq2seq_NDCG   : 0.6801626682281494
2021-12-02 01:50:25,987 - trainer - INFO -     seq2seq_NDCG16 : 0.7350994348526001
2021-12-02 01:50:25,987 - trainer - INFO -     val_loss       : 2.1986050508211337
2021-12-02 01:50:25,987 - trainer - INFO -     val_seq2seq_NDCG: 0.6818164587020874
2021-12-02 01:50:25,987 - trainer - INFO -     val_seq2seq_NDCG16: 0.7377339601516724
2021-12-02 01:50:30,346 - trainer - INFO - Improved! Saving current best: model_best.pth ...
2021-12-02 02:06:34,640 - trainer - INFO -     epoch          : 55
2021-12-02 02:06:34,701 - trainer - INFO -     loss           : 2.1998276065269953
2021-12-02 02:06:34,702 - trainer - INFO -     seq2seq_NDCG   : 0.6800642609596252
2021-12-02 02:06:34,702 - trainer - INFO -     seq2seq_NDCG16 : 0.735058069229126
2021-12-02 02:06:34,702 - trainer - INFO -     val_loss       : 2.19947225053597
2021-12-02 02:06:34,702 - trainer - INFO -     val_seq2seq_NDCG: 0.6813840866088867
2021-12-02 02:06:34,702 - trainer - INFO -     val_seq2seq_NDCG16: 0.7370265126228333
2021-12-02 02:06:34,704 - trainer - INFO - Performance is lower than epoch: 54
2021-12-02 02:22:20,296 - trainer - INFO -     epoch          : 56
2021-12-02 02:22:20,446 - trainer - INFO -     loss           : 2.199533721840847
2021-12-02 02:22:20,446 - trainer - INFO -     seq2seq_NDCG   : 0.6801421046257019
2021-12-02 02:22:20,447 - trainer - INFO -     seq2seq_NDCG16 : 0.7350732684135437
2021-12-02 02:22:20,447 - trainer - INFO -     val_loss       : 2.1990722518442842
2021-12-02 02:22:20,447 - trainer - INFO -     val_seq2seq_NDCG: 0.6817939877510071
2021-12-02 02:22:20,447 - trainer - INFO -     val_seq2seq_NDCG16: 0.737392008304596
2021-12-02 02:22:20,449 - trainer - INFO - Performance is lower than epoch: 54
2021-12-02 02:38:10,667 - trainer - INFO -     epoch          : 57
2021-12-02 02:38:10,766 - trainer - INFO -     loss           : 2.1992752275936738
2021-12-02 02:38:10,766 - trainer - INFO -     seq2seq_NDCG   : 0.6802645921707153
2021-12-02 02:38:10,766 - trainer - INFO -     seq2seq_NDCG16 : 0.7351490259170532
2021-12-02 02:38:10,767 - trainer - INFO -     val_loss       : 2.1994514672652534
2021-12-02 02:38:10,767 - trainer - INFO -     val_seq2seq_NDCG: 0.681488037109375
2021-12-02 02:38:10,767 - trainer - INFO -     val_seq2seq_NDCG16: 0.7372562289237976
2021-12-02 02:38:10,768 - trainer - INFO - Performance is lower than epoch: 54
2021-12-02 02:53:58,519 - trainer - INFO -     epoch          : 58
2021-12-02 02:53:58,600 - trainer - INFO -     loss           : 2.199132703621267
2021-12-02 02:53:58,600 - trainer - INFO -     seq2seq_NDCG   : 0.6803051829338074
2021-12-02 02:53:58,601 - trainer - INFO -     seq2seq_NDCG16 : 0.7351926565170288
2021-12-02 02:53:58,601 - trainer - INFO -     val_loss       : 2.1990643962264977
2021-12-02 02:53:58,601 - trainer - INFO -     val_seq2seq_NDCG: 0.6817721128463745
2021-12-02 02:53:58,601 - trainer - INFO -     val_seq2seq_NDCG16: 0.7375728487968445
2021-12-02 02:53:58,603 - trainer - INFO - Performance is lower than epoch: 54
2021-12-02 03:09:46,794 - trainer - INFO -     epoch          : 59
2021-12-02 03:09:46,864 - trainer - INFO -     loss           : 2.1989568254540384
2021-12-02 03:09:46,865 - trainer - INFO -     seq2seq_NDCG   : 0.6803162693977356
2021-12-02 03:09:46,865 - trainer - INFO -     seq2seq_NDCG16 : 0.7352617383003235
2021-12-02 03:09:46,865 - trainer - INFO -     val_loss       : 2.199368868947334
2021-12-02 03:09:46,865 - trainer - INFO -     val_seq2seq_NDCG: 0.6814426779747009
2021-12-02 03:09:46,865 - trainer - INFO -     val_seq2seq_NDCG16: 0.7373702526092529
2021-12-02 03:09:46,867 - trainer - INFO - Performance is lower than epoch: 54
2021-12-02 03:25:48,373 - trainer - INFO -     epoch          : 60
2021-12-02 03:25:48,530 - trainer - INFO -     loss           : 2.198801897003799
2021-12-02 03:25:48,531 - trainer - INFO -     seq2seq_NDCG   : 0.6803550720214844
2021-12-02 03:25:48,531 - trainer - INFO -     seq2seq_NDCG16 : 0.7352343201637268
2021-12-02 03:25:48,531 - trainer - INFO -     val_loss       : 2.1989601274280597
2021-12-02 03:25:48,531 - trainer - INFO -     val_seq2seq_NDCG: 0.6817130446434021
2021-12-02 03:25:48,531 - trainer - INFO -     val_seq2seq_NDCG16: 0.7373111844062805
2021-12-02 03:25:48,531 - trainer - INFO - Validation performance didn't improve for 5 epochs. Training stops.
