2021-11-16 12:49:12,478 - train - INFO - BigArch(
  (row_encoder): EmbedderNN(
    (embedder): EmbeddingGenerator(
      (embeddings): ModuleList(
        (0): Embedding(49, 14)
        (1): Embedding(4, 3)
        (2): Embedding(7, 5)
        (3): Embedding(30, 11)
        (4): Embedding(3, 3)
        (5): Embedding(12, 6)
        (6): Embedding(35, 12)
        (7): Embedding(3, 3)
        (8): Embedding(10, 6)
        (9): Embedding(2, 2)
      )
    )
    (nn): Sequential(
      (0): Linear(in_features=106, out_features=256, bias=True)
      (1): Dropout(p=0.3, inplace=False)
      (2): Linear(in_features=256, out_features=128, bias=True)
    )
  )
  (rows_aggregator): RowsTransformerAggregator(
    (AttenLayer): TransformerEncoder(
      (layers): ModuleList(
        (0): TransformerEncoderLayer(
          (self_attn): MultiheadAttention(
            (out_proj): NonDynamicallyQuantizableLinear(in_features=128, out_features=128, bias=True)
          )
          (linear1): Linear(in_features=128, out_features=2048, bias=True)
          (dropout): Dropout(p=0.1, inplace=False)
          (linear2): Linear(in_features=2048, out_features=128, bias=True)
          (norm1): LayerNorm((128,), eps=1e-05, elementwise_affine=True)
          (norm2): LayerNorm((128,), eps=1e-05, elementwise_affine=True)
          (dropout1): Dropout(p=0.1, inplace=False)
          (dropout2): Dropout(p=0.1, inplace=False)
        )
      )
    )
  )
  (temporal_aggregator): TemporalGruAggregator(
    (gru): GRU(128, 128, num_layers=3, batch_first=True)
  )
  (classifier): Sequential(
    (0): Linear(in_features=128, out_features=256, bias=True)
    (1): Dropout(p=0.3, inplace=False)
    (2): Linear(in_features=256, out_features=49, bias=True)
  )
)
Trainable parameters: 997910
2021-11-16 12:50:29,191 - train - INFO - BigArch(
  (row_encoder): EmbedderNN(
    (embedder): EmbeddingGenerator(
      (embeddings): ModuleList(
        (0): Embedding(49, 14)
        (1): Embedding(4, 3)
        (2): Embedding(7, 5)
        (3): Embedding(30, 11)
        (4): Embedding(3, 3)
        (5): Embedding(12, 6)
        (6): Embedding(35, 12)
        (7): Embedding(3, 3)
        (8): Embedding(10, 6)
        (9): Embedding(2, 2)
      )
    )
    (nn): Sequential(
      (0): Linear(in_features=106, out_features=256, bias=True)
      (1): Dropout(p=0.3, inplace=False)
      (2): Linear(in_features=256, out_features=128, bias=True)
    )
  )
  (rows_aggregator): RowsTransformerAggregator(
    (AttenLayer): TransformerEncoder(
      (layers): ModuleList(
        (0): TransformerEncoderLayer(
          (self_attn): MultiheadAttention(
            (out_proj): NonDynamicallyQuantizableLinear(in_features=128, out_features=128, bias=True)
          )
          (linear1): Linear(in_features=128, out_features=2048, bias=True)
          (dropout): Dropout(p=0.1, inplace=False)
          (linear2): Linear(in_features=2048, out_features=128, bias=True)
          (norm1): LayerNorm((128,), eps=1e-05, elementwise_affine=True)
          (norm2): LayerNorm((128,), eps=1e-05, elementwise_affine=True)
          (dropout1): Dropout(p=0.1, inplace=False)
          (dropout2): Dropout(p=0.1, inplace=False)
        )
      )
    )
  )
  (temporal_aggregator): TemporalGruAggregator(
    (gru): GRU(128, 128, num_layers=3, batch_first=True)
  )
  (classifier): Sequential(
    (0): Linear(in_features=128, out_features=256, bias=True)
    (1): Dropout(p=0.3, inplace=False)
    (2): Linear(in_features=256, out_features=49, bias=True)
  )
)
Trainable parameters: 997910
2021-11-16 12:53:29,334 - train - INFO - BigArch(
  (row_encoder): EmbedderNN(
    (embedder): EmbeddingGenerator(
      (embeddings): ModuleList(
        (0): Embedding(49, 14)
        (1): Embedding(4, 3)
        (2): Embedding(7, 5)
        (3): Embedding(30, 11)
        (4): Embedding(3, 3)
        (5): Embedding(12, 6)
        (6): Embedding(35, 12)
        (7): Embedding(3, 3)
        (8): Embedding(10, 6)
        (9): Embedding(2, 2)
      )
    )
    (nn): Sequential(
      (0): Linear(in_features=106, out_features=256, bias=True)
      (1): Dropout(p=0.3, inplace=False)
      (2): Linear(in_features=256, out_features=128, bias=True)
    )
  )
  (rows_aggregator): RowsTransformerAggregator(
    (AttenLayer): TransformerEncoder(
      (layers): ModuleList(
        (0): TransformerEncoderLayer(
          (self_attn): MultiheadAttention(
            (out_proj): NonDynamicallyQuantizableLinear(in_features=128, out_features=128, bias=True)
          )
          (linear1): Linear(in_features=128, out_features=2048, bias=True)
          (dropout): Dropout(p=0.1, inplace=False)
          (linear2): Linear(in_features=2048, out_features=128, bias=True)
          (norm1): LayerNorm((128,), eps=1e-05, elementwise_affine=True)
          (norm2): LayerNorm((128,), eps=1e-05, elementwise_affine=True)
          (dropout1): Dropout(p=0.1, inplace=False)
          (dropout2): Dropout(p=0.1, inplace=False)
        )
      )
    )
  )
  (temporal_aggregator): TemporalGruAggregator(
    (gru): GRU(128, 128, num_layers=3, batch_first=True)
  )
  (classifier): Sequential(
    (0): Linear(in_features=128, out_features=256, bias=True)
    (1): Dropout(p=0.3, inplace=False)
    (2): Linear(in_features=256, out_features=49, bias=True)
  )
)
Trainable parameters: 997910
2021-11-16 12:55:12,784 - train - INFO - BigArch(
  (row_encoder): EmbedderNN(
    (embedder): EmbeddingGenerator(
      (embeddings): ModuleList(
        (0): Embedding(49, 14)
        (1): Embedding(4, 3)
        (2): Embedding(7, 5)
        (3): Embedding(30, 11)
        (4): Embedding(3, 3)
        (5): Embedding(12, 6)
        (6): Embedding(35, 12)
        (7): Embedding(3, 3)
        (8): Embedding(10, 6)
        (9): Embedding(2, 2)
      )
    )
    (nn): Sequential(
      (0): Linear(in_features=106, out_features=512, bias=True)
      (1): Dropout(p=0.3, inplace=False)
      (2): Linear(in_features=512, out_features=256, bias=True)
    )
  )
  (rows_aggregator): RowsTransformerAggregator(
    (AttenLayer): TransformerEncoder(
      (layers): ModuleList(
        (0): TransformerEncoderLayer(
          (self_attn): MultiheadAttention(
            (out_proj): NonDynamicallyQuantizableLinear(in_features=256, out_features=256, bias=True)
          )
          (linear1): Linear(in_features=256, out_features=2048, bias=True)
          (dropout): Dropout(p=0.1, inplace=False)
          (linear2): Linear(in_features=2048, out_features=256, bias=True)
          (norm1): LayerNorm((256,), eps=1e-05, elementwise_affine=True)
          (norm2): LayerNorm((256,), eps=1e-05, elementwise_affine=True)
          (dropout1): Dropout(p=0.1, inplace=False)
          (dropout2): Dropout(p=0.1, inplace=False)
        )
      )
    )
  )
  (temporal_aggregator): TemporalGruAggregator(
    (gru): GRU(256, 256, num_layers=3, batch_first=True)
  )
  (classifier): Sequential(
    (0): Linear(in_features=256, out_features=512, bias=True)
    (1): Dropout(p=0.3, inplace=False)
    (2): Linear(in_features=512, out_features=49, bias=True)
  )
)
Trainable parameters: 2844054
2021-11-16 13:09:32,836 - trainer - INFO -     epoch          : 1
2021-11-16 13:09:32,908 - trainer - INFO -     loss           : 2.43126920159761
2021-11-16 13:09:32,908 - trainer - INFO -     NDCG           : 0.5917589068412781
2021-11-16 13:09:32,908 - trainer - INFO -     NDCG16         : 0.6500001549720764
2021-11-16 13:09:32,909 - trainer - INFO -     val_loss       : 2.141832690734368
2021-11-16 13:09:32,909 - trainer - INFO -     val_NDCG       : 0.6861768960952759
2021-11-16 13:09:32,909 - trainer - INFO -     val_NDCG16     : 0.73233562707901
2021-11-16 13:09:33,147 - trainer - INFO - Improved! Saving current best: model_best.pth ...
2021-11-16 13:23:48,770 - trainer - INFO -     epoch          : 2
2021-11-16 13:23:48,882 - trainer - INFO -     loss           : 2.103035491008263
2021-11-16 13:23:48,882 - trainer - INFO -     NDCG           : 0.6935938596725464
2021-11-16 13:23:48,883 - trainer - INFO -     NDCG16         : 0.7371857762336731
2021-11-16 13:23:48,883 - trainer - INFO -     val_loss       : 2.055682717670094
2021-11-16 13:23:48,883 - trainer - INFO -     val_NDCG       : 0.7051597833633423
2021-11-16 13:23:48,883 - trainer - INFO -     val_NDCG16     : 0.7490307688713074
2021-11-16 13:23:51,040 - trainer - INFO - Improved! Saving current best: model_best.pth ...
2021-11-16 13:38:08,344 - trainer - INFO -     epoch          : 3
2021-11-16 13:38:08,432 - trainer - INFO -     loss           : 2.0549399666971975
2021-11-16 13:38:08,432 - trainer - INFO -     NDCG           : 0.7032631635665894
2021-11-16 13:38:08,432 - trainer - INFO -     NDCG16         : 0.746155858039856
2021-11-16 13:38:08,435 - trainer - INFO -     val_loss       : 2.0307251063260163
2021-11-16 13:38:08,435 - trainer - INFO -     val_NDCG       : 0.7096918225288391
2021-11-16 13:38:08,435 - trainer - INFO -     val_NDCG16     : 0.7520531415939331
2021-11-16 13:38:10,716 - trainer - INFO - Improved! Saving current best: model_best.pth ...
2021-11-16 13:52:29,007 - trainer - INFO -     epoch          : 4
2021-11-16 13:52:29,166 - trainer - INFO -     loss           : 2.033168968751833
2021-11-16 13:52:29,166 - trainer - INFO -     NDCG           : 0.7068320512771606
2021-11-16 13:52:29,166 - trainer - INFO -     NDCG16         : 0.7494502067565918
2021-11-16 13:52:29,167 - trainer - INFO -     val_loss       : 2.0263421362096614
2021-11-16 13:52:29,167 - trainer - INFO -     val_NDCG       : 0.7097892165184021
2021-11-16 13:52:29,167 - trainer - INFO -     val_NDCG16     : 0.7528874278068542
2021-11-16 13:52:31,775 - trainer - INFO - Improved! Saving current best: model_best.pth ...
2021-11-16 14:06:47,731 - trainer - INFO -     epoch          : 5
2021-11-16 14:06:47,807 - trainer - INFO -     loss           : 2.0196270119834256
2021-11-16 14:06:47,808 - trainer - INFO -     NDCG           : 0.709054172039032
2021-11-16 14:06:47,808 - trainer - INFO -     NDCG16         : 0.7512305974960327
2021-11-16 14:06:47,808 - trainer - INFO -     val_loss       : 2.0199207624831756
2021-11-16 14:06:47,808 - trainer - INFO -     val_NDCG       : 0.7093179821968079
2021-11-16 14:06:47,808 - trainer - INFO -     val_NDCG16     : 0.7527812719345093
2021-11-16 14:06:49,821 - trainer - INFO - Improved! Saving current best: model_best.pth ...
2021-11-16 14:21:07,689 - trainer - INFO -     epoch          : 6
2021-11-16 14:21:07,789 - trainer - INFO -     loss           : 2.0083872555912317
2021-11-16 14:21:07,790 - trainer - INFO -     NDCG           : 0.7112067341804504
2021-11-16 14:21:07,790 - trainer - INFO -     NDCG16         : 0.752836287021637
2021-11-16 14:21:07,790 - trainer - INFO -     val_loss       : 2.0119497717200936
2021-11-16 14:21:07,790 - trainer - INFO -     val_NDCG       : 0.7135529518127441
2021-11-16 14:21:07,790 - trainer - INFO -     val_NDCG16     : 0.7554277777671814
2021-11-16 14:21:09,670 - trainer - INFO - Improved! Saving current best: model_best.pth ...
2021-11-16 14:35:25,295 - trainer - INFO -     epoch          : 7
2021-11-16 14:35:25,537 - trainer - INFO -     loss           : 1.9987517531041976
2021-11-16 14:35:25,537 - trainer - INFO -     NDCG           : 0.7127472758293152
2021-11-16 14:35:25,537 - trainer - INFO -     NDCG16         : 0.7542189955711365
2021-11-16 14:35:25,537 - trainer - INFO -     val_loss       : 2.0127711571656266
2021-11-16 14:35:25,538 - trainer - INFO -     val_NDCG       : 0.7122939825057983
2021-11-16 14:35:25,538 - trainer - INFO -     val_NDCG16     : 0.754224956035614
2021-11-16 14:35:25,539 - trainer - INFO - Performance is lower than epoch: 6
2021-11-16 14:49:41,087 - trainer - INFO -     epoch          : 8
2021-11-16 14:49:41,180 - trainer - INFO -     loss           : 1.9896348548399938
2021-11-16 14:49:41,180 - trainer - INFO -     NDCG           : 0.7146155834197998
2021-11-16 14:49:41,180 - trainer - INFO -     NDCG16         : 0.7557798624038696
2021-11-16 14:49:41,181 - trainer - INFO -     val_loss       : 2.0106519730060133
2021-11-16 14:49:41,181 - trainer - INFO -     val_NDCG       : 0.7130358219146729
2021-11-16 14:49:41,181 - trainer - INFO -     val_NDCG16     : 0.7554040551185608
2021-11-16 14:49:43,771 - trainer - INFO - Improved! Saving current best: model_best.pth ...
2021-11-16 15:04:00,552 - trainer - INFO -     epoch          : 9
2021-11-16 15:04:00,664 - trainer - INFO -     loss           : 1.9800174206882328
2021-11-16 15:04:00,664 - trainer - INFO -     NDCG           : 0.7163981795310974
2021-11-16 15:04:00,664 - trainer - INFO -     NDCG16         : 0.7569809556007385
2021-11-16 15:04:00,664 - trainer - INFO -     val_loss       : 2.010307435865526
2021-11-16 15:04:00,665 - trainer - INFO -     val_NDCG       : 0.7132384181022644
2021-11-16 15:04:00,665 - trainer - INFO -     val_NDCG16     : 0.7550176978111267
2021-11-16 15:04:03,685 - trainer - INFO - Improved! Saving current best: model_best.pth ...
2021-11-16 15:18:17,665 - trainer - INFO -     epoch          : 10
2021-11-16 15:18:17,863 - trainer - INFO -     loss           : 1.971554513256271
2021-11-16 15:18:17,864 - trainer - INFO -     NDCG           : 0.7182505130767822
2021-11-16 15:18:17,864 - trainer - INFO -     NDCG16         : 0.7582388520240784
2021-11-16 15:18:17,864 - trainer - INFO -     val_loss       : 2.0213467687755435
2021-11-16 15:18:17,864 - trainer - INFO -     val_NDCG       : 0.7085320949554443
2021-11-16 15:18:17,864 - trainer - INFO -     val_NDCG16     : 0.7526981234550476
2021-11-16 15:18:17,865 - trainer - INFO - Performance is lower than epoch: 9
2021-11-16 15:32:31,961 - trainer - INFO -     epoch          : 11
2021-11-16 15:32:32,047 - trainer - INFO -     loss           : 1.961320474472913
2021-11-16 15:32:32,047 - trainer - INFO -     NDCG           : 0.7198973894119263
2021-11-16 15:32:32,047 - trainer - INFO -     NDCG16         : 0.7597906589508057
2021-11-16 15:32:32,048 - trainer - INFO -     val_loss       : 2.018408864504331
2021-11-16 15:32:32,048 - trainer - INFO -     val_NDCG       : 0.710313081741333
2021-11-16 15:32:32,048 - trainer - INFO -     val_NDCG16     : 0.7520365715026855
2021-11-16 15:32:32,049 - trainer - INFO - Performance is lower than epoch: 9
2021-11-16 15:46:47,119 - trainer - INFO -     epoch          : 12
2021-11-16 15:46:47,153 - trainer - INFO -     loss           : 1.951480119336735
2021-11-16 15:46:47,153 - trainer - INFO -     NDCG           : 0.722302258014679
2021-11-16 15:46:47,153 - trainer - INFO -     NDCG16         : 0.7613229751586914
2021-11-16 15:46:47,154 - trainer - INFO -     val_loss       : 2.0194554948187493
2021-11-16 15:46:47,154 - trainer - INFO -     val_NDCG       : 0.7105718851089478
2021-11-16 15:46:47,154 - trainer - INFO -     val_NDCG16     : 0.7531560063362122
2021-11-16 15:46:47,155 - trainer - INFO - Performance is lower than epoch: 9
2021-11-16 16:01:00,466 - trainer - INFO -     epoch          : 13
2021-11-16 16:01:00,519 - trainer - INFO -     loss           : 1.9407402601334955
2021-11-16 16:01:00,520 - trainer - INFO -     NDCG           : 0.7237949967384338
2021-11-16 16:01:00,520 - trainer - INFO -     NDCG16         : 0.7624099254608154
2021-11-16 16:01:00,520 - trainer - INFO -     val_loss       : 2.028122154149142
2021-11-16 16:01:00,520 - trainer - INFO -     val_NDCG       : 0.7067336440086365
2021-11-16 16:01:00,520 - trainer - INFO -     val_NDCG16     : 0.7515695691108704
2021-11-16 16:01:00,521 - trainer - INFO - Performance is lower than epoch: 9
2021-11-16 16:15:21,056 - trainer - INFO -     epoch          : 14
2021-11-16 16:15:21,112 - trainer - INFO -     loss           : 1.9299936345645359
2021-11-16 16:15:21,112 - trainer - INFO -     NDCG           : 0.7263042330741882
2021-11-16 16:15:21,113 - trainer - INFO -     NDCG16         : 0.7636318206787109
2021-11-16 16:15:21,113 - trainer - INFO -     val_loss       : 2.0304767822290395
2021-11-16 16:15:21,113 - trainer - INFO -     val_NDCG       : 0.7080348134040833
2021-11-16 16:15:21,113 - trainer - INFO -     val_NDCG16     : 0.7516304850578308
2021-11-16 16:15:21,114 - trainer - INFO - Performance is lower than epoch: 9
2021-11-16 16:29:34,808 - trainer - INFO -     epoch          : 15
2021-11-16 16:29:34,997 - trainer - INFO -     loss           : 1.9180424403060565
2021-11-16 16:29:34,997 - trainer - INFO -     NDCG           : 0.7287066578865051
2021-11-16 16:29:34,997 - trainer - INFO -     NDCG16         : 0.7652526497840881
2021-11-16 16:29:34,997 - trainer - INFO -     val_loss       : 2.039982770634936
2021-11-16 16:29:34,997 - trainer - INFO -     val_NDCG       : 0.7066479325294495
2021-11-16 16:29:34,998 - trainer - INFO -     val_NDCG16     : 0.7498788833618164
2021-11-16 16:29:34,998 - trainer - INFO - Performance is lower than epoch: 9
2021-11-16 16:43:49,317 - trainer - INFO -     epoch          : 16
2021-11-16 16:43:49,508 - trainer - INFO -     loss           : 1.906490490498481
2021-11-16 16:43:49,509 - trainer - INFO -     NDCG           : 0.7311015725135803
2021-11-16 16:43:49,509 - trainer - INFO -     NDCG16         : 0.7665112018585205
2021-11-16 16:43:49,509 - trainer - INFO -     val_loss       : 2.049918467967541
2021-11-16 16:43:49,509 - trainer - INFO -     val_NDCG       : 0.7042726874351501
2021-11-16 16:43:49,510 - trainer - INFO -     val_NDCG16     : 0.7492197155952454
2021-11-16 16:43:49,510 - trainer - INFO - Performance is lower than epoch: 9
2021-11-16 16:58:04,510 - trainer - INFO -     epoch          : 17
2021-11-16 16:58:04,707 - trainer - INFO -     loss           : 1.8933361709117889
2021-11-16 16:58:04,707 - trainer - INFO -     NDCG           : 0.733689546585083
2021-11-16 16:58:04,707 - trainer - INFO -     NDCG16         : 0.7684930562973022
2021-11-16 16:58:04,707 - trainer - INFO -     val_loss       : 2.0539872311926506
2021-11-16 16:58:04,707 - trainer - INFO -     val_NDCG       : 0.704621434211731
2021-11-16 16:58:04,708 - trainer - INFO -     val_NDCG16     : 0.7479931116104126
2021-11-16 16:58:04,709 - trainer - INFO - Performance is lower than epoch: 9
2021-11-16 17:12:21,170 - trainer - INFO -     epoch          : 18
2021-11-16 17:12:21,414 - trainer - INFO -     loss           : 1.8807892522254548
2021-11-16 17:12:21,414 - trainer - INFO -     NDCG           : 0.735969603061676
2021-11-16 17:12:21,414 - trainer - INFO -     NDCG16         : 0.7697538137435913
2021-11-16 17:12:21,414 - trainer - INFO -     val_loss       : 2.068792558335639
2021-11-16 17:12:21,415 - trainer - INFO -     val_NDCG       : 0.7015934586524963
2021-11-16 17:12:21,415 - trainer - INFO -     val_NDCG16     : 0.7463163137435913
2021-11-16 17:12:21,416 - trainer - INFO - Performance is lower than epoch: 9
2021-11-16 17:26:36,086 - trainer - INFO -     epoch          : 19
2021-11-16 17:26:36,287 - trainer - INFO -     loss           : 1.8687488315941452
2021-11-16 17:26:36,287 - trainer - INFO -     NDCG           : 0.7381277680397034
2021-11-16 17:26:36,288 - trainer - INFO -     NDCG16         : 0.7708740234375
2021-11-16 17:26:36,288 - trainer - INFO -     val_loss       : 2.0790886287565353
2021-11-16 17:26:36,288 - trainer - INFO -     val_NDCG       : 0.7003780603408813
2021-11-16 17:26:36,288 - trainer - INFO -     val_NDCG16     : 0.7440699934959412
2021-11-16 17:26:36,289 - trainer - INFO - Performance is lower than epoch: 9
2021-11-16 17:40:53,366 - trainer - INFO -     epoch          : 20
2021-11-16 17:40:53,520 - trainer - INFO -     loss           : 1.8561284032734957
2021-11-16 17:40:53,520 - trainer - INFO -     NDCG           : 0.7411903142929077
2021-11-16 17:40:53,520 - trainer - INFO -     NDCG16         : 0.7729074358940125
2021-11-16 17:40:53,520 - trainer - INFO -     val_loss       : 2.089421005992146
2021-11-16 17:40:53,521 - trainer - INFO -     val_NDCG       : 0.6990421414375305
2021-11-16 17:40:53,521 - trainer - INFO -     val_NDCG16     : 0.7436437010765076
2021-11-16 17:40:53,521 - trainer - INFO - Validation performance didn't improve for 10 epochs. Training stops.
2021-11-17 04:38:09,383 - train - INFO - BigArch(
  (row_encoder): EmbedderNN(
    (embedder): EmbeddingGenerator(
      (embeddings): ModuleList(
        (0): Embedding(49, 14)
        (1): Embedding(4, 3)
        (2): Embedding(7, 5)
        (3): Embedding(30, 11)
        (4): Embedding(3, 3)
        (5): Embedding(12, 6)
        (6): Embedding(35, 12)
        (7): Embedding(3, 3)
        (8): Embedding(10, 6)
        (9): Embedding(2, 2)
      )
    )
    (nn): Sequential(
      (0): Linear(in_features=106, out_features=512, bias=True)
      (1): Dropout(p=0.3, inplace=False)
      (2): Linear(in_features=512, out_features=256, bias=True)
    )
  )
  (rows_aggregator): RowsTransformerAggregator(
    (AttenLayer): TransformerEncoder(
      (layers): ModuleList(
        (0): TransformerEncoderLayer(
          (self_attn): MultiheadAttention(
            (out_proj): NonDynamicallyQuantizableLinear(in_features=256, out_features=256, bias=True)
          )
          (linear1): Linear(in_features=256, out_features=2048, bias=True)
          (dropout): Dropout(p=0.1, inplace=False)
          (linear2): Linear(in_features=2048, out_features=256, bias=True)
          (norm1): LayerNorm((256,), eps=1e-05, elementwise_affine=True)
          (norm2): LayerNorm((256,), eps=1e-05, elementwise_affine=True)
          (dropout1): Dropout(p=0.1, inplace=False)
          (dropout2): Dropout(p=0.1, inplace=False)
        )
      )
    )
  )
  (temporal_aggregator): TemporalGruAggregator(
    (gru): GRU(256, 256, num_layers=3, batch_first=True)
  )
  (classifier): Sequential(
    (0): Linear(in_features=256, out_features=512, bias=True)
    (1): Dropout(p=0.3, inplace=False)
    (2): Linear(in_features=512, out_features=49, bias=True)
  )
)
Trainable parameters: 2844054
2021-11-17 04:52:39,526 - trainer - INFO -     epoch          : 1
2021-11-17 04:52:39,883 - trainer - INFO -     loss           : 2.511891725620666
2021-11-17 04:52:39,884 - trainer - INFO -     NDCG           : 0.5691930651664734
2021-11-17 04:52:39,884 - trainer - INFO -     NDCG16         : 0.6333906650543213
2021-11-17 04:52:39,884 - trainer - INFO -     val_loss       : 2.2570801524372843
2021-11-17 04:52:39,884 - trainer - INFO -     val_NDCG       : 0.6549544930458069
2021-11-17 04:52:39,885 - trainer - INFO -     val_NDCG16     : 0.7087305784225464
2021-11-17 04:52:51,860 - trainer - INFO - Improved! Saving current best: model_best.pth ...
2021-11-17 05:07:30,583 - trainer - INFO -     epoch          : 2
2021-11-17 05:07:30,741 - trainer - INFO -     loss           : 2.2244406072350293
2021-11-17 05:07:30,741 - trainer - INFO -     NDCG           : 0.661278486251831
2021-11-17 05:07:30,741 - trainer - INFO -     NDCG16         : 0.714486300945282
2021-11-17 05:07:30,742 - trainer - INFO -     val_loss       : 2.182754872371624
2021-11-17 05:07:30,742 - trainer - INFO -     val_NDCG       : 0.671751081943512
2021-11-17 05:07:30,742 - trainer - INFO -     val_NDCG16     : 0.7232488989830017
2021-11-17 05:07:54,088 - trainer - INFO - Improved! Saving current best: model_best.pth ...
2021-11-17 05:22:25,267 - trainer - INFO -     epoch          : 3
2021-11-17 05:22:25,617 - trainer - INFO -     loss           : 2.1825840273460786
2021-11-17 05:22:25,617 - trainer - INFO -     NDCG           : 0.6699617505073547
2021-11-17 05:22:25,618 - trainer - INFO -     NDCG16         : 0.7227401733398438
2021-11-17 05:22:25,618 - trainer - INFO -     val_loss       : 2.155280568692591
2021-11-17 05:22:25,618 - trainer - INFO -     val_NDCG       : 0.6785224080085754
2021-11-17 05:22:25,618 - trainer - INFO -     val_NDCG16     : 0.7299355864524841
2021-11-17 05:22:45,851 - trainer - INFO - Improved! Saving current best: model_best.pth ...
2021-11-17 05:37:17,815 - trainer - INFO -     epoch          : 4
2021-11-17 05:37:17,983 - trainer - INFO -     loss           : 2.162700546329672
2021-11-17 05:37:17,984 - trainer - INFO -     NDCG           : 0.6736758351325989
2021-11-17 05:37:17,984 - trainer - INFO -     NDCG16         : 0.7258543968200684
2021-11-17 05:37:17,984 - trainer - INFO -     val_loss       : 2.1520512955529347
2021-11-17 05:37:17,984 - trainer - INFO -     val_NDCG       : 0.6776304244995117
2021-11-17 05:37:17,984 - trainer - INFO -     val_NDCG16     : 0.7303928136825562
2021-11-17 05:37:28,185 - trainer - INFO - Improved! Saving current best: model_best.pth ...
2021-11-17 05:51:57,168 - trainer - INFO -     epoch          : 5
2021-11-17 05:51:57,350 - trainer - INFO -     loss           : 2.1492785045852907
2021-11-17 05:51:57,351 - trainer - INFO -     NDCG           : 0.6760035157203674
2021-11-17 05:51:57,351 - trainer - INFO -     NDCG16         : 0.7281295657157898
2021-11-17 05:51:57,351 - trainer - INFO -     val_loss       : 2.1493710895637412
2021-11-17 05:51:57,351 - trainer - INFO -     val_NDCG       : 0.6761816740036011
2021-11-17 05:51:57,351 - trainer - INFO -     val_NDCG16     : 0.7293536067008972
2021-11-17 05:52:19,295 - trainer - INFO - Improved! Saving current best: model_best.pth ...
2021-11-17 06:06:59,725 - trainer - INFO -     epoch          : 6
2021-11-17 06:06:59,935 - trainer - INFO -     loss           : 2.1383055153605226
2021-11-17 06:06:59,935 - trainer - INFO -     NDCG           : 0.6779155135154724
2021-11-17 06:06:59,936 - trainer - INFO -     NDCG16         : 0.729615330696106
2021-11-17 06:06:59,936 - trainer - INFO -     val_loss       : 2.1367818581593503
2021-11-17 06:06:59,936 - trainer - INFO -     val_NDCG       : 0.680824339389801
2021-11-17 06:06:59,936 - trainer - INFO -     val_NDCG16     : 0.7324174046516418
2021-11-17 06:07:17,849 - trainer - INFO - Improved! Saving current best: model_best.pth ...
2021-11-17 06:21:55,627 - trainer - INFO -     epoch          : 7
2021-11-17 06:21:55,755 - trainer - INFO -     loss           : 2.1288153370479486
2021-11-17 06:21:55,756 - trainer - INFO -     NDCG           : 0.6802501082420349
2021-11-17 06:21:55,756 - trainer - INFO -     NDCG16         : 0.7313957810401917
2021-11-17 06:21:55,756 - trainer - INFO -     val_loss       : 2.1357180084500995
2021-11-17 06:21:55,756 - trainer - INFO -     val_NDCG       : 0.6803730726242065
2021-11-17 06:21:55,757 - trainer - INFO -     val_NDCG16     : 0.730931282043457
2021-11-17 06:22:15,068 - trainer - INFO - Improved! Saving current best: model_best.pth ...
2021-11-17 06:36:42,481 - trainer - INFO -     epoch          : 8
2021-11-17 06:36:42,862 - trainer - INFO -     loss           : 2.119459351316675
2021-11-17 06:36:42,862 - trainer - INFO -     NDCG           : 0.6820356845855713
2021-11-17 06:36:42,862 - trainer - INFO -     NDCG16         : 0.7327454090118408
2021-11-17 06:36:42,862 - trainer - INFO -     val_loss       : 2.1351910572547417
2021-11-17 06:36:42,863 - trainer - INFO -     val_NDCG       : 0.6800425052642822
2021-11-17 06:36:42,863 - trainer - INFO -     val_NDCG16     : 0.730955958366394
2021-11-17 06:36:58,072 - trainer - INFO - Improved! Saving current best: model_best.pth ...
2021-11-17 06:51:26,708 - trainer - INFO -     epoch          : 9
2021-11-17 06:51:26,963 - trainer - INFO -     loss           : 2.1099122289713326
2021-11-17 06:51:27,144 - trainer - INFO -     NDCG           : 0.6841956973075867
2021-11-17 06:51:27,144 - trainer - INFO -     NDCG16         : 0.7341230511665344
2021-11-17 06:51:27,145 - trainer - INFO -     val_loss       : 2.133399046860732
2021-11-17 06:51:27,145 - trainer - INFO -     val_NDCG       : 0.6811794638633728
2021-11-17 06:51:27,145 - trainer - INFO -     val_NDCG16     : 0.7327318787574768
2021-11-17 06:51:42,436 - trainer - INFO - Improved! Saving current best: model_best.pth ...
2021-11-17 07:06:12,195 - trainer - INFO -     epoch          : 10
2021-11-17 07:06:12,404 - trainer - INFO -     loss           : 2.1011049077882396
2021-11-17 07:06:12,405 - trainer - INFO -     NDCG           : 0.6858468651771545
2021-11-17 07:06:12,405 - trainer - INFO -     NDCG16         : 0.7355207204818726
2021-11-17 07:06:12,405 - trainer - INFO -     val_loss       : 2.1412026597307876
2021-11-17 07:06:12,405 - trainer - INFO -     val_NDCG       : 0.6773840188980103
2021-11-17 07:06:12,405 - trainer - INFO -     val_NDCG16     : 0.730276346206665
2021-11-17 07:06:12,406 - trainer - INFO - Performance is lower than epoch: 9
