2021-12-13 03:20:19,958 - train - INFO - MultiIndexModel2(
  (embedder): FixedEmbedder(
    (embeddings): ModuleList(
      (0): Embedding(49, 32)
      (1): Embedding(4, 32)
      (2): Embedding(7, 32)
      (3): Embedding(30, 32)
      (4): Embedding(3, 32)
      (5): Embedding(12, 32)
      (6): Embedding(35, 32)
      (7): Embedding(3, 32)
      (8): Embedding(10, 32)
      (9): Embedding(2, 32)
    )
    (nns): ModuleList(
      (0): Linear(in_features=1, out_features=32, bias=True)
      (1): Linear(in_features=1, out_features=32, bias=True)
      (2): Linear(in_features=1, out_features=32, bias=True)
      (3): Linear(in_features=1, out_features=32, bias=True)
      (4): Linear(in_features=1, out_features=32, bias=True)
      (5): Linear(in_features=1, out_features=32, bias=True)
      (6): Linear(in_features=1, out_features=32, bias=True)
      (7): Linear(in_features=1, out_features=32, bias=True)
      (8): Linear(in_features=1, out_features=32, bias=True)
      (9): Linear(in_features=1, out_features=32, bias=True)
      (10): Linear(in_features=1, out_features=32, bias=True)
      (11): Linear(in_features=1, out_features=32, bias=True)
      (12): Linear(in_features=1, out_features=32, bias=True)
      (13): Linear(in_features=1, out_features=32, bias=True)
      (14): Linear(in_features=1, out_features=32, bias=True)
      (15): Linear(in_features=1, out_features=32, bias=True)
      (16): Linear(in_features=1, out_features=32, bias=True)
      (17): Linear(in_features=1, out_features=32, bias=True)
      (18): Linear(in_features=1, out_features=32, bias=True)
      (19): Linear(in_features=1, out_features=32, bias=True)
      (20): Linear(in_features=1, out_features=32, bias=True)
      (21): Linear(in_features=1, out_features=32, bias=True)
      (22): Linear(in_features=1, out_features=32, bias=True)
      (23): Linear(in_features=1, out_features=32, bias=True)
      (24): Linear(in_features=1, out_features=32, bias=True)
      (25): Linear(in_features=1, out_features=32, bias=True)
      (26): Linear(in_features=1, out_features=32, bias=True)
      (27): Linear(in_features=1, out_features=32, bias=True)
      (28): Linear(in_features=1, out_features=32, bias=True)
      (29): Linear(in_features=1, out_features=32, bias=True)
      (30): Linear(in_features=1, out_features=32, bias=True)
      (31): Linear(in_features=1, out_features=32, bias=True)
      (32): Linear(in_features=1, out_features=32, bias=True)
      (33): Linear(in_features=1, out_features=32, bias=True)
      (34): Linear(in_features=1, out_features=32, bias=True)
      (35): Linear(in_features=1, out_features=32, bias=True)
      (36): Linear(in_features=1, out_features=32, bias=True)
      (37): Linear(in_features=1, out_features=32, bias=True)
      (38): Linear(in_features=1, out_features=32, bias=True)
      (39): Linear(in_features=1, out_features=32, bias=True)
      (40): Linear(in_features=1, out_features=32, bias=True)
      (41): Linear(in_features=1, out_features=32, bias=True)
    )
  )
  (row_encoder): Sequential(
    (0): Linear(in_features=1664, out_features=1536, bias=True)
    (1): LeakyReLU(negative_slope=0.01)
    (2): Dropout(p=0.5, inplace=False)
    (3): Linear(in_features=1536, out_features=1024, bias=True)
    (4): LeakyReLU(negative_slope=0.01)
    (5): Dropout(p=0.3333333333333333, inplace=False)
    (6): Linear(in_features=1024, out_features=512, bias=True)
    (7): LeakyReLU(negative_slope=0.01)
    (8): Dropout(p=0.25, inplace=False)
    (9): Linear(in_features=512, out_features=256, bias=True)
    (10): LeakyReLU(negative_slope=0.01)
  )
  (rows_aggregator): Sequential(
    (0): Linear(in_features=12544, out_features=1536, bias=True)
    (1): LeakyReLU(negative_slope=0.01)
    (2): Dropout(p=0.5, inplace=False)
    (3): Linear(in_features=1536, out_features=1024, bias=True)
    (4): LeakyReLU(negative_slope=0.01)
    (5): Dropout(p=0.3333333333333333, inplace=False)
    (6): Linear(in_features=1024, out_features=512, bias=True)
    (7): LeakyReLU(negative_slope=0.01)
    (8): Dropout(p=0.25, inplace=False)
    (9): Linear(in_features=512, out_features=256, bias=True)
    (10): LeakyReLU(negative_slope=0.01)
  )
  (temporal_aggregator): Seq2SeqGruAggregator(
    (gru): GRU(256, 512, num_layers=3, batch_first=True, dropout=0.3)
  )
  (classifier): Sequential(
    (0): Linear(in_features=512, out_features=49, bias=True)
  )
)
Trainable parameters: 30653969
2021-12-13 03:21:11,543 - trainer - INFO - Loading checkpoint: ../save_dir/mm_hidden256_deeper_leakyrelu/model_best.pth ...
2021-12-13 03:23:10,822 - trainer - INFO - Checkpoint loaded. Resume training from epoch 31
2021-12-13 03:32:09,748 - trainer - INFO -     epoch          : 31
2021-12-13 03:32:09,966 - trainer - INFO -     loss           : 1.719666711428344
2021-12-13 03:32:09,966 - trainer - INFO -     seq2seq_NDCG   : 0.666011393070221
2021-12-13 03:32:09,966 - trainer - INFO -     seq2seq_NDCG16 : 0.7257611751556396
2021-12-13 03:32:09,966 - trainer - INFO -     val_loss       : 1.7195326526656405
2021-12-13 03:32:09,967 - trainer - INFO -     val_seq2seq_NDCG: 0.6640786528587341
2021-12-13 03:32:09,967 - trainer - INFO -     val_seq2seq_NDCG16: 0.7266414165496826
2021-12-13 03:32:11,198 - trainer - INFO - Improved! Saving current best: model_best.pth ...
2021-12-13 03:41:06,919 - trainer - INFO -     epoch          : 32
2021-12-13 03:41:07,132 - trainer - INFO -     loss           : 1.7176478343824508
2021-12-13 03:41:07,133 - trainer - INFO -     seq2seq_NDCG   : 0.663203775882721
2021-12-13 03:41:07,133 - trainer - INFO -     seq2seq_NDCG16 : 0.7264909744262695
2021-12-13 03:41:07,133 - trainer - INFO -     val_loss       : 1.7190175192956707
2021-12-13 03:41:07,133 - trainer - INFO -     val_seq2seq_NDCG: 0.6627867221832275
2021-12-13 03:41:07,133 - trainer - INFO -     val_seq2seq_NDCG16: 0.7265934944152832
2021-12-13 03:41:51,223 - trainer - INFO - Improved! Saving current best: model_best.pth ...
2021-12-13 03:50:51,695 - trainer - INFO -     epoch          : 33
2021-12-13 03:50:51,742 - trainer - INFO -     loss           : 1.716296378115546
2021-12-13 03:50:51,742 - trainer - INFO -     seq2seq_NDCG   : 0.6620805859565735
2021-12-13 03:50:51,743 - trainer - INFO -     seq2seq_NDCG16 : 0.726847231388092
2021-12-13 03:50:51,743 - trainer - INFO -     val_loss       : 1.7187185551374013
2021-12-13 03:50:51,743 - trainer - INFO -     val_seq2seq_NDCG: 0.6622192859649658
2021-12-13 03:50:51,743 - trainer - INFO -     val_seq2seq_NDCG16: 0.726881742477417
2021-12-13 03:51:26,782 - trainer - INFO - Improved! Saving current best: model_best.pth ...
2021-12-13 04:00:26,816 - trainer - INFO -     epoch          : 34
2021-12-13 04:00:26,903 - trainer - INFO -     loss           : 1.715061668013428
2021-12-13 04:00:26,903 - trainer - INFO -     seq2seq_NDCG   : 0.6608811616897583
2021-12-13 04:00:26,903 - trainer - INFO -     seq2seq_NDCG16 : 0.7271769642829895
2021-12-13 04:00:26,904 - trainer - INFO -     val_loss       : 1.7183872270220109
2021-12-13 04:00:26,904 - trainer - INFO -     val_seq2seq_NDCG: 0.6613809466362
2021-12-13 04:00:26,904 - trainer - INFO -     val_seq2seq_NDCG16: 0.7274355292320251
2021-12-13 04:01:03,139 - trainer - INFO - Improved! Saving current best: model_best.pth ...
2021-12-13 04:10:00,868 - trainer - INFO -     epoch          : 35
2021-12-13 04:10:00,970 - trainer - INFO -     loss           : 1.714022559533879
2021-12-13 04:10:00,970 - trainer - INFO -     seq2seq_NDCG   : 0.660260796546936
2021-12-13 04:10:00,971 - trainer - INFO -     seq2seq_NDCG16 : 0.7275720834732056
2021-12-13 04:10:00,971 - trainer - INFO -     val_loss       : 1.7178847389366791
2021-12-13 04:10:00,971 - trainer - INFO -     val_seq2seq_NDCG: 0.6600020527839661
2021-12-13 04:10:00,971 - trainer - INFO -     val_seq2seq_NDCG16: 0.7271690964698792
2021-12-13 04:10:37,727 - trainer - INFO - Improved! Saving current best: model_best.pth ...
2021-12-13 04:19:35,688 - trainer - INFO -     epoch          : 36
2021-12-13 04:19:35,731 - trainer - INFO -     loss           : 1.712964780042359
2021-12-13 04:19:35,732 - trainer - INFO -     seq2seq_NDCG   : 0.6594244241714478
2021-12-13 04:19:35,732 - trainer - INFO -     seq2seq_NDCG16 : 0.7278757095336914
2021-12-13 04:19:35,732 - trainer - INFO -     val_loss       : 1.7178063884036232
2021-12-13 04:19:35,732 - trainer - INFO -     val_seq2seq_NDCG: 0.6592268943786621
2021-12-13 04:19:35,732 - trainer - INFO -     val_seq2seq_NDCG16: 0.7273909449577332
2021-12-13 04:20:12,232 - trainer - INFO - Improved! Saving current best: model_best.pth ...
2021-12-13 04:29:10,154 - trainer - INFO -     epoch          : 37
2021-12-13 04:29:10,422 - trainer - INFO -     loss           : 1.7119945900911562
2021-12-13 04:29:10,423 - trainer - INFO -     seq2seq_NDCG   : 0.6589767336845398
2021-12-13 04:29:10,423 - trainer - INFO -     seq2seq_NDCG16 : 0.7281593680381775
2021-12-13 04:29:10,423 - trainer - INFO -     val_loss       : 1.719112220611281
2021-12-13 04:29:10,423 - trainer - INFO -     val_seq2seq_NDCG: 0.6595374345779419
2021-12-13 04:29:10,423 - trainer - INFO -     val_seq2seq_NDCG16: 0.7268967628479004
2021-12-13 04:29:10,425 - trainer - INFO - Performance is lower than epoch: 36
2021-12-13 04:38:08,383 - trainer - INFO -     epoch          : 38
2021-12-13 04:38:08,532 - trainer - INFO -     loss           : 1.7110005914592925
2021-12-13 04:38:08,532 - trainer - INFO -     seq2seq_NDCG   : 0.658617377281189
2021-12-13 04:38:08,532 - trainer - INFO -     seq2seq_NDCG16 : 0.7284632921218872
2021-12-13 04:38:08,532 - trainer - INFO -     val_loss       : 1.7191246156474107
2021-12-13 04:38:08,532 - trainer - INFO -     val_seq2seq_NDCG: 0.6577485799789429
2021-12-13 04:38:08,532 - trainer - INFO -     val_seq2seq_NDCG16: 0.7268639206886292
2021-12-13 04:38:08,534 - trainer - INFO - Performance is lower than epoch: 36
2021-12-13 04:47:06,867 - trainer - INFO -     epoch          : 39
2021-12-13 04:47:06,993 - trainer - INFO -     loss           : 1.709908024363234
2021-12-13 04:47:06,993 - trainer - INFO -     seq2seq_NDCG   : 0.6580030918121338
2021-12-13 04:47:06,993 - trainer - INFO -     seq2seq_NDCG16 : 0.728783905506134
2021-12-13 04:47:06,993 - trainer - INFO -     val_loss       : 1.7195491171975172
2021-12-13 04:47:06,993 - trainer - INFO -     val_seq2seq_NDCG: 0.6579848527908325
2021-12-13 04:47:06,994 - trainer - INFO -     val_seq2seq_NDCG16: 0.7269333600997925
2021-12-13 04:47:06,995 - trainer - INFO - Performance is lower than epoch: 36
2021-12-13 04:56:10,036 - trainer - INFO -     epoch          : 40
2021-12-13 04:56:10,082 - trainer - INFO -     loss           : 1.7089576478654271
2021-12-13 04:56:10,082 - trainer - INFO -     seq2seq_NDCG   : 0.6575500965118408
2021-12-13 04:56:10,082 - trainer - INFO -     seq2seq_NDCG16 : 0.7290592193603516
2021-12-13 04:56:10,082 - trainer - INFO -     val_loss       : 1.7191707287125915
2021-12-13 04:56:10,083 - trainer - INFO -     val_seq2seq_NDCG: 0.6574298143386841
2021-12-13 04:56:10,083 - trainer - INFO -     val_seq2seq_NDCG16: 0.7270457148551941
2021-12-13 04:56:10,084 - trainer - INFO - Performance is lower than epoch: 36
2021-12-13 05:05:00,340 - trainer - INFO -     epoch          : 41
2021-12-13 05:05:00,452 - trainer - INFO -     loss           : 1.7083459978140247
2021-12-13 05:05:00,452 - trainer - INFO -     seq2seq_NDCG   : 0.6569611430168152
2021-12-13 05:05:00,453 - trainer - INFO -     seq2seq_NDCG16 : 0.7291455268859863
2021-12-13 05:05:00,453 - trainer - INFO -     val_loss       : 1.718681332719235
2021-12-13 05:05:00,453 - trainer - INFO -     val_seq2seq_NDCG: 0.6577144861221313
2021-12-13 05:05:00,453 - trainer - INFO -     val_seq2seq_NDCG16: 0.7272802591323853
2021-12-13 05:05:00,453 - trainer - INFO - Validation performance didn't improve for 4 epochs. Training stops.
2021-12-13 06:00:44,956 - train - INFO - MultiIndexModel2(
  (embedder): FixedEmbedder(
    (embeddings): ModuleList(
      (0): Embedding(49, 32)
      (1): Embedding(4, 32)
      (2): Embedding(7, 32)
      (3): Embedding(30, 32)
      (4): Embedding(3, 32)
      (5): Embedding(12, 32)
      (6): Embedding(35, 32)
      (7): Embedding(3, 32)
      (8): Embedding(10, 32)
      (9): Embedding(2, 32)
    )
    (nns): ModuleList(
      (0): Linear(in_features=1, out_features=32, bias=True)
      (1): Linear(in_features=1, out_features=32, bias=True)
      (2): Linear(in_features=1, out_features=32, bias=True)
      (3): Linear(in_features=1, out_features=32, bias=True)
      (4): Linear(in_features=1, out_features=32, bias=True)
      (5): Linear(in_features=1, out_features=32, bias=True)
      (6): Linear(in_features=1, out_features=32, bias=True)
      (7): Linear(in_features=1, out_features=32, bias=True)
      (8): Linear(in_features=1, out_features=32, bias=True)
      (9): Linear(in_features=1, out_features=32, bias=True)
      (10): Linear(in_features=1, out_features=32, bias=True)
      (11): Linear(in_features=1, out_features=32, bias=True)
      (12): Linear(in_features=1, out_features=32, bias=True)
      (13): Linear(in_features=1, out_features=32, bias=True)
      (14): Linear(in_features=1, out_features=32, bias=True)
      (15): Linear(in_features=1, out_features=32, bias=True)
      (16): Linear(in_features=1, out_features=32, bias=True)
      (17): Linear(in_features=1, out_features=32, bias=True)
      (18): Linear(in_features=1, out_features=32, bias=True)
      (19): Linear(in_features=1, out_features=32, bias=True)
      (20): Linear(in_features=1, out_features=32, bias=True)
      (21): Linear(in_features=1, out_features=32, bias=True)
      (22): Linear(in_features=1, out_features=32, bias=True)
      (23): Linear(in_features=1, out_features=32, bias=True)
      (24): Linear(in_features=1, out_features=32, bias=True)
      (25): Linear(in_features=1, out_features=32, bias=True)
      (26): Linear(in_features=1, out_features=32, bias=True)
      (27): Linear(in_features=1, out_features=32, bias=True)
      (28): Linear(in_features=1, out_features=32, bias=True)
      (29): Linear(in_features=1, out_features=32, bias=True)
      (30): Linear(in_features=1, out_features=32, bias=True)
      (31): Linear(in_features=1, out_features=32, bias=True)
      (32): Linear(in_features=1, out_features=32, bias=True)
      (33): Linear(in_features=1, out_features=32, bias=True)
      (34): Linear(in_features=1, out_features=32, bias=True)
      (35): Linear(in_features=1, out_features=32, bias=True)
      (36): Linear(in_features=1, out_features=32, bias=True)
      (37): Linear(in_features=1, out_features=32, bias=True)
      (38): Linear(in_features=1, out_features=32, bias=True)
      (39): Linear(in_features=1, out_features=32, bias=True)
      (40): Linear(in_features=1, out_features=32, bias=True)
      (41): Linear(in_features=1, out_features=32, bias=True)
    )
  )
  (row_encoder): Sequential(
    (0): Linear(in_features=1664, out_features=1536, bias=True)
    (1): LeakyReLU(negative_slope=0.01)
    (2): Dropout(p=0.6, inplace=False)
    (3): Linear(in_features=1536, out_features=1024, bias=True)
    (4): LeakyReLU(negative_slope=0.01)
    (5): Dropout(p=0.39999999999999997, inplace=False)
    (6): Linear(in_features=1024, out_features=512, bias=True)
    (7): LeakyReLU(negative_slope=0.01)
    (8): Dropout(p=0.3, inplace=False)
    (9): Linear(in_features=512, out_features=256, bias=True)
    (10): LeakyReLU(negative_slope=0.01)
  )
  (rows_aggregator): Sequential(
    (0): Linear(in_features=12544, out_features=1536, bias=True)
    (1): LeakyReLU(negative_slope=0.01)
    (2): Dropout(p=0.6, inplace=False)
    (3): Linear(in_features=1536, out_features=1024, bias=True)
    (4): LeakyReLU(negative_slope=0.01)
    (5): Dropout(p=0.39999999999999997, inplace=False)
    (6): Linear(in_features=1024, out_features=512, bias=True)
    (7): LeakyReLU(negative_slope=0.01)
    (8): Dropout(p=0.3, inplace=False)
    (9): Linear(in_features=512, out_features=256, bias=True)
    (10): LeakyReLU(negative_slope=0.01)
  )
  (temporal_aggregator): Seq2SeqGruAggregator(
    (gru): GRU(256, 512, num_layers=3, batch_first=True, dropout=0.4)
  )
  (classifier): Sequential(
    (0): Linear(in_features=512, out_features=49, bias=True)
  )
)
Trainable parameters: 30653969
2021-12-13 06:01:38,909 - trainer - INFO - Loading checkpoint: ../save_dir/mm_hidden256_deeper_leakyrelu/model_best.pth ...
2021-12-13 06:02:20,849 - train - INFO - MultiIndexModel2(
  (embedder): FixedEmbedder(
    (embeddings): ModuleList(
      (0): Embedding(49, 32)
      (1): Embedding(4, 32)
      (2): Embedding(7, 32)
      (3): Embedding(30, 32)
      (4): Embedding(3, 32)
      (5): Embedding(12, 32)
      (6): Embedding(35, 32)
      (7): Embedding(3, 32)
      (8): Embedding(10, 32)
      (9): Embedding(2, 32)
    )
    (nns): ModuleList(
      (0): Linear(in_features=1, out_features=32, bias=True)
      (1): Linear(in_features=1, out_features=32, bias=True)
      (2): Linear(in_features=1, out_features=32, bias=True)
      (3): Linear(in_features=1, out_features=32, bias=True)
      (4): Linear(in_features=1, out_features=32, bias=True)
      (5): Linear(in_features=1, out_features=32, bias=True)
      (6): Linear(in_features=1, out_features=32, bias=True)
      (7): Linear(in_features=1, out_features=32, bias=True)
      (8): Linear(in_features=1, out_features=32, bias=True)
      (9): Linear(in_features=1, out_features=32, bias=True)
      (10): Linear(in_features=1, out_features=32, bias=True)
      (11): Linear(in_features=1, out_features=32, bias=True)
      (12): Linear(in_features=1, out_features=32, bias=True)
      (13): Linear(in_features=1, out_features=32, bias=True)
      (14): Linear(in_features=1, out_features=32, bias=True)
      (15): Linear(in_features=1, out_features=32, bias=True)
      (16): Linear(in_features=1, out_features=32, bias=True)
      (17): Linear(in_features=1, out_features=32, bias=True)
      (18): Linear(in_features=1, out_features=32, bias=True)
      (19): Linear(in_features=1, out_features=32, bias=True)
      (20): Linear(in_features=1, out_features=32, bias=True)
      (21): Linear(in_features=1, out_features=32, bias=True)
      (22): Linear(in_features=1, out_features=32, bias=True)
      (23): Linear(in_features=1, out_features=32, bias=True)
      (24): Linear(in_features=1, out_features=32, bias=True)
      (25): Linear(in_features=1, out_features=32, bias=True)
      (26): Linear(in_features=1, out_features=32, bias=True)
      (27): Linear(in_features=1, out_features=32, bias=True)
      (28): Linear(in_features=1, out_features=32, bias=True)
      (29): Linear(in_features=1, out_features=32, bias=True)
      (30): Linear(in_features=1, out_features=32, bias=True)
      (31): Linear(in_features=1, out_features=32, bias=True)
      (32): Linear(in_features=1, out_features=32, bias=True)
      (33): Linear(in_features=1, out_features=32, bias=True)
      (34): Linear(in_features=1, out_features=32, bias=True)
      (35): Linear(in_features=1, out_features=32, bias=True)
      (36): Linear(in_features=1, out_features=32, bias=True)
      (37): Linear(in_features=1, out_features=32, bias=True)
      (38): Linear(in_features=1, out_features=32, bias=True)
      (39): Linear(in_features=1, out_features=32, bias=True)
      (40): Linear(in_features=1, out_features=32, bias=True)
      (41): Linear(in_features=1, out_features=32, bias=True)
    )
  )
  (row_encoder): Sequential(
    (0): Linear(in_features=1664, out_features=1536, bias=True)
    (1): LeakyReLU(negative_slope=0.01)
    (2): Dropout(p=0.6, inplace=False)
    (3): Linear(in_features=1536, out_features=1024, bias=True)
    (4): LeakyReLU(negative_slope=0.01)
    (5): Dropout(p=0.39999999999999997, inplace=False)
    (6): Linear(in_features=1024, out_features=512, bias=True)
    (7): LeakyReLU(negative_slope=0.01)
    (8): Dropout(p=0.3, inplace=False)
    (9): Linear(in_features=512, out_features=256, bias=True)
    (10): LeakyReLU(negative_slope=0.01)
  )
  (rows_aggregator): Sequential(
    (0): Linear(in_features=12544, out_features=1536, bias=True)
    (1): LeakyReLU(negative_slope=0.01)
    (2): Dropout(p=0.6, inplace=False)
    (3): Linear(in_features=1536, out_features=1024, bias=True)
    (4): LeakyReLU(negative_slope=0.01)
    (5): Dropout(p=0.39999999999999997, inplace=False)
    (6): Linear(in_features=1024, out_features=512, bias=True)
    (7): LeakyReLU(negative_slope=0.01)
    (8): Dropout(p=0.3, inplace=False)
    (9): Linear(in_features=512, out_features=256, bias=True)
    (10): LeakyReLU(negative_slope=0.01)
  )
  (temporal_aggregator): Seq2SeqGruAggregator(
    (gru): GRU(256, 512, num_layers=3, batch_first=True, dropout=0.4)
  )
  (classifier): Sequential(
    (0): Linear(in_features=512, out_features=49, bias=True)
  )
)
Trainable parameters: 30653969
2021-12-13 06:03:18,122 - trainer - INFO - Loading checkpoint: ../save_dir/mm_hidden256_deeper_leakyrelu/model_best.pth ...
2021-12-13 06:05:21,194 - trainer - WARNING - Warning: Architecture configuration given in config file is different from that of checkpoint. This may yield an exception while state_dict is being loaded.
2021-12-13 06:05:21,516 - trainer - INFO - Checkpoint loaded. Resume training from epoch 31
2021-12-13 06:14:35,458 - trainer - INFO -     epoch          : 31
2021-12-13 06:14:37,132 - trainer - INFO -     loss           : 1.7241540842916594
2021-12-13 06:14:37,132 - trainer - INFO -     seq2seq_NDCG   : 0.6602489948272705
2021-12-13 06:14:37,132 - trainer - INFO -     seq2seq_NDCG16 : 0.7242357134819031
2021-12-13 06:14:37,132 - trainer - INFO -     val_loss       : 1.7202584206602956
2021-12-13 06:14:37,132 - trainer - INFO -     val_seq2seq_NDCG: 0.6595504879951477
2021-12-13 06:14:37,133 - trainer - INFO -     val_seq2seq_NDCG16: 0.7263261675834656
2021-12-13 06:15:21,602 - trainer - INFO - Improved! Saving current best: model_best.pth ...
2021-12-13 06:25:04,194 - trainer - INFO -     epoch          : 32
2021-12-13 06:25:04,423 - trainer - INFO -     loss           : 1.7221283388686959
2021-12-13 06:25:04,423 - trainer - INFO -     seq2seq_NDCG   : 0.6563409566879272
2021-12-13 06:25:04,424 - trainer - INFO -     seq2seq_NDCG16 : 0.7250339388847351
2021-12-13 06:25:04,425 - trainer - INFO -     val_loss       : 1.7195535516010896
2021-12-13 06:25:04,425 - trainer - INFO -     val_seq2seq_NDCG: 0.658270001411438
2021-12-13 06:25:04,425 - trainer - INFO -     val_seq2seq_NDCG16: 0.7263647317886353
2021-12-13 06:25:41,146 - trainer - INFO - Improved! Saving current best: model_best.pth ...
2021-12-13 06:38:31,859 - trainer - INFO -     epoch          : 33
2021-12-13 06:38:32,099 - trainer - INFO -     loss           : 1.7208432160503804
2021-12-13 06:38:32,099 - trainer - INFO -     seq2seq_NDCG   : 0.6551462411880493
2021-12-13 06:38:32,099 - trainer - INFO -     seq2seq_NDCG16 : 0.7254348397254944
2021-12-13 06:38:32,099 - trainer - INFO -     val_loss       : 1.7192588562273796
2021-12-13 06:38:32,099 - trainer - INFO -     val_seq2seq_NDCG: 0.6573662757873535
2021-12-13 06:38:32,099 - trainer - INFO -     val_seq2seq_NDCG16: 0.7267376780509949
2021-12-13 06:39:13,811 - trainer - INFO - Improved! Saving current best: model_best.pth ...
2021-12-13 06:51:33,659 - trainer - INFO -     epoch          : 34
2021-12-13 06:51:33,970 - trainer - INFO -     loss           : 1.7198194505614648
2021-12-13 06:51:33,971 - trainer - INFO -     seq2seq_NDCG   : 0.6536107659339905
2021-12-13 06:51:33,971 - trainer - INFO -     seq2seq_NDCG16 : 0.7257226705551147
2021-12-13 06:51:33,971 - trainer - INFO -     val_loss       : 1.7187754944080615
2021-12-13 06:51:33,971 - trainer - INFO -     val_seq2seq_NDCG: 0.656745433807373
2021-12-13 06:51:33,971 - trainer - INFO -     val_seq2seq_NDCG16: 0.7272536754608154
2021-12-13 06:52:20,869 - trainer - INFO - Improved! Saving current best: model_best.pth ...
2021-12-13 07:04:17,656 - trainer - INFO -     epoch          : 35
2021-12-13 07:04:18,211 - trainer - INFO -     loss           : 1.7190112825089818
2021-12-13 07:04:18,211 - trainer - INFO -     seq2seq_NDCG   : 0.6528412699699402
2021-12-13 07:04:18,212 - trainer - INFO -     seq2seq_NDCG16 : 0.7259987592697144
2021-12-13 07:04:18,212 - trainer - INFO -     val_loss       : 1.7181866633073064
2021-12-13 07:04:18,212 - trainer - INFO -     val_seq2seq_NDCG: 0.6545397639274597
2021-12-13 07:04:18,212 - trainer - INFO -     val_seq2seq_NDCG16: 0.7270084619522095
2021-12-13 07:04:58,761 - trainer - INFO - Improved! Saving current best: model_best.pth ...
2021-12-13 07:16:38,927 - trainer - INFO -     epoch          : 36
2021-12-13 07:16:39,171 - trainer - INFO -     loss           : 1.718232311808903
2021-12-13 07:16:39,171 - trainer - INFO -     seq2seq_NDCG   : 0.6519145369529724
2021-12-13 07:16:39,171 - trainer - INFO -     seq2seq_NDCG16 : 0.7262418866157532
2021-12-13 07:16:39,171 - trainer - INFO -     val_loss       : 1.7179720401763916
2021-12-13 07:16:39,171 - trainer - INFO -     val_seq2seq_NDCG: 0.6551494598388672
2021-12-13 07:16:39,171 - trainer - INFO -     val_seq2seq_NDCG16: 0.7273107767105103
2021-12-13 07:17:20,310 - trainer - INFO - Improved! Saving current best: model_best.pth ...
2021-12-13 07:29:08,977 - trainer - INFO -     epoch          : 37
2021-12-13 07:29:09,225 - trainer - INFO -     loss           : 1.7174887659453613
2021-12-13 07:29:09,226 - trainer - INFO -     seq2seq_NDCG   : 0.6515651941299438
2021-12-13 07:29:09,226 - trainer - INFO -     seq2seq_NDCG16 : 0.7264381647109985
2021-12-13 07:29:09,226 - trainer - INFO -     val_loss       : 1.7188903730334217
2021-12-13 07:29:09,226 - trainer - INFO -     val_seq2seq_NDCG: 0.6548330187797546
2021-12-13 07:29:09,226 - trainer - INFO -     val_seq2seq_NDCG16: 0.7269138693809509
2021-12-13 07:29:09,228 - trainer - INFO - Performance is lower than epoch: 36
2021-12-13 07:40:53,689 - trainer - INFO -     epoch          : 38
2021-12-13 07:40:53,956 - trainer - INFO -     loss           : 1.7167891591158115
2021-12-13 07:40:53,957 - trainer - INFO -     seq2seq_NDCG   : 0.6510030627250671
2021-12-13 07:40:53,957 - trainer - INFO -     seq2seq_NDCG16 : 0.726647675037384
2021-12-13 07:40:53,957 - trainer - INFO -     val_loss       : 1.7191445245087602
2021-12-13 07:40:53,957 - trainer - INFO -     val_seq2seq_NDCG: 0.6531062722206116
2021-12-13 07:40:53,957 - trainer - INFO -     val_seq2seq_NDCG16: 0.7267897725105286
2021-12-13 07:40:53,959 - trainer - INFO - Performance is lower than epoch: 36
