2021-11-24 08:11:43,193 - train - INFO - BigArch(
  (row_encoder): FixedEmbedderNN(
    (embedder): FixedEmbedder(
      (embeddings): ModuleList(
        (0): Embedding(49, 32)
        (1): Embedding(4, 32)
        (2): Embedding(7, 32)
        (3): Embedding(30, 32)
        (4): Embedding(3, 32)
        (5): Embedding(12, 32)
        (6): Embedding(35, 32)
        (7): Embedding(3, 32)
        (8): Embedding(10, 32)
        (9): Embedding(2, 32)
      )
      (nns): ModuleList(
        (0): Linear(in_features=1, out_features=32, bias=True)
        (1): Linear(in_features=1, out_features=32, bias=True)
        (2): Linear(in_features=1, out_features=32, bias=True)
        (3): Linear(in_features=1, out_features=32, bias=True)
        (4): Linear(in_features=1, out_features=32, bias=True)
        (5): Linear(in_features=1, out_features=32, bias=True)
        (6): Linear(in_features=1, out_features=32, bias=True)
        (7): Linear(in_features=1, out_features=32, bias=True)
        (8): Linear(in_features=1, out_features=32, bias=True)
        (9): Linear(in_features=1, out_features=32, bias=True)
        (10): Linear(in_features=1, out_features=32, bias=True)
        (11): Linear(in_features=1, out_features=32, bias=True)
        (12): Linear(in_features=1, out_features=32, bias=True)
        (13): Linear(in_features=1, out_features=32, bias=True)
        (14): Linear(in_features=1, out_features=32, bias=True)
        (15): Linear(in_features=1, out_features=32, bias=True)
        (16): Linear(in_features=1, out_features=32, bias=True)
        (17): Linear(in_features=1, out_features=32, bias=True)
        (18): Linear(in_features=1, out_features=32, bias=True)
        (19): Linear(in_features=1, out_features=32, bias=True)
        (20): Linear(in_features=1, out_features=32, bias=True)
        (21): Linear(in_features=1, out_features=32, bias=True)
        (22): Linear(in_features=1, out_features=32, bias=True)
        (23): Linear(in_features=1, out_features=32, bias=True)
        (24): Linear(in_features=1, out_features=32, bias=True)
        (25): Linear(in_features=1, out_features=32, bias=True)
        (26): Linear(in_features=1, out_features=32, bias=True)
        (27): Linear(in_features=1, out_features=32, bias=True)
        (28): Linear(in_features=1, out_features=32, bias=True)
        (29): Linear(in_features=1, out_features=32, bias=True)
        (30): Linear(in_features=1, out_features=32, bias=True)
        (31): Linear(in_features=1, out_features=32, bias=True)
        (32): Linear(in_features=1, out_features=32, bias=True)
        (33): Linear(in_features=1, out_features=32, bias=True)
        (34): Linear(in_features=1, out_features=32, bias=True)
        (35): Linear(in_features=1, out_features=32, bias=True)
        (36): Linear(in_features=1, out_features=32, bias=True)
        (37): Linear(in_features=1, out_features=32, bias=True)
        (38): Linear(in_features=1, out_features=32, bias=True)
        (39): Linear(in_features=1, out_features=32, bias=True)
        (40): Linear(in_features=1, out_features=32, bias=True)
        (41): Linear(in_features=1, out_features=32, bias=True)
      )
    )
    (input_layer): Linear(in_features=1664, out_features=128, bias=True)
    (nn_layers): Sequential(
      (0): Sequential(
        (0): Linear(in_features=128, out_features=256, bias=True)
        (1): Dropout(p=0.3, inplace=False)
        (2): Linear(in_features=256, out_features=128, bias=True)
        (3): LayerNorm((128,), eps=1e-05, elementwise_affine=True)
      )
      (1): Sequential(
        (0): Linear(in_features=128, out_features=256, bias=True)
        (1): Dropout(p=0.3, inplace=False)
        (2): Linear(in_features=256, out_features=128, bias=True)
        (3): LayerNorm((128,), eps=1e-05, elementwise_affine=True)
      )
      (2): Sequential(
        (0): Linear(in_features=128, out_features=256, bias=True)
        (1): Dropout(p=0.3, inplace=False)
        (2): Linear(in_features=256, out_features=128, bias=True)
        (3): LayerNorm((128,), eps=1e-05, elementwise_affine=True)
      )
    )
  )
  (rows_aggregator): RowsTransformerAggregator(
    (AttenLayer): TransformerEncoder(
      (layers): ModuleList(
        (0): TransformerEncoderLayer(
          (self_attn): MultiheadAttention(
            (out_proj): NonDynamicallyQuantizableLinear(in_features=128, out_features=128, bias=True)
          )
          (linear1): Linear(in_features=128, out_features=512, bias=True)
          (dropout): Dropout(p=0.3, inplace=False)
          (linear2): Linear(in_features=512, out_features=128, bias=True)
          (norm1): LayerNorm((128,), eps=1e-05, elementwise_affine=True)
          (norm2): LayerNorm((128,), eps=1e-05, elementwise_affine=True)
          (dropout1): Dropout(p=0.3, inplace=False)
          (dropout2): Dropout(p=0.3, inplace=False)
        )
        (1): TransformerEncoderLayer(
          (self_attn): MultiheadAttention(
            (out_proj): NonDynamicallyQuantizableLinear(in_features=128, out_features=128, bias=True)
          )
          (linear1): Linear(in_features=128, out_features=512, bias=True)
          (dropout): Dropout(p=0.3, inplace=False)
          (linear2): Linear(in_features=512, out_features=128, bias=True)
          (norm1): LayerNorm((128,), eps=1e-05, elementwise_affine=True)
          (norm2): LayerNorm((128,), eps=1e-05, elementwise_affine=True)
          (dropout1): Dropout(p=0.3, inplace=False)
          (dropout2): Dropout(p=0.3, inplace=False)
        )
      )
    )
  )
  (temporal_aggregator): Seq2SeqGruAggregator(
    (gru): GRU(128, 256, num_layers=2, batch_first=True, dropout=0.3)
  )
  (classifier): Sequential(
    (0): Linear(in_features=256, out_features=49, bias=True)
  )
)
Trainable parameters: 1519633
2021-11-24 08:27:43,688 - trainer - INFO -     epoch          : 1
2021-11-24 08:27:43,821 - trainer - INFO -     loss           : 2.6129276857723887
2021-11-24 08:27:43,822 - trainer - INFO -     seq2seq_NDCG   : 0.5621253848075867
2021-11-24 08:27:43,822 - trainer - INFO -     seq2seq_NDCG16 : 0.6322906017303467
2021-11-24 08:27:43,822 - trainer - INFO -     val_loss       : 2.3531900818085734
2021-11-24 08:27:43,823 - trainer - INFO -     val_seq2seq_NDCG: 0.650753915309906
2021-11-24 08:27:43,823 - trainer - INFO -     val_seq2seq_NDCG16: 0.7132130265235901
2021-11-24 08:27:44,024 - trainer - INFO - Improved! Saving current best: model_best.pth ...
2021-11-24 08:42:46,752 - trainer - INFO -     epoch          : 2
2021-11-24 08:42:46,810 - trainer - INFO -     loss           : 2.331997024807042
2021-11-24 08:42:46,810 - trainer - INFO -     seq2seq_NDCG   : 0.650338351726532
2021-11-24 08:42:46,810 - trainer - INFO -     seq2seq_NDCG16 : 0.7133526802062988
2021-11-24 08:42:46,810 - trainer - INFO -     val_loss       : 2.280613344343727
2021-11-24 08:42:46,811 - trainer - INFO -     val_seq2seq_NDCG: 0.6630486845970154
2021-11-24 08:42:46,811 - trainer - INFO -     val_seq2seq_NDCG16: 0.7259932160377502
2021-11-24 08:42:47,053 - trainer - INFO - Improved! Saving current best: model_best.pth ...
2021-11-24 08:57:59,379 - trainer - INFO -     epoch          : 3
2021-11-24 08:57:59,424 - trainer - INFO -     loss           : 2.287961600151721
2021-11-24 08:57:59,425 - trainer - INFO -     seq2seq_NDCG   : 0.658519446849823
2021-11-24 08:57:59,425 - trainer - INFO -     seq2seq_NDCG16 : 0.7206223607063293
2021-11-24 08:57:59,425 - trainer - INFO -     val_loss       : 2.256944681372484
2021-11-24 08:57:59,425 - trainer - INFO -     val_seq2seq_NDCG: 0.6659669280052185
2021-11-24 08:57:59,425 - trainer - INFO -     val_seq2seq_NDCG16: 0.7285082340240479
2021-11-24 08:57:59,673 - trainer - INFO - Improved! Saving current best: model_best.pth ...
2021-11-24 09:13:06,505 - trainer - INFO -     epoch          : 4
2021-11-24 09:13:06,547 - trainer - INFO -     loss           : 2.2688267259969974
2021-11-24 09:13:06,548 - trainer - INFO -     seq2seq_NDCG   : 0.6621264815330505
2021-11-24 09:13:06,548 - trainer - INFO -     seq2seq_NDCG16 : 0.7236574292182922
2021-11-24 09:13:06,548 - trainer - INFO -     val_loss       : 2.243960610436052
2021-11-24 09:13:06,548 - trainer - INFO -     val_seq2seq_NDCG: 0.6689813733100891
2021-11-24 09:13:06,548 - trainer - INFO -     val_seq2seq_NDCG16: 0.7307209968566895
2021-11-24 09:13:06,867 - trainer - INFO - Improved! Saving current best: model_best.pth ...
2021-11-24 09:28:17,699 - trainer - INFO -     epoch          : 5
2021-11-24 09:28:17,730 - trainer - INFO -     loss           : 2.258139041319766
2021-11-24 09:28:17,730 - trainer - INFO -     seq2seq_NDCG   : 0.6644498705863953
2021-11-24 09:28:17,730 - trainer - INFO -     seq2seq_NDCG16 : 0.7252955436706543
2021-11-24 09:28:17,730 - trainer - INFO -     val_loss       : 2.2387604493924114
2021-11-24 09:28:17,730 - trainer - INFO -     val_seq2seq_NDCG: 0.6703859567642212
2021-11-24 09:28:17,730 - trainer - INFO -     val_seq2seq_NDCG16: 0.7313681244850159
2021-11-24 09:28:17,933 - trainer - INFO - Improved! Saving current best: model_best.pth ...
2021-11-24 09:43:32,031 - trainer - INFO -     epoch          : 6
2021-11-24 09:43:32,044 - trainer - INFO -     loss           : 2.25037664354267
2021-11-24 09:43:32,044 - trainer - INFO -     seq2seq_NDCG   : 0.6662542223930359
2021-11-24 09:43:32,044 - trainer - INFO -     seq2seq_NDCG16 : 0.7266250848770142
2021-11-24 09:43:32,044 - trainer - INFO -     val_loss       : 2.22954513410778
2021-11-24 09:43:32,044 - trainer - INFO -     val_seq2seq_NDCG: 0.6724134683609009
2021-11-24 09:43:32,044 - trainer - INFO -     val_seq2seq_NDCG16: 0.7329117655754089
2021-11-24 09:43:32,258 - trainer - INFO - Improved! Saving current best: model_best.pth ...
2021-11-24 09:58:42,358 - trainer - INFO -     epoch          : 7
2021-11-24 09:58:42,409 - trainer - INFO -     loss           : 2.244854446412353
2021-11-24 09:58:42,410 - trainer - INFO -     seq2seq_NDCG   : 0.6676574349403381
2021-11-24 09:58:42,410 - trainer - INFO -     seq2seq_NDCG16 : 0.7274479866027832
2021-11-24 09:58:42,410 - trainer - INFO -     val_loss       : 2.226296322425003
2021-11-24 09:58:42,410 - trainer - INFO -     val_seq2seq_NDCG: 0.6730311512947083
2021-11-24 09:58:42,410 - trainer - INFO -     val_seq2seq_NDCG16: 0.7329621315002441
2021-11-24 09:58:42,594 - trainer - INFO - Improved! Saving current best: model_best.pth ...
2021-11-24 10:13:44,864 - trainer - INFO -     epoch          : 8
2021-11-24 10:13:44,934 - trainer - INFO -     loss           : 2.240513372177202
2021-11-24 10:13:44,934 - trainer - INFO -     seq2seq_NDCG   : 0.6688637137413025
2021-11-24 10:13:44,935 - trainer - INFO -     seq2seq_NDCG16 : 0.7281666994094849
2021-11-24 10:13:44,935 - trainer - INFO -     val_loss       : 2.222322865825175
2021-11-24 10:13:44,935 - trainer - INFO -     val_seq2seq_NDCG: 0.6746203303337097
2021-11-24 10:13:44,935 - trainer - INFO -     val_seq2seq_NDCG16: 0.7339031100273132
2021-11-24 10:13:45,196 - trainer - INFO - Improved! Saving current best: model_best.pth ...
2021-11-24 10:28:50,331 - trainer - INFO -     epoch          : 9
2021-11-24 10:28:50,368 - trainer - INFO -     loss           : 2.237043541055876
2021-11-24 10:28:50,368 - trainer - INFO -     seq2seq_NDCG   : 0.6699858903884888
2021-11-24 10:28:50,368 - trainer - INFO -     seq2seq_NDCG16 : 0.7286702394485474
2021-11-24 10:28:50,369 - trainer - INFO -     val_loss       : 2.2213401660285035
2021-11-24 10:28:50,369 - trainer - INFO -     val_seq2seq_NDCG: 0.6746654510498047
2021-11-24 10:28:50,369 - trainer - INFO -     val_seq2seq_NDCG16: 0.7334948778152466
2021-11-24 10:28:50,606 - trainer - INFO - Improved! Saving current best: model_best.pth ...
2021-11-24 10:44:00,317 - trainer - INFO -     epoch          : 10
2021-11-24 10:44:00,370 - trainer - INFO -     loss           : 2.234157713879703
2021-11-24 10:44:00,371 - trainer - INFO -     seq2seq_NDCG   : 0.6707720756530762
2021-11-24 10:44:00,371 - trainer - INFO -     seq2seq_NDCG16 : 0.7291280627250671
2021-11-24 10:44:00,371 - trainer - INFO -     val_loss       : 2.2182802818620297
2021-11-24 10:44:00,371 - trainer - INFO -     val_seq2seq_NDCG: 0.6760828495025635
2021-11-24 10:44:00,371 - trainer - INFO -     val_seq2seq_NDCG16: 0.734404444694519
2021-11-24 10:44:00,637 - trainer - INFO - Improved! Saving current best: model_best.pth ...
2021-11-24 10:59:08,479 - trainer - INFO -     epoch          : 11
2021-11-24 10:59:08,542 - trainer - INFO -     loss           : 2.2319088764703205
2021-11-24 10:59:08,542 - trainer - INFO -     seq2seq_NDCG   : 0.671459436416626
2021-11-24 10:59:08,542 - trainer - INFO -     seq2seq_NDCG16 : 0.7294297218322754
2021-11-24 10:59:08,542 - trainer - INFO -     val_loss       : 2.218498276322699
2021-11-24 10:59:08,543 - trainer - INFO -     val_seq2seq_NDCG: 0.6757181286811829
2021-11-24 10:59:08,543 - trainer - INFO -     val_seq2seq_NDCG16: 0.7339580655097961
2021-11-24 10:59:08,545 - trainer - INFO - Performance is lower than epoch: 10
2021-11-24 11:14:15,084 - trainer - INFO -     epoch          : 12
2021-11-24 11:14:15,109 - trainer - INFO -     loss           : 2.2299398375259174
2021-11-24 11:14:15,109 - trainer - INFO -     seq2seq_NDCG   : 0.6721085906028748
2021-11-24 11:14:15,109 - trainer - INFO -     seq2seq_NDCG16 : 0.7297530174255371
2021-11-24 11:14:15,109 - trainer - INFO -     val_loss       : 2.2143705324138825
2021-11-24 11:14:15,109 - trainer - INFO -     val_seq2seq_NDCG: 0.6768869161605835
2021-11-24 11:14:15,109 - trainer - INFO -     val_seq2seq_NDCG16: 0.7347997426986694
2021-11-24 11:14:15,318 - trainer - INFO - Improved! Saving current best: model_best.pth ...
2021-11-24 11:29:26,774 - trainer - INFO -     epoch          : 13
2021-11-24 11:29:26,819 - trainer - INFO -     loss           : 2.2282362484581104
2021-11-24 11:29:26,819 - trainer - INFO -     seq2seq_NDCG   : 0.6725356578826904
2021-11-24 11:29:26,819 - trainer - INFO -     seq2seq_NDCG16 : 0.729982316493988
2021-11-24 11:29:26,819 - trainer - INFO -     val_loss       : 2.2146321733284484
2021-11-24 11:29:26,819 - trainer - INFO -     val_seq2seq_NDCG: 0.6767529845237732
2021-11-24 11:29:26,819 - trainer - INFO -     val_seq2seq_NDCG16: 0.7344189882278442
2021-11-24 11:29:26,821 - trainer - INFO - Performance is lower than epoch: 12
2021-11-24 11:44:31,674 - trainer - INFO -     epoch          : 14
2021-11-24 11:44:31,701 - trainer - INFO -     loss           : 2.22686462957586
2021-11-24 11:44:31,702 - trainer - INFO -     seq2seq_NDCG   : 0.6728818416595459
2021-11-24 11:44:31,702 - trainer - INFO -     seq2seq_NDCG16 : 0.7301650047302246
2021-11-24 11:44:31,702 - trainer - INFO -     val_loss       : 2.2129720300054916
2021-11-24 11:44:31,702 - trainer - INFO -     val_seq2seq_NDCG: 0.6775200366973877
2021-11-24 11:44:31,702 - trainer - INFO -     val_seq2seq_NDCG16: 0.7350770831108093
2021-11-24 11:44:31,955 - trainer - INFO - Improved! Saving current best: model_best.pth ...
2021-11-24 11:59:42,038 - trainer - INFO -     epoch          : 15
2021-11-24 11:59:42,076 - trainer - INFO -     loss           : 2.2258470805882644
2021-11-24 11:59:42,076 - trainer - INFO -     seq2seq_NDCG   : 0.6732190251350403
2021-11-24 11:59:42,076 - trainer - INFO -     seq2seq_NDCG16 : 0.7304076552391052
2021-11-24 11:59:42,076 - trainer - INFO -     val_loss       : 2.2125745148914855
2021-11-24 11:59:42,076 - trainer - INFO -     val_seq2seq_NDCG: 0.6774954795837402
2021-11-24 11:59:42,077 - trainer - INFO -     val_seq2seq_NDCG16: 0.73492830991745
2021-11-24 11:59:42,304 - trainer - INFO - Improved! Saving current best: model_best.pth ...
2021-11-24 12:14:46,089 - trainer - INFO -     epoch          : 16
2021-11-24 12:14:46,138 - trainer - INFO -     loss           : 2.2247775725195673
2021-11-24 12:14:46,138 - trainer - INFO -     seq2seq_NDCG   : 0.6734994053840637
2021-11-24 12:14:46,138 - trainer - INFO -     seq2seq_NDCG16 : 0.7305117249488831
2021-11-24 12:14:46,139 - trainer - INFO -     val_loss       : 2.210907364135508
2021-11-24 12:14:46,139 - trainer - INFO -     val_seq2seq_NDCG: 0.6779793500900269
2021-11-24 12:14:46,139 - trainer - INFO -     val_seq2seq_NDCG16: 0.735149085521698
2021-11-24 12:14:46,392 - trainer - INFO - Improved! Saving current best: model_best.pth ...
2021-11-24 12:29:52,708 - trainer - INFO -     epoch          : 17
2021-11-24 12:29:52,765 - trainer - INFO -     loss           : 2.2236541428019887
2021-11-24 12:29:52,766 - trainer - INFO -     seq2seq_NDCG   : 0.6738845705986023
2021-11-24 12:29:52,766 - trainer - INFO -     seq2seq_NDCG16 : 0.7307343482971191
2021-11-24 12:29:52,766 - trainer - INFO -     val_loss       : 2.213837844331551
2021-11-24 12:29:52,766 - trainer - INFO -     val_seq2seq_NDCG: 0.6773625612258911
2021-11-24 12:29:52,766 - trainer - INFO -     val_seq2seq_NDCG16: 0.7346413731575012
2021-11-24 12:29:52,767 - trainer - INFO - Performance is lower than epoch: 16
2021-11-24 12:44:58,058 - trainer - INFO -     epoch          : 18
2021-11-24 12:44:58,110 - trainer - INFO -     loss           : 2.2228662931072507
2021-11-24 12:44:58,110 - trainer - INFO -     seq2seq_NDCG   : 0.6739914417266846
2021-11-24 12:44:58,111 - trainer - INFO -     seq2seq_NDCG16 : 0.7308380603790283
2021-11-24 12:44:58,111 - trainer - INFO -     val_loss       : 2.2100057656807666
2021-11-24 12:44:58,111 - trainer - INFO -     val_seq2seq_NDCG: 0.6783940196037292
2021-11-24 12:44:58,111 - trainer - INFO -     val_seq2seq_NDCG16: 0.7356607913970947
2021-11-24 12:44:58,494 - trainer - INFO - Improved! Saving current best: model_best.pth ...
2021-11-24 13:00:11,270 - trainer - INFO -     epoch          : 19
2021-11-24 13:00:11,368 - trainer - INFO -     loss           : 2.222052280062372
2021-11-24 13:00:11,368 - trainer - INFO -     seq2seq_NDCG   : 0.6743032932281494
2021-11-24 13:00:11,368 - trainer - INFO -     seq2seq_NDCG16 : 0.731009840965271
2021-11-24 13:00:11,368 - trainer - INFO -     val_loss       : 2.210565973120882
2021-11-24 13:00:11,368 - trainer - INFO -     val_seq2seq_NDCG: 0.6775476932525635
2021-11-24 13:00:11,368 - trainer - INFO -     val_seq2seq_NDCG16: 0.7348928451538086
2021-11-24 13:00:11,371 - trainer - INFO - Performance is lower than epoch: 18
2021-11-24 13:15:19,069 - trainer - INFO -     epoch          : 20
2021-11-24 13:15:19,146 - trainer - INFO -     loss           : 2.2212028067156204
2021-11-24 13:15:19,146 - trainer - INFO -     seq2seq_NDCG   : 0.6744755506515503
2021-11-24 13:15:19,146 - trainer - INFO -     seq2seq_NDCG16 : 0.7310774922370911
2021-11-24 13:15:19,146 - trainer - INFO -     val_loss       : 2.208770001330949
2021-11-24 13:15:19,146 - trainer - INFO -     val_seq2seq_NDCG: 0.6785989999771118
2021-11-24 13:15:19,146 - trainer - INFO -     val_seq2seq_NDCG16: 0.7356358170509338
2021-11-24 13:15:19,682 - trainer - INFO - Improved! Saving current best: model_best.pth ...
2021-11-24 13:30:30,955 - trainer - INFO -     epoch          : 21
2021-11-24 13:30:31,078 - trainer - INFO -     loss           : 2.2206731237666544
2021-11-24 13:30:31,079 - trainer - INFO -     seq2seq_NDCG   : 0.6746788620948792
2021-11-24 13:30:31,079 - trainer - INFO -     seq2seq_NDCG16 : 0.7312226295471191
2021-11-24 13:30:31,079 - trainer - INFO -     val_loss       : 2.2094928114615437
2021-11-24 13:30:31,079 - trainer - INFO -     val_seq2seq_NDCG: 0.6782470941543579
2021-11-24 13:30:31,080 - trainer - INFO -     val_seq2seq_NDCG16: 0.7351550459861755
2021-11-24 13:30:31,082 - trainer - INFO - Performance is lower than epoch: 20
2021-11-24 13:45:39,138 - trainer - INFO -     epoch          : 22
2021-11-24 13:45:39,164 - trainer - INFO -     loss           : 2.220086086429393
2021-11-24 13:45:39,164 - trainer - INFO -     seq2seq_NDCG   : 0.6747382879257202
2021-11-24 13:45:39,165 - trainer - INFO -     seq2seq_NDCG16 : 0.7312812209129333
2021-11-24 13:45:39,165 - trainer - INFO -     val_loss       : 2.2085134336710586
2021-11-24 13:45:39,165 - trainer - INFO -     val_seq2seq_NDCG: 0.6788809895515442
2021-11-24 13:45:39,165 - trainer - INFO -     val_seq2seq_NDCG16: 0.7356526851654053
2021-11-24 13:45:39,496 - trainer - INFO - Improved! Saving current best: model_best.pth ...
2021-11-24 14:00:54,766 - trainer - INFO -     epoch          : 23
2021-11-24 14:00:54,791 - trainer - INFO -     loss           : 2.219617459381992
2021-11-24 14:00:54,792 - trainer - INFO -     seq2seq_NDCG   : 0.6749342679977417
2021-11-24 14:00:54,792 - trainer - INFO -     seq2seq_NDCG16 : 0.7314687371253967
2021-11-24 14:00:54,792 - trainer - INFO -     val_loss       : 2.208404124545319
2021-11-24 14:00:54,792 - trainer - INFO -     val_seq2seq_NDCG: 0.6785153150558472
2021-11-24 14:00:54,792 - trainer - INFO -     val_seq2seq_NDCG16: 0.7353808283805847
2021-11-24 14:00:55,666 - trainer - INFO - Improved! Saving current best: model_best.pth ...
2021-11-24 14:16:07,305 - trainer - INFO -     epoch          : 24
2021-11-24 14:16:07,433 - trainer - INFO -     loss           : 2.2188252353241102
2021-11-24 14:16:07,433 - trainer - INFO -     seq2seq_NDCG   : 0.6750556826591492
2021-11-24 14:16:07,434 - trainer - INFO -     seq2seq_NDCG16 : 0.7315107583999634
2021-11-24 14:16:07,434 - trainer - INFO -     val_loss       : 2.208113891084481
2021-11-24 14:16:07,434 - trainer - INFO -     val_seq2seq_NDCG: 0.6789146661758423
2021-11-24 14:16:07,434 - trainer - INFO -     val_seq2seq_NDCG16: 0.7355984449386597
2021-11-24 14:16:08,387 - trainer - INFO - Improved! Saving current best: model_best.pth ...
2021-11-24 14:31:18,337 - trainer - INFO -     epoch          : 25
2021-11-24 14:31:18,419 - trainer - INFO -     loss           : 2.2184525397978603
2021-11-24 14:31:18,419 - trainer - INFO -     seq2seq_NDCG   : 0.675210177898407
2021-11-24 14:31:18,419 - trainer - INFO -     seq2seq_NDCG16 : 0.7315399646759033
2021-11-24 14:31:18,420 - trainer - INFO -     val_loss       : 2.208622923287589
2021-11-24 14:31:18,420 - trainer - INFO -     val_seq2seq_NDCG: 0.6785055994987488
2021-11-24 14:31:18,420 - trainer - INFO -     val_seq2seq_NDCG16: 0.7354093194007874
2021-11-24 14:31:18,421 - trainer - INFO - Performance is lower than epoch: 24
2021-11-24 14:46:32,416 - trainer - INFO -     epoch          : 26
2021-11-24 14:46:32,603 - trainer - INFO -     loss           : 2.217977384840611
2021-11-24 14:46:32,603 - trainer - INFO -     seq2seq_NDCG   : 0.6753305196762085
2021-11-24 14:46:32,603 - trainer - INFO -     seq2seq_NDCG16 : 0.7316363453865051
2021-11-24 14:46:32,603 - trainer - INFO -     val_loss       : 2.2071644589114374
2021-11-24 14:46:32,604 - trainer - INFO -     val_seq2seq_NDCG: 0.6790603399276733
2021-11-24 14:46:32,604 - trainer - INFO -     val_seq2seq_NDCG16: 0.7357367277145386
2021-11-24 14:46:33,347 - trainer - INFO - Improved! Saving current best: model_best.pth ...
2021-11-24 15:01:44,118 - trainer - INFO -     epoch          : 27
2021-11-24 15:01:44,300 - trainer - INFO -     loss           : 2.2175695711576395
2021-11-24 15:01:44,300 - trainer - INFO -     seq2seq_NDCG   : 0.675476610660553
2021-11-24 15:01:44,300 - trainer - INFO -     seq2seq_NDCG16 : 0.731733500957489
2021-11-24 15:01:44,301 - trainer - INFO -     val_loss       : 2.2083571115723046
2021-11-24 15:01:44,301 - trainer - INFO -     val_seq2seq_NDCG: 0.6790177226066589
2021-11-24 15:01:44,301 - trainer - INFO -     val_seq2seq_NDCG16: 0.7356892824172974
2021-11-24 15:01:44,302 - trainer - INFO - Performance is lower than epoch: 26
2021-11-24 15:17:04,392 - trainer - INFO -     epoch          : 28
2021-11-24 15:17:04,556 - trainer - INFO -     loss           : 2.2171036759325884
2021-11-24 15:17:04,556 - trainer - INFO -     seq2seq_NDCG   : 0.6755280494689941
2021-11-24 15:17:04,557 - trainer - INFO -     seq2seq_NDCG16 : 0.7317134141921997
2021-11-24 15:17:04,557 - trainer - INFO -     val_loss       : 2.2067080983115583
2021-11-24 15:17:04,557 - trainer - INFO -     val_seq2seq_NDCG: 0.6793916821479797
2021-11-24 15:17:04,557 - trainer - INFO -     val_seq2seq_NDCG16: 0.7360010147094727
2021-11-24 15:17:05,594 - trainer - INFO - Improved! Saving current best: model_best.pth ...
2021-11-24 15:32:15,988 - trainer - INFO -     epoch          : 29
2021-11-24 15:32:16,117 - trainer - INFO -     loss           : 2.2167454926691526
2021-11-24 15:32:16,118 - trainer - INFO -     seq2seq_NDCG   : 0.6756274700164795
2021-11-24 15:32:16,118 - trainer - INFO -     seq2seq_NDCG16 : 0.7318454384803772
2021-11-24 15:32:16,118 - trainer - INFO -     val_loss       : 2.2083650428010984
2021-11-24 15:32:16,118 - trainer - INFO -     val_seq2seq_NDCG: 0.67862468957901
2021-11-24 15:32:16,118 - trainer - INFO -     val_seq2seq_NDCG16: 0.7355432510375977
2021-11-24 15:32:16,119 - trainer - INFO - Performance is lower than epoch: 28
2021-11-24 15:47:32,723 - trainer - INFO -     epoch          : 30
2021-11-24 15:47:32,853 - trainer - INFO -     loss           : 2.216302364816745
2021-11-24 15:47:32,853 - trainer - INFO -     seq2seq_NDCG   : 0.6757618188858032
2021-11-24 15:47:32,853 - trainer - INFO -     seq2seq_NDCG16 : 0.7319179177284241
2021-11-24 15:47:32,854 - trainer - INFO -     val_loss       : 2.2061765334185433
2021-11-24 15:47:32,854 - trainer - INFO -     val_seq2seq_NDCG: 0.6794332265853882
2021-11-24 15:47:32,854 - trainer - INFO -     val_seq2seq_NDCG16: 0.7359011173248291
2021-11-24 15:47:33,267 - trainer - INFO - Improved! Saving current best: model_best.pth ...
2021-11-24 16:02:42,445 - trainer - INFO -     epoch          : 31
2021-11-24 16:02:42,558 - trainer - INFO -     loss           : 2.2159066413811055
2021-11-24 16:02:42,558 - trainer - INFO -     seq2seq_NDCG   : 0.6758374571800232
2021-11-24 16:02:42,558 - trainer - INFO -     seq2seq_NDCG16 : 0.7320240139961243
2021-11-24 16:02:42,558 - trainer - INFO -     val_loss       : 2.2072986410097086
2021-11-24 16:02:42,558 - trainer - INFO -     val_seq2seq_NDCG: 0.6789275407791138
2021-11-24 16:02:42,559 - trainer - INFO -     val_seq2seq_NDCG16: 0.7356948852539062
2021-11-24 16:02:42,560 - trainer - INFO - Performance is lower than epoch: 30
2021-11-24 16:17:54,877 - trainer - INFO -     epoch          : 32
2021-11-24 16:17:54,943 - trainer - INFO -     loss           : 2.2156640060117287
2021-11-24 16:17:54,943 - trainer - INFO -     seq2seq_NDCG   : 0.6759449243545532
2021-11-24 16:17:54,943 - trainer - INFO -     seq2seq_NDCG16 : 0.7320142984390259
2021-11-24 16:17:54,943 - trainer - INFO -     val_loss       : 2.2056236401238403
2021-11-24 16:17:54,944 - trainer - INFO -     val_seq2seq_NDCG: 0.6795209646224976
2021-11-24 16:17:54,944 - trainer - INFO -     val_seq2seq_NDCG16: 0.7358933687210083
2021-11-24 16:17:55,337 - trainer - INFO - Improved! Saving current best: model_best.pth ...
2021-11-24 16:33:10,940 - trainer - INFO -     epoch          : 33
2021-11-24 16:33:11,078 - trainer - INFO -     loss           : 2.215274295819088
2021-11-24 16:33:11,079 - trainer - INFO -     seq2seq_NDCG   : 0.6760334968566895
2021-11-24 16:33:11,079 - trainer - INFO -     seq2seq_NDCG16 : 0.7320758104324341
2021-11-24 16:33:11,079 - trainer - INFO -     val_loss       : 2.2065246086901107
2021-11-24 16:33:11,079 - trainer - INFO -     val_seq2seq_NDCG: 0.67890864610672
2021-11-24 16:33:11,079 - trainer - INFO -     val_seq2seq_NDCG16: 0.7354809641838074
2021-11-24 16:33:11,080 - trainer - INFO - Performance is lower than epoch: 32
2021-11-24 16:48:22,048 - trainer - INFO -     epoch          : 34
2021-11-24 16:48:22,149 - trainer - INFO -     loss           : 2.215053380336505
2021-11-24 16:48:22,149 - trainer - INFO -     seq2seq_NDCG   : 0.67612624168396
2021-11-24 16:48:22,150 - trainer - INFO -     seq2seq_NDCG16 : 0.7321935296058655
2021-11-24 16:48:22,150 - trainer - INFO -     val_loss       : 2.2058699039547034
2021-11-24 16:48:22,150 - trainer - INFO -     val_seq2seq_NDCG: 0.6794900298118591
2021-11-24 16:48:22,150 - trainer - INFO -     val_seq2seq_NDCG16: 0.7359974384307861
2021-11-24 16:48:22,151 - trainer - INFO - Performance is lower than epoch: 32
2021-11-24 17:03:32,599 - trainer - INFO -     epoch          : 35
2021-11-24 17:03:32,722 - trainer - INFO -     loss           : 2.214581332295199
2021-11-24 17:03:32,722 - trainer - INFO -     seq2seq_NDCG   : 0.6762245297431946
2021-11-24 17:03:32,722 - trainer - INFO -     seq2seq_NDCG16 : 0.7321869730949402
2021-11-24 17:03:32,722 - trainer - INFO -     val_loss       : 2.206331231100175
2021-11-24 17:03:32,723 - trainer - INFO -     val_seq2seq_NDCG: 0.6790391206741333
2021-11-24 17:03:32,723 - trainer - INFO -     val_seq2seq_NDCG16: 0.7357359528541565
2021-11-24 17:03:32,725 - trainer - INFO - Performance is lower than epoch: 32
2021-11-24 17:18:46,845 - trainer - INFO -     epoch          : 36
2021-11-24 17:18:46,917 - trainer - INFO -     loss           : 2.2145033344883838
2021-11-24 17:18:46,917 - trainer - INFO -     seq2seq_NDCG   : 0.6762661933898926
2021-11-24 17:18:46,917 - trainer - INFO -     seq2seq_NDCG16 : 0.7322633266448975
2021-11-24 17:18:46,917 - trainer - INFO -     val_loss       : 2.2052606219220956
2021-11-24 17:18:46,917 - trainer - INFO -     val_seq2seq_NDCG: 0.6794062256813049
2021-11-24 17:18:46,917 - trainer - INFO -     val_seq2seq_NDCG16: 0.7360081672668457
2021-11-24 17:18:47,307 - trainer - INFO - Improved! Saving current best: model_best.pth ...
2021-11-24 17:34:02,045 - trainer - INFO -     epoch          : 37
2021-11-24 17:34:02,196 - trainer - INFO -     loss           : 2.2140004517402088
2021-11-24 17:34:02,196 - trainer - INFO -     seq2seq_NDCG   : 0.6763775944709778
2021-11-24 17:34:02,196 - trainer - INFO -     seq2seq_NDCG16 : 0.7323466539382935
2021-11-24 17:34:02,196 - trainer - INFO -     val_loss       : 2.2063913863638174
2021-11-24 17:34:02,196 - trainer - INFO -     val_seq2seq_NDCG: 0.6794314384460449
2021-11-24 17:34:02,196 - trainer - INFO -     val_seq2seq_NDCG16: 0.7357459664344788
2021-11-24 17:34:02,198 - trainer - INFO - Performance is lower than epoch: 36
2021-11-24 17:49:17,843 - trainer - INFO -     epoch          : 38
2021-11-24 17:49:17,949 - trainer - INFO -     loss           : 2.2137704844361914
2021-11-24 17:49:17,950 - trainer - INFO -     seq2seq_NDCG   : 0.6763930916786194
2021-11-24 17:49:17,950 - trainer - INFO -     seq2seq_NDCG16 : 0.7323269248008728
2021-11-24 17:49:17,950 - trainer - INFO -     val_loss       : 2.205194545828778
2021-11-24 17:49:17,950 - trainer - INFO -     val_seq2seq_NDCG: 0.6796498894691467
2021-11-24 17:49:17,950 - trainer - INFO -     val_seq2seq_NDCG16: 0.7361761331558228
2021-11-24 17:49:18,355 - trainer - INFO - Improved! Saving current best: model_best.pth ...
2021-11-24 18:04:32,144 - trainer - INFO -     epoch          : 39
2021-11-24 18:04:32,252 - trainer - INFO -     loss           : 2.213472099694699
2021-11-24 18:04:32,253 - trainer - INFO -     seq2seq_NDCG   : 0.6764606237411499
2021-11-24 18:04:32,253 - trainer - INFO -     seq2seq_NDCG16 : 0.7323226928710938
2021-11-24 18:04:32,253 - trainer - INFO -     val_loss       : 2.206276594830291
2021-11-24 18:04:32,253 - trainer - INFO -     val_seq2seq_NDCG: 0.6793683767318726
2021-11-24 18:04:32,253 - trainer - INFO -     val_seq2seq_NDCG16: 0.7358724474906921
2021-11-24 18:04:32,254 - trainer - INFO - Performance is lower than epoch: 38
2021-11-24 18:19:45,598 - trainer - INFO -     epoch          : 40
2021-11-24 18:19:45,719 - trainer - INFO -     loss           : 2.213190342933035
2021-11-24 18:19:45,719 - trainer - INFO -     seq2seq_NDCG   : 0.6765722632408142
2021-11-24 18:19:45,719 - trainer - INFO -     seq2seq_NDCG16 : 0.7323786020278931
2021-11-24 18:19:45,719 - trainer - INFO -     val_loss       : 2.205097497881526
2021-11-24 18:19:45,720 - trainer - INFO -     val_seq2seq_NDCG: 0.6797283291816711
2021-11-24 18:19:45,720 - trainer - INFO -     val_seq2seq_NDCG16: 0.7360686659812927
2021-11-24 18:19:48,782 - trainer - INFO - Improved! Saving current best: model_best.pth ...
2021-11-24 18:35:14,040 - trainer - INFO -     epoch          : 41
2021-11-24 18:35:14,151 - trainer - INFO -     loss           : 2.2129473771640145
2021-11-24 18:35:14,151 - trainer - INFO -     seq2seq_NDCG   : 0.6766664981842041
2021-11-24 18:35:14,151 - trainer - INFO -     seq2seq_NDCG16 : 0.7323815226554871
2021-11-24 18:35:14,151 - trainer - INFO -     val_loss       : 2.2052022782737946
2021-11-24 18:35:14,152 - trainer - INFO -     val_seq2seq_NDCG: 0.6795735955238342
2021-11-24 18:35:14,152 - trainer - INFO -     val_seq2seq_NDCG16: 0.7358612418174744
2021-11-24 18:35:14,154 - trainer - INFO - Performance is lower than epoch: 40
2021-11-24 18:50:31,485 - trainer - INFO -     epoch          : 42
2021-11-24 18:50:31,581 - trainer - INFO -     loss           : 2.21262458342432
2021-11-24 18:50:31,699 - trainer - INFO -     seq2seq_NDCG   : 0.6767019033432007
2021-11-24 18:50:31,699 - trainer - INFO -     seq2seq_NDCG16 : 0.7325044274330139
2021-11-24 18:50:31,699 - trainer - INFO -     val_loss       : 2.2047436962956968
2021-11-24 18:50:31,700 - trainer - INFO -     val_seq2seq_NDCG: 0.6798430681228638
2021-11-24 18:50:31,700 - trainer - INFO -     val_seq2seq_NDCG16: 0.73604816198349
2021-11-24 18:50:35,302 - trainer - INFO - Improved! Saving current best: model_best.pth ...
2021-11-24 19:05:51,812 - trainer - INFO -     epoch          : 43
2021-11-24 19:05:51,899 - trainer - INFO -     loss           : 2.2123822293370026
2021-11-24 19:05:51,900 - trainer - INFO -     seq2seq_NDCG   : 0.676801860332489
2021-11-24 19:05:51,900 - trainer - INFO -     seq2seq_NDCG16 : 0.7325540781021118
2021-11-24 19:05:51,900 - trainer - INFO -     val_loss       : 2.2053808165938045
2021-11-24 19:05:51,900 - trainer - INFO -     val_seq2seq_NDCG: 0.6793192028999329
2021-11-24 19:05:51,900 - trainer - INFO -     val_seq2seq_NDCG16: 0.7356116771697998
2021-11-24 19:05:51,902 - trainer - INFO - Performance is lower than epoch: 42
2021-11-24 19:21:07,383 - trainer - INFO -     epoch          : 44
2021-11-24 19:21:07,496 - trainer - INFO -     loss           : 2.2121695346429573
2021-11-24 19:21:07,496 - trainer - INFO -     seq2seq_NDCG   : 0.6768461465835571
2021-11-24 19:21:07,496 - trainer - INFO -     seq2seq_NDCG16 : 0.732586145401001
2021-11-24 19:21:07,496 - trainer - INFO -     val_loss       : 2.2050524422579714
2021-11-24 19:21:07,496 - trainer - INFO -     val_seq2seq_NDCG: 0.6798178553581238
2021-11-24 19:21:07,496 - trainer - INFO -     val_seq2seq_NDCG16: 0.7360907196998596
2021-11-24 19:21:07,497 - trainer - INFO - Performance is lower than epoch: 42
2021-11-24 19:36:19,494 - trainer - INFO -     epoch          : 45
2021-11-24 19:36:19,596 - trainer - INFO -     loss           : 2.2119209992145774
2021-11-24 19:36:19,596 - trainer - INFO -     seq2seq_NDCG   : 0.6769369840621948
2021-11-24 19:36:19,596 - trainer - INFO -     seq2seq_NDCG16 : 0.7326330542564392
2021-11-24 19:36:19,597 - trainer - INFO -     val_loss       : 2.2054262917364955
2021-11-24 19:36:19,597 - trainer - INFO -     val_seq2seq_NDCG: 0.6795851588249207
2021-11-24 19:36:19,597 - trainer - INFO -     val_seq2seq_NDCG16: 0.7357061505317688
2021-11-24 19:36:19,598 - trainer - INFO - Performance is lower than epoch: 42
2021-11-24 19:51:45,304 - trainer - INFO -     epoch          : 46
2021-11-24 19:51:45,351 - trainer - INFO -     loss           : 2.2117513472349004
2021-11-24 19:51:45,351 - trainer - INFO -     seq2seq_NDCG   : 0.6769367456436157
2021-11-24 19:51:45,351 - trainer - INFO -     seq2seq_NDCG16 : 0.732605516910553
2021-11-24 19:51:45,351 - trainer - INFO -     val_loss       : 2.2046070129365263
2021-11-24 19:51:45,351 - trainer - INFO -     val_seq2seq_NDCG: 0.6799435615539551
2021-11-24 19:51:45,351 - trainer - INFO -     val_seq2seq_NDCG16: 0.7361477613449097
2021-11-24 19:51:48,630 - trainer - INFO - Improved! Saving current best: model_best.pth ...
2021-11-24 20:07:07,504 - trainer - INFO -     epoch          : 47
2021-11-24 20:07:07,614 - trainer - INFO -     loss           : 2.2115715805414924
2021-11-24 20:07:07,614 - trainer - INFO -     seq2seq_NDCG   : 0.6770169734954834
2021-11-24 20:07:07,614 - trainer - INFO -     seq2seq_NDCG16 : 0.732650876045227
2021-11-24 20:07:07,614 - trainer - INFO -     val_loss       : 2.205348771551381
2021-11-24 20:07:07,615 - trainer - INFO -     val_seq2seq_NDCG: 0.6797096729278564
2021-11-24 20:07:07,615 - trainer - INFO -     val_seq2seq_NDCG16: 0.7359818816184998
2021-11-24 20:07:07,617 - trainer - INFO - Performance is lower than epoch: 46
2021-11-24 20:22:21,819 - trainer - INFO -     epoch          : 48
2021-11-24 20:22:21,957 - trainer - INFO -     loss           : 2.211348683881363
2021-11-24 20:22:21,958 - trainer - INFO -     seq2seq_NDCG   : 0.6770227551460266
2021-11-24 20:22:21,958 - trainer - INFO -     seq2seq_NDCG16 : 0.732735812664032
2021-11-24 20:22:21,958 - trainer - INFO -     val_loss       : 2.2044516890250203
2021-11-24 20:22:21,958 - trainer - INFO -     val_seq2seq_NDCG: 0.6799868941307068
2021-11-24 20:22:21,958 - trainer - INFO -     val_seq2seq_NDCG16: 0.7362853288650513
2021-11-24 20:22:25,868 - trainer - INFO - Improved! Saving current best: model_best.pth ...
2021-11-24 20:37:42,745 - trainer - INFO -     epoch          : 49
2021-11-24 20:37:42,818 - trainer - INFO -     loss           : 2.211018276306123
2021-11-24 20:37:42,818 - trainer - INFO -     seq2seq_NDCG   : 0.6772032976150513
2021-11-24 20:37:42,818 - trainer - INFO -     seq2seq_NDCG16 : 0.7328462600708008
2021-11-24 20:37:42,818 - trainer - INFO -     val_loss       : 2.2045652287085646
2021-11-24 20:37:42,818 - trainer - INFO -     val_seq2seq_NDCG: 0.6798731088638306
2021-11-24 20:37:42,818 - trainer - INFO -     val_seq2seq_NDCG16: 0.7360140681266785
2021-11-24 20:37:42,820 - trainer - INFO - Performance is lower than epoch: 48
2021-11-24 20:53:00,407 - trainer - INFO -     epoch          : 50
2021-11-24 20:53:00,500 - trainer - INFO -     loss           : 2.2110555969745933
2021-11-24 20:53:00,500 - trainer - INFO -     seq2seq_NDCG   : 0.6771707534790039
2021-11-24 20:53:00,501 - trainer - INFO -     seq2seq_NDCG16 : 0.7327921986579895
2021-11-24 20:53:00,501 - trainer - INFO -     val_loss       : 2.2040107817296177
2021-11-24 20:53:00,501 - trainer - INFO -     val_seq2seq_NDCG: 0.6800981163978577
2021-11-24 20:53:00,501 - trainer - INFO -     val_seq2seq_NDCG16: 0.7362779378890991
2021-11-24 20:53:03,898 - trainer - INFO - Improved! Saving current best: model_best.pth ...
2021-11-24 21:08:20,965 - trainer - INFO -     epoch          : 51
2021-11-24 21:08:21,092 - trainer - INFO -     loss           : 2.2106955104810795
2021-11-24 21:08:21,092 - trainer - INFO -     seq2seq_NDCG   : 0.6772606372833252
2021-11-24 21:08:21,092 - trainer - INFO -     seq2seq_NDCG16 : 0.732774019241333
2021-11-24 21:08:21,093 - trainer - INFO -     val_loss       : 2.205375567116701
2021-11-24 21:08:21,093 - trainer - INFO -     val_seq2seq_NDCG: 0.679821789264679
2021-11-24 21:08:21,093 - trainer - INFO -     val_seq2seq_NDCG16: 0.7358328700065613
2021-11-24 21:08:21,095 - trainer - INFO - Performance is lower than epoch: 50
2021-11-24 21:23:34,567 - trainer - INFO -     epoch          : 52
2021-11-24 21:23:34,678 - trainer - INFO -     loss           : 2.2105047020939628
2021-11-24 21:23:34,678 - trainer - INFO -     seq2seq_NDCG   : 0.6772598624229431
2021-11-24 21:23:34,678 - trainer - INFO -     seq2seq_NDCG16 : 0.7328284382820129
2021-11-24 21:23:34,678 - trainer - INFO -     val_loss       : 2.2040055060325683
2021-11-24 21:23:34,678 - trainer - INFO -     val_seq2seq_NDCG: 0.6801789999008179
2021-11-24 21:23:34,679 - trainer - INFO -     val_seq2seq_NDCG16: 0.7364384531974792
2021-11-24 21:23:38,188 - trainer - INFO - Improved! Saving current best: model_best.pth ...
2021-11-24 21:38:58,382 - trainer - INFO -     epoch          : 53
2021-11-24 21:38:58,497 - trainer - INFO -     loss           : 2.2102597682657565
2021-11-24 21:38:58,498 - trainer - INFO -     seq2seq_NDCG   : 0.6773485541343689
2021-11-24 21:38:58,498 - trainer - INFO -     seq2seq_NDCG16 : 0.7329517602920532
2021-11-24 21:38:58,498 - trainer - INFO -     val_loss       : 2.20510497971264
2021-11-24 21:38:58,498 - trainer - INFO -     val_seq2seq_NDCG: 0.6799414753913879
2021-11-24 21:38:58,498 - trainer - INFO -     val_seq2seq_NDCG16: 0.7362358570098877
2021-11-24 21:38:58,500 - trainer - INFO - Performance is lower than epoch: 52
2021-11-24 21:54:19,947 - trainer - INFO -     epoch          : 54
2021-11-24 21:54:20,071 - trainer - INFO -     loss           : 2.21011272700109
2021-11-24 21:54:20,071 - trainer - INFO -     seq2seq_NDCG   : 0.6773873567581177
2021-11-24 21:54:20,072 - trainer - INFO -     seq2seq_NDCG16 : 0.7328882813453674
2021-11-24 21:54:20,072 - trainer - INFO -     val_loss       : 2.204144541869688
2021-11-24 21:54:20,072 - trainer - INFO -     val_seq2seq_NDCG: 0.6802000403404236
2021-11-24 21:54:20,072 - trainer - INFO -     val_seq2seq_NDCG16: 0.7363053560256958
2021-11-24 21:54:20,074 - trainer - INFO - Performance is lower than epoch: 52
2021-11-24 22:09:40,364 - trainer - INFO -     epoch          : 55
2021-11-24 22:09:40,426 - trainer - INFO -     loss           : 2.210003205926008
2021-11-24 22:09:40,426 - trainer - INFO -     seq2seq_NDCG   : 0.6773709058761597
2021-11-24 22:09:40,426 - trainer - INFO -     seq2seq_NDCG16 : 0.7328940033912659
2021-11-24 22:09:40,426 - trainer - INFO -     val_loss       : 2.204248700300446
2021-11-24 22:09:40,426 - trainer - INFO -     val_seq2seq_NDCG: 0.679790198802948
2021-11-24 22:09:40,427 - trainer - INFO -     val_seq2seq_NDCG16: 0.7359246015548706
2021-11-24 22:09:40,428 - trainer - INFO - Performance is lower than epoch: 52
2021-11-24 22:25:01,774 - trainer - INFO -     epoch          : 56
2021-11-24 22:25:01,901 - trainer - INFO -     loss           : 2.2098198400730515
2021-11-24 22:25:01,901 - trainer - INFO -     seq2seq_NDCG   : 0.6774524450302124
2021-11-24 22:25:01,902 - trainer - INFO -     seq2seq_NDCG16 : 0.7329156398773193
2021-11-24 22:25:01,902 - trainer - INFO -     val_loss       : 2.2043743395744384
2021-11-24 22:25:01,902 - trainer - INFO -     val_seq2seq_NDCG: 0.6798489689826965
2021-11-24 22:25:01,902 - trainer - INFO -     val_seq2seq_NDCG16: 0.7361196279525757
2021-11-24 22:25:01,902 - trainer - INFO - Validation performance didn't improve for 3 epochs. Training stops.
2021-12-21 03:36:15,995 - train - INFO - BigArch(
  (row_encoder): FixedEmbedderNN(
    (embedder): FixedEmbedder(
      (embeddings): ModuleList(
        (0): Embedding(49, 32)
        (1): Embedding(4, 32)
        (2): Embedding(7, 32)
        (3): Embedding(30, 32)
        (4): Embedding(3, 32)
        (5): Embedding(12, 32)
        (6): Embedding(35, 32)
        (7): Embedding(3, 32)
        (8): Embedding(10, 32)
        (9): Embedding(2, 32)
      )
      (nns): ModuleList(
        (0): Linear(in_features=1, out_features=32, bias=True)
        (1): Linear(in_features=1, out_features=32, bias=True)
        (2): Linear(in_features=1, out_features=32, bias=True)
        (3): Linear(in_features=1, out_features=32, bias=True)
        (4): Linear(in_features=1, out_features=32, bias=True)
        (5): Linear(in_features=1, out_features=32, bias=True)
        (6): Linear(in_features=1, out_features=32, bias=True)
        (7): Linear(in_features=1, out_features=32, bias=True)
        (8): Linear(in_features=1, out_features=32, bias=True)
        (9): Linear(in_features=1, out_features=32, bias=True)
        (10): Linear(in_features=1, out_features=32, bias=True)
        (11): Linear(in_features=1, out_features=32, bias=True)
        (12): Linear(in_features=1, out_features=32, bias=True)
        (13): Linear(in_features=1, out_features=32, bias=True)
        (14): Linear(in_features=1, out_features=32, bias=True)
        (15): Linear(in_features=1, out_features=32, bias=True)
        (16): Linear(in_features=1, out_features=32, bias=True)
        (17): Linear(in_features=1, out_features=32, bias=True)
        (18): Linear(in_features=1, out_features=32, bias=True)
        (19): Linear(in_features=1, out_features=32, bias=True)
        (20): Linear(in_features=1, out_features=32, bias=True)
        (21): Linear(in_features=1, out_features=32, bias=True)
        (22): Linear(in_features=1, out_features=32, bias=True)
        (23): Linear(in_features=1, out_features=32, bias=True)
        (24): Linear(in_features=1, out_features=32, bias=True)
        (25): Linear(in_features=1, out_features=32, bias=True)
        (26): Linear(in_features=1, out_features=32, bias=True)
        (27): Linear(in_features=1, out_features=32, bias=True)
        (28): Linear(in_features=1, out_features=32, bias=True)
        (29): Linear(in_features=1, out_features=32, bias=True)
        (30): Linear(in_features=1, out_features=32, bias=True)
        (31): Linear(in_features=1, out_features=32, bias=True)
        (32): Linear(in_features=1, out_features=32, bias=True)
        (33): Linear(in_features=1, out_features=32, bias=True)
        (34): Linear(in_features=1, out_features=32, bias=True)
        (35): Linear(in_features=1, out_features=32, bias=True)
        (36): Linear(in_features=1, out_features=32, bias=True)
        (37): Linear(in_features=1, out_features=32, bias=True)
        (38): Linear(in_features=1, out_features=32, bias=True)
        (39): Linear(in_features=1, out_features=32, bias=True)
        (40): Linear(in_features=1, out_features=32, bias=True)
        (41): Linear(in_features=1, out_features=32, bias=True)
      )
    )
    (input_layer): Linear(in_features=1664, out_features=128, bias=True)
    (nn_layers): Sequential(
      (0): Sequential(
        (0): Linear(in_features=128, out_features=256, bias=True)
        (1): Dropout(p=0.3, inplace=False)
        (2): Linear(in_features=256, out_features=128, bias=True)
        (3): LayerNorm((128,), eps=1e-05, elementwise_affine=True)
      )
      (1): Sequential(
        (0): Linear(in_features=128, out_features=256, bias=True)
        (1): Dropout(p=0.3, inplace=False)
        (2): Linear(in_features=256, out_features=128, bias=True)
        (3): LayerNorm((128,), eps=1e-05, elementwise_affine=True)
      )
      (2): Sequential(
        (0): Linear(in_features=128, out_features=256, bias=True)
        (1): Dropout(p=0.3, inplace=False)
        (2): Linear(in_features=256, out_features=128, bias=True)
        (3): LayerNorm((128,), eps=1e-05, elementwise_affine=True)
      )
    )
    (output_layer): Identity()
  )
  (rows_aggregator): RowsTransformerAggregator(
    (AttenLayer): TransformerEncoder(
      (layers): ModuleList(
        (0): TransformerEncoderLayer(
          (self_attn): MultiheadAttention(
            (out_proj): NonDynamicallyQuantizableLinear(in_features=128, out_features=128, bias=True)
          )
          (linear1): Linear(in_features=128, out_features=512, bias=True)
          (dropout): Dropout(p=0.3, inplace=False)
          (linear2): Linear(in_features=512, out_features=128, bias=True)
          (norm1): LayerNorm((128,), eps=1e-05, elementwise_affine=True)
          (norm2): LayerNorm((128,), eps=1e-05, elementwise_affine=True)
          (dropout1): Dropout(p=0.3, inplace=False)
          (dropout2): Dropout(p=0.3, inplace=False)
        )
        (1): TransformerEncoderLayer(
          (self_attn): MultiheadAttention(
            (out_proj): NonDynamicallyQuantizableLinear(in_features=128, out_features=128, bias=True)
          )
          (linear1): Linear(in_features=128, out_features=512, bias=True)
          (dropout): Dropout(p=0.3, inplace=False)
          (linear2): Linear(in_features=512, out_features=128, bias=True)
          (norm1): LayerNorm((128,), eps=1e-05, elementwise_affine=True)
          (norm2): LayerNorm((128,), eps=1e-05, elementwise_affine=True)
          (dropout1): Dropout(p=0.3, inplace=False)
          (dropout2): Dropout(p=0.3, inplace=False)
        )
      )
    )
  )
  (temporal_aggregator): Seq2SeqGruAggregator(
    (gru): GRU(128, 256, num_layers=2, batch_first=True, dropout=0.3)
  )
  (classifier): Sequential(
    (0): Linear(in_features=256, out_features=49, bias=True)
  )
)
Trainable parameters: 1519633
2021-12-21 03:52:14,230 - trainer - INFO -     epoch          : 1
2021-12-21 03:52:14,247 - trainer - INFO -     loss           : 2.6129276857723887
2021-12-21 03:52:14,247 - trainer - INFO -     seq2seq_NDCG   : 0.5547724962234497
2021-12-21 03:52:14,247 - trainer - INFO -     seq2seq_NDCG16 : 0.6203933358192444
2021-12-21 03:52:14,247 - trainer - INFO -     val_loss       : 2.3531900818085734
2021-12-21 03:52:14,247 - trainer - INFO -     val_seq2seq_NDCG: 0.643729031085968
2021-12-21 03:52:14,248 - trainer - INFO -     val_seq2seq_NDCG16: 0.7026565670967102
2021-12-21 03:52:14,561 - trainer - INFO - Improved! Saving current best: model_best.pth ...
2021-12-21 04:07:25,221 - trainer - INFO -     epoch          : 2
2021-12-21 04:07:25,291 - trainer - INFO -     loss           : 2.331997024807042
2021-12-21 04:07:25,291 - trainer - INFO -     seq2seq_NDCG   : 0.6429029107093811
2021-12-21 04:07:25,291 - trainer - INFO -     seq2seq_NDCG16 : 0.7023107409477234
2021-12-21 04:07:25,291 - trainer - INFO -     val_loss       : 2.280613344343727
2021-12-21 04:07:25,292 - trainer - INFO -     val_seq2seq_NDCG: 0.6555172801017761
2021-12-21 04:07:25,292 - trainer - INFO -     val_seq2seq_NDCG16: 0.7151696085929871
2021-12-21 04:07:25,534 - trainer - INFO - Improved! Saving current best: model_best.pth ...
2021-12-21 04:22:42,666 - trainer - INFO -     epoch          : 3
2021-12-21 04:22:42,707 - trainer - INFO -     loss           : 2.287961600151721
2021-12-21 04:22:42,708 - trainer - INFO -     seq2seq_NDCG   : 0.6507790684700012
2021-12-21 04:22:42,708 - trainer - INFO -     seq2seq_NDCG16 : 0.709464430809021
2021-12-21 04:22:42,708 - trainer - INFO -     val_loss       : 2.256944681372484
2021-12-21 04:22:42,708 - trainer - INFO -     val_seq2seq_NDCG: 0.6581222414970398
2021-12-21 04:22:42,708 - trainer - INFO -     val_seq2seq_NDCG16: 0.7175053954124451
2021-12-21 04:22:43,020 - trainer - INFO - Improved! Saving current best: model_best.pth ...
2021-12-21 04:38:02,297 - trainer - INFO -     epoch          : 4
2021-12-21 04:38:02,530 - trainer - INFO -     loss           : 2.2688267259969974
2021-12-21 04:38:02,530 - trainer - INFO -     seq2seq_NDCG   : 0.6543097496032715
2021-12-21 04:38:02,530 - trainer - INFO -     seq2seq_NDCG16 : 0.712489664554596
2021-12-21 04:38:02,531 - trainer - INFO -     val_loss       : 2.243960610436052
2021-12-21 04:38:02,531 - trainer - INFO -     val_seq2seq_NDCG: 0.6612281799316406
2021-12-21 04:38:02,531 - trainer - INFO -     val_seq2seq_NDCG16: 0.7198072671890259
2021-12-21 04:38:03,425 - trainer - INFO - Improved! Saving current best: model_best.pth ...
2021-12-21 04:53:21,186 - trainer - INFO -     epoch          : 5
2021-12-21 04:53:21,541 - trainer - INFO -     loss           : 2.258139041319766
2021-12-21 04:53:21,542 - trainer - INFO -     seq2seq_NDCG   : 0.6565970778465271
2021-12-21 04:53:21,542 - trainer - INFO -     seq2seq_NDCG16 : 0.7141644954681396
2021-12-21 04:53:21,542 - trainer - INFO -     val_loss       : 2.2387604493924114
2021-12-21 04:53:21,542 - trainer - INFO -     val_seq2seq_NDCG: 0.6626485586166382
2021-12-21 04:53:21,542 - trainer - INFO -     val_seq2seq_NDCG16: 0.7204755544662476
2021-12-21 04:53:22,535 - trainer - INFO - Improved! Saving current best: model_best.pth ...
2021-12-21 05:08:40,741 - trainer - INFO -     epoch          : 6
2021-12-21 05:08:40,935 - trainer - INFO -     loss           : 2.25037664354267
2021-12-21 05:08:40,936 - trainer - INFO -     seq2seq_NDCG   : 0.6584308743476868
2021-12-21 05:08:40,936 - trainer - INFO -     seq2seq_NDCG16 : 0.7155370712280273
2021-12-21 05:08:40,936 - trainer - INFO -     val_loss       : 2.22954513410778
2021-12-21 05:08:40,936 - trainer - INFO -     val_seq2seq_NDCG: 0.6646615862846375
2021-12-21 05:08:40,936 - trainer - INFO -     val_seq2seq_NDCG16: 0.7219957709312439
2021-12-21 05:08:41,472 - trainer - INFO - Improved! Saving current best: model_best.pth ...
2021-12-21 05:23:56,547 - trainer - INFO -     epoch          : 7
2021-12-21 05:23:56,599 - trainer - INFO -     loss           : 2.244854446412353
2021-12-21 05:23:56,599 - trainer - INFO -     seq2seq_NDCG   : 0.6598131656646729
2021-12-21 05:23:56,599 - trainer - INFO -     seq2seq_NDCG16 : 0.7163612842559814
2021-12-21 05:23:56,599 - trainer - INFO -     val_loss       : 2.226296322425003
2021-12-21 05:23:56,599 - trainer - INFO -     val_seq2seq_NDCG: 0.66526859998703
2021-12-21 05:23:56,600 - trainer - INFO -     val_seq2seq_NDCG16: 0.7219977974891663
2021-12-21 05:23:56,868 - trainer - INFO - Improved! Saving current best: model_best.pth ...
