2021-12-12 05:43:09,163 - train - INFO - MultiIndexModel2(
  (embedder): FixedEmbedder(
    (embeddings): ModuleList(
      (0): Embedding(49, 32)
      (1): Embedding(4, 32)
      (2): Embedding(7, 32)
      (3): Embedding(30, 32)
      (4): Embedding(3, 32)
      (5): Embedding(12, 32)
      (6): Embedding(35, 32)
      (7): Embedding(3, 32)
      (8): Embedding(10, 32)
      (9): Embedding(2, 32)
    )
    (nns): ModuleList(
      (0): Linear(in_features=1, out_features=32, bias=True)
      (1): Linear(in_features=1, out_features=32, bias=True)
      (2): Linear(in_features=1, out_features=32, bias=True)
      (3): Linear(in_features=1, out_features=32, bias=True)
      (4): Linear(in_features=1, out_features=32, bias=True)
      (5): Linear(in_features=1, out_features=32, bias=True)
      (6): Linear(in_features=1, out_features=32, bias=True)
      (7): Linear(in_features=1, out_features=32, bias=True)
      (8): Linear(in_features=1, out_features=32, bias=True)
      (9): Linear(in_features=1, out_features=32, bias=True)
      (10): Linear(in_features=1, out_features=32, bias=True)
      (11): Linear(in_features=1, out_features=32, bias=True)
      (12): Linear(in_features=1, out_features=32, bias=True)
      (13): Linear(in_features=1, out_features=32, bias=True)
      (14): Linear(in_features=1, out_features=32, bias=True)
      (15): Linear(in_features=1, out_features=32, bias=True)
      (16): Linear(in_features=1, out_features=32, bias=True)
      (17): Linear(in_features=1, out_features=32, bias=True)
      (18): Linear(in_features=1, out_features=32, bias=True)
      (19): Linear(in_features=1, out_features=32, bias=True)
      (20): Linear(in_features=1, out_features=32, bias=True)
      (21): Linear(in_features=1, out_features=32, bias=True)
      (22): Linear(in_features=1, out_features=32, bias=True)
      (23): Linear(in_features=1, out_features=32, bias=True)
      (24): Linear(in_features=1, out_features=32, bias=True)
      (25): Linear(in_features=1, out_features=32, bias=True)
      (26): Linear(in_features=1, out_features=32, bias=True)
      (27): Linear(in_features=1, out_features=32, bias=True)
      (28): Linear(in_features=1, out_features=32, bias=True)
      (29): Linear(in_features=1, out_features=32, bias=True)
      (30): Linear(in_features=1, out_features=32, bias=True)
      (31): Linear(in_features=1, out_features=32, bias=True)
      (32): Linear(in_features=1, out_features=32, bias=True)
      (33): Linear(in_features=1, out_features=32, bias=True)
      (34): Linear(in_features=1, out_features=32, bias=True)
      (35): Linear(in_features=1, out_features=32, bias=True)
      (36): Linear(in_features=1, out_features=32, bias=True)
      (37): Linear(in_features=1, out_features=32, bias=True)
      (38): Linear(in_features=1, out_features=32, bias=True)
      (39): Linear(in_features=1, out_features=32, bias=True)
      (40): Linear(in_features=1, out_features=32, bias=True)
      (41): Linear(in_features=1, out_features=32, bias=True)
    )
  )
  (row_encoder): Sequential(
    (0): Linear(in_features=1664, out_features=768, bias=True)
    (1): LeakyReLU(negative_slope=0.01)
    (2): Dropout(p=0.3, inplace=False)
    (3): Linear(in_features=768, out_features=512, bias=True)
    (4): LeakyReLU(negative_slope=0.01)
    (5): Dropout(p=0.3, inplace=False)
    (6): Linear(in_features=512, out_features=256, bias=True)
    (7): LeakyReLU(negative_slope=0.01)
    (8): Dropout(p=0.3, inplace=False)
    (9): Linear(in_features=256, out_features=128, bias=True)
    (10): LeakyReLU(negative_slope=0.01)
  )
  (rows_aggregator): Sequential(
    (0): Linear(in_features=6272, out_features=768, bias=True)
    (1): LeakyReLU(negative_slope=0.01)
    (2): Dropout(p=0.3, inplace=False)
    (3): Linear(in_features=768, out_features=512, bias=True)
    (4): LeakyReLU(negative_slope=0.01)
    (5): Dropout(p=0.3, inplace=False)
    (6): Linear(in_features=512, out_features=256, bias=True)
    (7): LeakyReLU(negative_slope=0.01)
    (8): Dropout(p=0.3, inplace=False)
    (9): Linear(in_features=256, out_features=128, bias=True)
    (10): LeakyReLU(negative_slope=0.01)
  )
  (temporal_aggregator): Seq2SeqGruAggregator(
    (gru): GRU(128, 256, num_layers=3, batch_first=True, dropout=0.3)
  )
  (classifier): Sequential(
    (0): Linear(in_features=256, out_features=49, bias=True)
  )
)
Trainable parameters: 8318481
2021-12-12 05:43:20,552 - trainer - INFO -     epoch          : 1
2021-12-12 05:43:20,553 - trainer - INFO -     loss           : 3.901951253414154
2021-12-12 05:43:20,553 - trainer - INFO -     seq2seq_NDCG   : 0.016733892261981964
2021-12-12 05:43:20,553 - trainer - INFO -     seq2seq_NDCG16 : 0.1557997316122055
2021-12-12 05:43:20,553 - trainer - INFO -     val_loss       : 3.9015579223632812
2021-12-12 05:43:20,553 - trainer - INFO -     val_seq2seq_NDCG: 0.013169113546609879
2021-12-12 05:43:20,554 - trainer - INFO -     val_seq2seq_NDCG16: 0.16886165738105774
2021-12-12 05:43:20,874 - trainer - INFO - Improved! Saving current best: model_best.pth ...
2021-12-12 05:45:12,949 - train - INFO - MultiIndexModel2(
  (embedder): FixedEmbedder(
    (embeddings): ModuleList(
      (0): Embedding(49, 32)
      (1): Embedding(4, 32)
      (2): Embedding(7, 32)
      (3): Embedding(30, 32)
      (4): Embedding(3, 32)
      (5): Embedding(12, 32)
      (6): Embedding(35, 32)
      (7): Embedding(3, 32)
      (8): Embedding(10, 32)
      (9): Embedding(2, 32)
    )
    (nns): ModuleList(
      (0): Linear(in_features=1, out_features=32, bias=True)
      (1): Linear(in_features=1, out_features=32, bias=True)
      (2): Linear(in_features=1, out_features=32, bias=True)
      (3): Linear(in_features=1, out_features=32, bias=True)
      (4): Linear(in_features=1, out_features=32, bias=True)
      (5): Linear(in_features=1, out_features=32, bias=True)
      (6): Linear(in_features=1, out_features=32, bias=True)
      (7): Linear(in_features=1, out_features=32, bias=True)
      (8): Linear(in_features=1, out_features=32, bias=True)
      (9): Linear(in_features=1, out_features=32, bias=True)
      (10): Linear(in_features=1, out_features=32, bias=True)
      (11): Linear(in_features=1, out_features=32, bias=True)
      (12): Linear(in_features=1, out_features=32, bias=True)
      (13): Linear(in_features=1, out_features=32, bias=True)
      (14): Linear(in_features=1, out_features=32, bias=True)
      (15): Linear(in_features=1, out_features=32, bias=True)
      (16): Linear(in_features=1, out_features=32, bias=True)
      (17): Linear(in_features=1, out_features=32, bias=True)
      (18): Linear(in_features=1, out_features=32, bias=True)
      (19): Linear(in_features=1, out_features=32, bias=True)
      (20): Linear(in_features=1, out_features=32, bias=True)
      (21): Linear(in_features=1, out_features=32, bias=True)
      (22): Linear(in_features=1, out_features=32, bias=True)
      (23): Linear(in_features=1, out_features=32, bias=True)
      (24): Linear(in_features=1, out_features=32, bias=True)
      (25): Linear(in_features=1, out_features=32, bias=True)
      (26): Linear(in_features=1, out_features=32, bias=True)
      (27): Linear(in_features=1, out_features=32, bias=True)
      (28): Linear(in_features=1, out_features=32, bias=True)
      (29): Linear(in_features=1, out_features=32, bias=True)
      (30): Linear(in_features=1, out_features=32, bias=True)
      (31): Linear(in_features=1, out_features=32, bias=True)
      (32): Linear(in_features=1, out_features=32, bias=True)
      (33): Linear(in_features=1, out_features=32, bias=True)
      (34): Linear(in_features=1, out_features=32, bias=True)
      (35): Linear(in_features=1, out_features=32, bias=True)
      (36): Linear(in_features=1, out_features=32, bias=True)
      (37): Linear(in_features=1, out_features=32, bias=True)
      (38): Linear(in_features=1, out_features=32, bias=True)
      (39): Linear(in_features=1, out_features=32, bias=True)
      (40): Linear(in_features=1, out_features=32, bias=True)
      (41): Linear(in_features=1, out_features=32, bias=True)
    )
  )
  (row_encoder): Sequential(
    (0): Linear(in_features=1664, out_features=768, bias=True)
    (1): LeakyReLU(negative_slope=0.01)
    (2): Dropout(p=0.3, inplace=False)
    (3): Linear(in_features=768, out_features=512, bias=True)
    (4): LeakyReLU(negative_slope=0.01)
    (5): Dropout(p=0.19999999999999998, inplace=False)
    (6): Linear(in_features=512, out_features=256, bias=True)
    (7): LeakyReLU(negative_slope=0.01)
    (8): Dropout(p=0.15, inplace=False)
    (9): Linear(in_features=256, out_features=128, bias=True)
    (10): LeakyReLU(negative_slope=0.01)
  )
  (rows_aggregator): Sequential(
    (0): Linear(in_features=6272, out_features=768, bias=True)
    (1): LeakyReLU(negative_slope=0.01)
    (2): Dropout(p=0.3, inplace=False)
    (3): Linear(in_features=768, out_features=512, bias=True)
    (4): LeakyReLU(negative_slope=0.01)
    (5): Dropout(p=0.19999999999999998, inplace=False)
    (6): Linear(in_features=512, out_features=256, bias=True)
    (7): LeakyReLU(negative_slope=0.01)
    (8): Dropout(p=0.15, inplace=False)
    (9): Linear(in_features=256, out_features=128, bias=True)
    (10): LeakyReLU(negative_slope=0.01)
  )
  (temporal_aggregator): Seq2SeqGruAggregator(
    (gru): GRU(128, 256, num_layers=3, batch_first=True, dropout=0.3)
  )
  (classifier): Sequential(
    (0): Linear(in_features=256, out_features=49, bias=True)
  )
)
Trainable parameters: 8318481
2021-12-12 05:46:48,379 - train - INFO - MultiIndexModel2(
  (embedder): FixedEmbedder(
    (embeddings): ModuleList(
      (0): Embedding(49, 32)
      (1): Embedding(4, 32)
      (2): Embedding(7, 32)
      (3): Embedding(30, 32)
      (4): Embedding(3, 32)
      (5): Embedding(12, 32)
      (6): Embedding(35, 32)
      (7): Embedding(3, 32)
      (8): Embedding(10, 32)
      (9): Embedding(2, 32)
    )
    (nns): ModuleList(
      (0): Linear(in_features=1, out_features=32, bias=True)
      (1): Linear(in_features=1, out_features=32, bias=True)
      (2): Linear(in_features=1, out_features=32, bias=True)
      (3): Linear(in_features=1, out_features=32, bias=True)
      (4): Linear(in_features=1, out_features=32, bias=True)
      (5): Linear(in_features=1, out_features=32, bias=True)
      (6): Linear(in_features=1, out_features=32, bias=True)
      (7): Linear(in_features=1, out_features=32, bias=True)
      (8): Linear(in_features=1, out_features=32, bias=True)
      (9): Linear(in_features=1, out_features=32, bias=True)
      (10): Linear(in_features=1, out_features=32, bias=True)
      (11): Linear(in_features=1, out_features=32, bias=True)
      (12): Linear(in_features=1, out_features=32, bias=True)
      (13): Linear(in_features=1, out_features=32, bias=True)
      (14): Linear(in_features=1, out_features=32, bias=True)
      (15): Linear(in_features=1, out_features=32, bias=True)
      (16): Linear(in_features=1, out_features=32, bias=True)
      (17): Linear(in_features=1, out_features=32, bias=True)
      (18): Linear(in_features=1, out_features=32, bias=True)
      (19): Linear(in_features=1, out_features=32, bias=True)
      (20): Linear(in_features=1, out_features=32, bias=True)
      (21): Linear(in_features=1, out_features=32, bias=True)
      (22): Linear(in_features=1, out_features=32, bias=True)
      (23): Linear(in_features=1, out_features=32, bias=True)
      (24): Linear(in_features=1, out_features=32, bias=True)
      (25): Linear(in_features=1, out_features=32, bias=True)
      (26): Linear(in_features=1, out_features=32, bias=True)
      (27): Linear(in_features=1, out_features=32, bias=True)
      (28): Linear(in_features=1, out_features=32, bias=True)
      (29): Linear(in_features=1, out_features=32, bias=True)
      (30): Linear(in_features=1, out_features=32, bias=True)
      (31): Linear(in_features=1, out_features=32, bias=True)
      (32): Linear(in_features=1, out_features=32, bias=True)
      (33): Linear(in_features=1, out_features=32, bias=True)
      (34): Linear(in_features=1, out_features=32, bias=True)
      (35): Linear(in_features=1, out_features=32, bias=True)
      (36): Linear(in_features=1, out_features=32, bias=True)
      (37): Linear(in_features=1, out_features=32, bias=True)
      (38): Linear(in_features=1, out_features=32, bias=True)
      (39): Linear(in_features=1, out_features=32, bias=True)
      (40): Linear(in_features=1, out_features=32, bias=True)
      (41): Linear(in_features=1, out_features=32, bias=True)
    )
  )
  (row_encoder): Sequential(
    (0): Linear(in_features=1664, out_features=768, bias=True)
    (1): LeakyReLU(negative_slope=0.01)
    (2): Dropout(p=0.3, inplace=False)
    (3): Linear(in_features=768, out_features=512, bias=True)
    (4): LeakyReLU(negative_slope=0.01)
    (5): Dropout(p=0.19999999999999998, inplace=False)
    (6): Linear(in_features=512, out_features=256, bias=True)
    (7): LeakyReLU(negative_slope=0.01)
    (8): Dropout(p=0.15, inplace=False)
    (9): Linear(in_features=256, out_features=128, bias=True)
    (10): LeakyReLU(negative_slope=0.01)
  )
  (rows_aggregator): Sequential(
    (0): Linear(in_features=6272, out_features=768, bias=True)
    (1): LeakyReLU(negative_slope=0.01)
    (2): Dropout(p=0.3, inplace=False)
    (3): Linear(in_features=768, out_features=512, bias=True)
    (4): LeakyReLU(negative_slope=0.01)
    (5): Dropout(p=0.19999999999999998, inplace=False)
    (6): Linear(in_features=512, out_features=256, bias=True)
    (7): LeakyReLU(negative_slope=0.01)
    (8): Dropout(p=0.15, inplace=False)
    (9): Linear(in_features=256, out_features=128, bias=True)
    (10): LeakyReLU(negative_slope=0.01)
  )
  (temporal_aggregator): Seq2SeqGruAggregator(
    (gru): GRU(128, 256, num_layers=3, batch_first=True, dropout=0.3)
  )
  (classifier): Sequential(
    (0): Linear(in_features=256, out_features=49, bias=True)
  )
)
Trainable parameters: 8318481
2021-12-12 05:48:34,266 - train - INFO - MultiIndexModel2(
  (embedder): FixedEmbedder(
    (embeddings): ModuleList(
      (0): Embedding(49, 32)
      (1): Embedding(4, 32)
      (2): Embedding(7, 32)
      (3): Embedding(30, 32)
      (4): Embedding(3, 32)
      (5): Embedding(12, 32)
      (6): Embedding(35, 32)
      (7): Embedding(3, 32)
      (8): Embedding(10, 32)
      (9): Embedding(2, 32)
    )
    (nns): ModuleList(
      (0): Linear(in_features=1, out_features=32, bias=True)
      (1): Linear(in_features=1, out_features=32, bias=True)
      (2): Linear(in_features=1, out_features=32, bias=True)
      (3): Linear(in_features=1, out_features=32, bias=True)
      (4): Linear(in_features=1, out_features=32, bias=True)
      (5): Linear(in_features=1, out_features=32, bias=True)
      (6): Linear(in_features=1, out_features=32, bias=True)
      (7): Linear(in_features=1, out_features=32, bias=True)
      (8): Linear(in_features=1, out_features=32, bias=True)
      (9): Linear(in_features=1, out_features=32, bias=True)
      (10): Linear(in_features=1, out_features=32, bias=True)
      (11): Linear(in_features=1, out_features=32, bias=True)
      (12): Linear(in_features=1, out_features=32, bias=True)
      (13): Linear(in_features=1, out_features=32, bias=True)
      (14): Linear(in_features=1, out_features=32, bias=True)
      (15): Linear(in_features=1, out_features=32, bias=True)
      (16): Linear(in_features=1, out_features=32, bias=True)
      (17): Linear(in_features=1, out_features=32, bias=True)
      (18): Linear(in_features=1, out_features=32, bias=True)
      (19): Linear(in_features=1, out_features=32, bias=True)
      (20): Linear(in_features=1, out_features=32, bias=True)
      (21): Linear(in_features=1, out_features=32, bias=True)
      (22): Linear(in_features=1, out_features=32, bias=True)
      (23): Linear(in_features=1, out_features=32, bias=True)
      (24): Linear(in_features=1, out_features=32, bias=True)
      (25): Linear(in_features=1, out_features=32, bias=True)
      (26): Linear(in_features=1, out_features=32, bias=True)
      (27): Linear(in_features=1, out_features=32, bias=True)
      (28): Linear(in_features=1, out_features=32, bias=True)
      (29): Linear(in_features=1, out_features=32, bias=True)
      (30): Linear(in_features=1, out_features=32, bias=True)
      (31): Linear(in_features=1, out_features=32, bias=True)
      (32): Linear(in_features=1, out_features=32, bias=True)
      (33): Linear(in_features=1, out_features=32, bias=True)
      (34): Linear(in_features=1, out_features=32, bias=True)
      (35): Linear(in_features=1, out_features=32, bias=True)
      (36): Linear(in_features=1, out_features=32, bias=True)
      (37): Linear(in_features=1, out_features=32, bias=True)
      (38): Linear(in_features=1, out_features=32, bias=True)
      (39): Linear(in_features=1, out_features=32, bias=True)
      (40): Linear(in_features=1, out_features=32, bias=True)
      (41): Linear(in_features=1, out_features=32, bias=True)
    )
  )
  (row_encoder): Sequential(
    (0): Linear(in_features=1664, out_features=768, bias=True)
    (1): LeakyReLU(negative_slope=0.01)
    (2): Dropout(p=0.3, inplace=False)
    (3): Linear(in_features=768, out_features=512, bias=True)
    (4): LeakyReLU(negative_slope=0.01)
    (5): Dropout(p=0.19999999999999998, inplace=False)
    (6): Linear(in_features=512, out_features=256, bias=True)
    (7): LeakyReLU(negative_slope=0.01)
    (8): Dropout(p=0.15, inplace=False)
    (9): Linear(in_features=256, out_features=128, bias=True)
    (10): LeakyReLU(negative_slope=0.01)
  )
  (rows_aggregator): Sequential(
    (0): Linear(in_features=6272, out_features=768, bias=True)
    (1): LeakyReLU(negative_slope=0.01)
    (2): Dropout(p=0.3, inplace=False)
    (3): Linear(in_features=768, out_features=512, bias=True)
    (4): LeakyReLU(negative_slope=0.01)
    (5): Dropout(p=0.19999999999999998, inplace=False)
    (6): Linear(in_features=512, out_features=256, bias=True)
    (7): LeakyReLU(negative_slope=0.01)
    (8): Dropout(p=0.15, inplace=False)
    (9): Linear(in_features=256, out_features=128, bias=True)
    (10): LeakyReLU(negative_slope=0.01)
  )
  (temporal_aggregator): Seq2SeqGruAggregator(
    (gru): GRU(128, 256, num_layers=3, batch_first=True, dropout=0.3)
  )
  (classifier): Sequential(
    (0): Linear(in_features=256, out_features=49, bias=True)
  )
)
Trainable parameters: 8318481
2021-12-12 05:53:17,054 - trainer - INFO -     epoch          : 1
2021-12-12 05:53:17,152 - trainer - INFO -     loss           : 3.259487293689187
2021-12-12 05:53:17,153 - trainer - INFO -     seq2seq_NDCG   : 0.3368719220161438
2021-12-12 05:53:17,153 - trainer - INFO -     seq2seq_NDCG16 : 0.4217994511127472
2021-12-12 05:53:17,153 - trainer - INFO -     val_loss       : 2.902373270554976
2021-12-12 05:53:17,153 - trainer - INFO -     val_seq2seq_NDCG: 0.41028985381126404
2021-12-12 05:53:17,153 - trainer - INFO -     val_seq2seq_NDCG16: 0.4949090778827667
2021-12-12 05:54:14,703 - trainer - INFO - Improved! Saving current best: model_best.pth ...
2021-12-12 05:58:00,141 - trainer - INFO -     epoch          : 2
2021-12-12 05:58:00,186 - trainer - INFO -     loss           : 2.7214293114526975
2021-12-12 05:58:00,186 - trainer - INFO -     seq2seq_NDCG   : 0.5048075318336487
2021-12-12 05:58:00,186 - trainer - INFO -     seq2seq_NDCG16 : 0.5720425844192505
2021-12-12 05:58:00,186 - trainer - INFO -     val_loss       : 2.506082195224184
2021-12-12 05:58:00,186 - trainer - INFO -     val_seq2seq_NDCG: 0.5999396443367004
2021-12-12 05:58:00,186 - trainer - INFO -     val_seq2seq_NDCG16: 0.6575333476066589
2021-12-12 05:58:48,002 - trainer - INFO - Improved! Saving current best: model_best.pth ...
2021-12-12 06:02:32,637 - trainer - INFO -     epoch          : 3
2021-12-12 06:02:32,710 - trainer - INFO -     loss           : 2.4360524466211313
2021-12-12 06:02:32,710 - trainer - INFO -     seq2seq_NDCG   : 0.6204016804695129
2021-12-12 06:02:32,710 - trainer - INFO -     seq2seq_NDCG16 : 0.6771085858345032
2021-12-12 06:02:32,711 - trainer - INFO -     val_loss       : 2.3681903355049365
2021-12-12 06:02:32,711 - trainer - INFO -     val_seq2seq_NDCG: 0.6391070485115051
2021-12-12 06:02:32,711 - trainer - INFO -     val_seq2seq_NDCG16: 0.6964967250823975
2021-12-12 06:03:29,655 - trainer - INFO - Improved! Saving current best: model_best.pth ...
2021-12-12 06:07:14,013 - trainer - INFO -     epoch          : 4
2021-12-12 06:07:14,182 - trainer - INFO -     loss           : 2.3642831542939517
2021-12-12 06:07:14,183 - trainer - INFO -     seq2seq_NDCG   : 0.6382596492767334
2021-12-12 06:07:14,183 - trainer - INFO -     seq2seq_NDCG16 : 0.6953513026237488
2021-12-12 06:07:14,183 - trainer - INFO -     val_loss       : 2.3249122843597876
2021-12-12 06:07:14,183 - trainer - INFO -     val_seq2seq_NDCG: 0.6490017175674438
2021-12-12 06:07:14,183 - trainer - INFO -     val_seq2seq_NDCG16: 0.706852912902832
2021-12-12 06:08:11,338 - trainer - INFO - Improved! Saving current best: model_best.pth ...
2021-12-12 06:11:56,585 - trainer - INFO -     epoch          : 5
2021-12-12 06:11:56,728 - trainer - INFO -     loss           : 2.331828447137299
2021-12-12 06:11:56,728 - trainer - INFO -     seq2seq_NDCG   : 0.6444174647331238
2021-12-12 06:11:56,728 - trainer - INFO -     seq2seq_NDCG16 : 0.7021086812019348
2021-12-12 06:11:56,728 - trainer - INFO -     val_loss       : 2.3002415281353574
2021-12-12 06:11:56,731 - trainer - INFO -     val_seq2seq_NDCG: 0.6531839966773987
2021-12-12 06:11:56,731 - trainer - INFO -     val_seq2seq_NDCG16: 0.7115733027458191
2021-12-12 06:12:54,263 - trainer - INFO - Improved! Saving current best: model_best.pth ...
2021-12-12 06:16:38,764 - trainer - INFO -     epoch          : 6
2021-12-12 06:16:38,841 - trainer - INFO -     loss           : 2.3119107644676706
2021-12-12 06:16:38,841 - trainer - INFO -     seq2seq_NDCG   : 0.6478701233863831
2021-12-12 06:16:38,842 - trainer - INFO -     seq2seq_NDCG16 : 0.7058141231536865
2021-12-12 06:16:38,842 - trainer - INFO -     val_loss       : 2.284462242415457
2021-12-12 06:16:38,842 - trainer - INFO -     val_seq2seq_NDCG: 0.6555588841438293
2021-12-12 06:16:38,842 - trainer - INFO -     val_seq2seq_NDCG16: 0.7139343619346619
2021-12-12 06:17:31,298 - trainer - INFO - Improved! Saving current best: model_best.pth ...
2021-12-12 06:21:16,436 - trainer - INFO -     epoch          : 7
2021-12-12 06:21:16,580 - trainer - INFO -     loss           : 2.297923735731863
2021-12-12 06:21:16,580 - trainer - INFO -     seq2seq_NDCG   : 0.6503689885139465
2021-12-12 06:21:16,580 - trainer - INFO -     seq2seq_NDCG16 : 0.7084051370620728
2021-12-12 06:21:16,581 - trainer - INFO -     val_loss       : 2.2748504804842398
2021-12-12 06:21:16,581 - trainer - INFO -     val_seq2seq_NDCG: 0.6571574807167053
2021-12-12 06:21:16,581 - trainer - INFO -     val_seq2seq_NDCG16: 0.7158522605895996
2021-12-12 06:22:14,421 - trainer - INFO - Improved! Saving current best: model_best.pth ...
2021-12-12 06:25:58,581 - trainer - INFO -     epoch          : 8
2021-12-12 06:25:58,778 - trainer - INFO -     loss           : 2.2875397735171847
2021-12-12 06:25:58,778 - trainer - INFO -     seq2seq_NDCG   : 0.6521013379096985
2021-12-12 06:25:58,779 - trainer - INFO -     seq2seq_NDCG16 : 0.710114061832428
2021-12-12 06:25:58,779 - trainer - INFO -     val_loss       : 2.2650291775212144
2021-12-12 06:25:58,779 - trainer - INFO -     val_seq2seq_NDCG: 0.6589111685752869
2021-12-12 06:25:58,779 - trainer - INFO -     val_seq2seq_NDCG16: 0.7173168063163757
2021-12-12 06:26:53,977 - trainer - INFO - Improved! Saving current best: model_best.pth ...
2021-12-12 06:30:37,088 - trainer - INFO -     epoch          : 9
2021-12-12 06:30:37,186 - trainer - INFO -     loss           : 2.2787638194716298
2021-12-12 06:30:37,186 - trainer - INFO -     seq2seq_NDCG   : 0.6536659002304077
2021-12-12 06:30:37,187 - trainer - INFO -     seq2seq_NDCG16 : 0.7114577889442444
2021-12-12 06:30:37,187 - trainer - INFO -     val_loss       : 2.2572186318310825
2021-12-12 06:30:37,187 - trainer - INFO -     val_seq2seq_NDCG: 0.6604815721511841
2021-12-12 06:30:37,187 - trainer - INFO -     val_seq2seq_NDCG16: 0.7183148860931396
2021-12-12 06:31:35,992 - trainer - INFO - Improved! Saving current best: model_best.pth ...
2021-12-12 06:35:19,532 - trainer - INFO -     epoch          : 10
2021-12-12 06:35:21,636 - trainer - INFO -     loss           : 2.2710403190262016
2021-12-12 06:35:21,636 - trainer - INFO -     seq2seq_NDCG   : 0.6550734639167786
2021-12-12 06:35:21,636 - trainer - INFO -     seq2seq_NDCG16 : 0.7127664089202881
2021-12-12 06:35:21,637 - trainer - INFO -     val_loss       : 2.2514983957464043
2021-12-12 06:35:21,637 - trainer - INFO -     val_seq2seq_NDCG: 0.6610634326934814
2021-12-12 06:35:21,637 - trainer - INFO -     val_seq2seq_NDCG16: 0.7190151214599609
2021-12-12 06:37:53,191 - trainer - INFO - Improved! Saving current best: model_best.pth ...
2021-12-12 06:41:34,564 - trainer - INFO -     epoch          : 11
2021-12-12 06:41:34,663 - trainer - INFO -     loss           : 2.2658434370925145
2021-12-12 06:41:34,664 - trainer - INFO -     seq2seq_NDCG   : 0.6561257243156433
2021-12-12 06:41:34,664 - trainer - INFO -     seq2seq_NDCG16 : 0.7136878967285156
2021-12-12 06:41:34,664 - trainer - INFO -     val_loss       : 2.24814729979544
2021-12-12 06:41:34,664 - trainer - INFO -     val_seq2seq_NDCG: 0.6620550751686096
2021-12-12 06:41:34,664 - trainer - INFO -     val_seq2seq_NDCG16: 0.7197762727737427
2021-12-12 06:42:25,040 - trainer - INFO - Improved! Saving current best: model_best.pth ...
2021-12-12 06:46:10,994 - trainer - INFO -     epoch          : 12
2021-12-12 06:46:11,239 - trainer - INFO -     loss           : 2.261071646350554
2021-12-12 06:46:11,239 - trainer - INFO -     seq2seq_NDCG   : 0.6570761203765869
2021-12-12 06:46:11,239 - trainer - INFO -     seq2seq_NDCG16 : 0.7146691679954529
2021-12-12 06:46:11,239 - trainer - INFO -     val_loss       : 2.2444861657691724
2021-12-12 06:46:11,240 - trainer - INFO -     val_seq2seq_NDCG: 0.6627233028411865
2021-12-12 06:46:11,240 - trainer - INFO -     val_seq2seq_NDCG16: 0.720537543296814
2021-12-12 06:47:06,352 - trainer - INFO - Improved! Saving current best: model_best.pth ...
2021-12-12 06:50:49,768 - trainer - INFO -     epoch          : 13
2021-12-12 06:50:49,872 - trainer - INFO -     loss           : 2.2566984275291704
2021-12-12 06:50:49,872 - trainer - INFO -     seq2seq_NDCG   : 0.6579756736755371
2021-12-12 06:50:49,872 - trainer - INFO -     seq2seq_NDCG16 : 0.7154969573020935
2021-12-12 06:50:49,873 - trainer - INFO -     val_loss       : 2.2405816208232534
2021-12-12 06:50:49,873 - trainer - INFO -     val_seq2seq_NDCG: 0.6636900305747986
2021-12-12 06:50:49,873 - trainer - INFO -     val_seq2seq_NDCG16: 0.7211573123931885
2021-12-12 06:51:45,187 - trainer - INFO - Improved! Saving current best: model_best.pth ...
2021-12-12 06:55:29,371 - trainer - INFO -     epoch          : 14
2021-12-12 06:55:29,551 - trainer - INFO -     loss           : 2.2533187108021586
2021-12-12 06:55:29,551 - trainer - INFO -     seq2seq_NDCG   : 0.6587383151054382
2021-12-12 06:55:29,552 - trainer - INFO -     seq2seq_NDCG16 : 0.7160547971725464
2021-12-12 06:55:29,552 - trainer - INFO -     val_loss       : 2.2368097233049795
2021-12-12 06:55:29,552 - trainer - INFO -     val_seq2seq_NDCG: 0.6642619967460632
2021-12-12 06:55:29,552 - trainer - INFO -     val_seq2seq_NDCG16: 0.7218167185783386
2021-12-12 06:56:23,006 - trainer - INFO - Improved! Saving current best: model_best.pth ...
2021-12-12 07:00:07,833 - trainer - INFO -     epoch          : 15
2021-12-12 07:00:08,134 - trainer - INFO -     loss           : 2.2503395327206315
2021-12-12 07:00:08,267 - trainer - INFO -     seq2seq_NDCG   : 0.6593605279922485
2021-12-12 07:00:08,267 - trainer - INFO -     seq2seq_NDCG16 : 0.71659916639328
2021-12-12 07:00:08,267 - trainer - INFO -     val_loss       : 2.2329734672199595
2021-12-12 07:00:08,268 - trainer - INFO -     val_seq2seq_NDCG: 0.6648668646812439
2021-12-12 07:00:08,268 - trainer - INFO -     val_seq2seq_NDCG16: 0.7219520807266235
2021-12-12 07:01:01,419 - trainer - INFO - Improved! Saving current best: model_best.pth ...
2021-12-12 07:04:45,697 - trainer - INFO -     epoch          : 16
2021-12-12 07:04:46,091 - trainer - INFO -     loss           : 2.24762658780562
2021-12-12 07:04:46,091 - trainer - INFO -     seq2seq_NDCG   : 0.6599991321563721
2021-12-12 07:04:46,091 - trainer - INFO -     seq2seq_NDCG16 : 0.7170271277427673
2021-12-12 07:04:46,091 - trainer - INFO -     val_loss       : 2.232389200817455
2021-12-12 07:04:46,092 - trainer - INFO -     val_seq2seq_NDCG: 0.6650858521461487
2021-12-12 07:04:46,092 - trainer - INFO -     val_seq2seq_NDCG16: 0.7221891283988953
2021-12-12 07:05:38,131 - trainer - INFO - Improved! Saving current best: model_best.pth ...
2021-12-12 07:09:22,269 - trainer - INFO -     epoch          : 17
2021-12-12 07:09:22,601 - trainer - INFO -     loss           : 2.2452354412882722
2021-12-12 07:09:22,602 - trainer - INFO -     seq2seq_NDCG   : 0.6605901122093201
2021-12-12 07:09:22,602 - trainer - INFO -     seq2seq_NDCG16 : 0.7174685597419739
2021-12-12 07:09:22,602 - trainer - INFO -     val_loss       : 2.230976953650966
2021-12-12 07:09:22,602 - trainer - INFO -     val_seq2seq_NDCG: 0.6655972003936768
2021-12-12 07:09:22,602 - trainer - INFO -     val_seq2seq_NDCG16: 0.7223299145698547
2021-12-12 07:10:23,343 - trainer - INFO - Improved! Saving current best: model_best.pth ...
2021-12-12 07:14:08,535 - trainer - INFO -     epoch          : 18
2021-12-12 07:14:08,833 - trainer - INFO -     loss           : 2.2429382791921095
2021-12-12 07:14:08,833 - trainer - INFO -     seq2seq_NDCG   : 0.6612280011177063
2021-12-12 07:14:08,834 - trainer - INFO -     seq2seq_NDCG16 : 0.717753529548645
2021-12-12 07:14:08,834 - trainer - INFO -     val_loss       : 2.229175831332351
2021-12-12 07:14:08,834 - trainer - INFO -     val_seq2seq_NDCG: 0.6660938858985901
2021-12-12 07:14:08,834 - trainer - INFO -     val_seq2seq_NDCG16: 0.722187876701355
2021-12-12 07:15:03,918 - trainer - INFO - Improved! Saving current best: model_best.pth ...
2021-12-12 07:18:47,846 - trainer - INFO -     epoch          : 19
2021-12-12 07:18:47,888 - trainer - INFO -     loss           : 2.240615039949673
2021-12-12 07:18:47,888 - trainer - INFO -     seq2seq_NDCG   : 0.6617992520332336
2021-12-12 07:18:47,889 - trainer - INFO -     seq2seq_NDCG16 : 0.7180734872817993
2021-12-12 07:18:47,889 - trainer - INFO -     val_loss       : 2.227377819292473
2021-12-12 07:18:47,889 - trainer - INFO -     val_seq2seq_NDCG: 0.6665225028991699
2021-12-12 07:18:47,889 - trainer - INFO -     val_seq2seq_NDCG16: 0.722474992275238
2021-12-12 07:19:42,969 - trainer - INFO - Improved! Saving current best: model_best.pth ...
2021-12-12 07:23:32,201 - trainer - INFO -     epoch          : 20
2021-12-12 07:23:32,310 - trainer - INFO -     loss           : 2.238592288503245
2021-12-12 07:23:32,311 - trainer - INFO -     seq2seq_NDCG   : 0.6624017357826233
2021-12-12 07:23:32,311 - trainer - INFO -     seq2seq_NDCG16 : 0.718293309211731
2021-12-12 07:23:32,311 - trainer - INFO -     val_loss       : 2.224495768547058
2021-12-12 07:23:32,311 - trainer - INFO -     val_seq2seq_NDCG: 0.6671519875526428
2021-12-12 07:23:32,311 - trainer - INFO -     val_seq2seq_NDCG16: 0.7226871252059937
2021-12-12 07:24:27,011 - trainer - INFO - Improved! Saving current best: model_best.pth ...
2021-12-12 07:28:12,521 - trainer - INFO -     epoch          : 21
2021-12-12 07:28:12,723 - trainer - INFO -     loss           : 2.2367092311610666
2021-12-12 07:28:12,723 - trainer - INFO -     seq2seq_NDCG   : 0.6629229187965393
2021-12-12 07:28:12,724 - trainer - INFO -     seq2seq_NDCG16 : 0.7185836434364319
2021-12-12 07:28:12,724 - trainer - INFO -     val_loss       : 2.223898902083888
2021-12-12 07:28:12,724 - trainer - INFO -     val_seq2seq_NDCG: 0.6676127910614014
2021-12-12 07:28:12,724 - trainer - INFO -     val_seq2seq_NDCG16: 0.7231445908546448
2021-12-12 07:29:05,887 - trainer - INFO - Improved! Saving current best: model_best.pth ...
2021-12-12 07:32:50,616 - trainer - INFO -     epoch          : 22
2021-12-12 07:32:50,727 - trainer - INFO -     loss           : 2.2350860254061176
2021-12-12 07:32:50,727 - trainer - INFO -     seq2seq_NDCG   : 0.663438618183136
2021-12-12 07:32:50,727 - trainer - INFO -     seq2seq_NDCG16 : 0.7187358140945435
2021-12-12 07:32:50,727 - trainer - INFO -     val_loss       : 2.222718372489467
2021-12-12 07:32:50,727 - trainer - INFO -     val_seq2seq_NDCG: 0.6678805351257324
2021-12-12 07:32:50,727 - trainer - INFO -     val_seq2seq_NDCG16: 0.7231821417808533
2021-12-12 07:33:41,726 - trainer - INFO - Improved! Saving current best: model_best.pth ...
2021-12-12 07:37:26,927 - trainer - INFO -     epoch          : 23
2021-12-12 07:37:27,042 - trainer - INFO -     loss           : 2.2332730421161284
2021-12-12 07:37:27,042 - trainer - INFO -     seq2seq_NDCG   : 0.6640079021453857
2021-12-12 07:37:27,042 - trainer - INFO -     seq2seq_NDCG16 : 0.7191219925880432
2021-12-12 07:37:27,043 - trainer - INFO -     val_loss       : 2.2214756734443433
2021-12-12 07:37:27,043 - trainer - INFO -     val_seq2seq_NDCG: 0.6684039831161499
2021-12-12 07:37:27,043 - trainer - INFO -     val_seq2seq_NDCG16: 0.7234138250350952
2021-12-12 07:38:20,279 - trainer - INFO - Improved! Saving current best: model_best.pth ...
2021-12-12 07:42:04,397 - trainer - INFO -     epoch          : 24
2021-12-12 07:42:04,630 - trainer - INFO -     loss           : 2.2317427154701788
2021-12-12 07:42:04,631 - trainer - INFO -     seq2seq_NDCG   : 0.6643646955490112
2021-12-12 07:42:04,631 - trainer - INFO -     seq2seq_NDCG16 : 0.71928870677948
2021-12-12 07:42:04,631 - trainer - INFO -     val_loss       : 2.2180676388018057
2021-12-12 07:42:04,631 - trainer - INFO -     val_seq2seq_NDCG: 0.6688033938407898
2021-12-12 07:42:04,631 - trainer - INFO -     val_seq2seq_NDCG16: 0.7234304547309875
2021-12-12 07:42:51,116 - trainer - INFO - Improved! Saving current best: model_best.pth ...
2021-12-12 07:46:36,362 - trainer - INFO -     epoch          : 25
2021-12-12 07:46:36,522 - trainer - INFO -     loss           : 2.2300633900010265
2021-12-12 07:46:36,523 - trainer - INFO -     seq2seq_NDCG   : 0.664858341217041
2021-12-12 07:46:36,523 - trainer - INFO -     seq2seq_NDCG16 : 0.719466507434845
2021-12-12 07:46:36,523 - trainer - INFO -     val_loss       : 2.2190134525299072
2021-12-12 07:46:36,523 - trainer - INFO -     val_seq2seq_NDCG: 0.6690364480018616
2021-12-12 07:46:36,523 - trainer - INFO -     val_seq2seq_NDCG16: 0.7236711382865906
2021-12-12 07:46:36,526 - trainer - INFO - Performance is lower than epoch: 24
2021-12-12 07:50:20,743 - trainer - INFO -     epoch          : 26
2021-12-12 07:50:20,859 - trainer - INFO -     loss           : 2.2284136311761262
2021-12-12 07:50:20,859 - trainer - INFO -     seq2seq_NDCG   : 0.6653220057487488
2021-12-12 07:50:20,859 - trainer - INFO -     seq2seq_NDCG16 : 0.7197302579879761
2021-12-12 07:50:20,859 - trainer - INFO -     val_loss       : 2.2168674180001924
2021-12-12 07:50:20,860 - trainer - INFO -     val_seq2seq_NDCG: 0.6697885394096375
2021-12-12 07:50:20,860 - trainer - INFO -     val_seq2seq_NDCG16: 0.7240337133407593
2021-12-12 07:51:15,087 - trainer - INFO - Improved! Saving current best: model_best.pth ...
2021-12-12 07:54:59,936 - trainer - INFO -     epoch          : 27
2021-12-12 07:55:00,053 - trainer - INFO -     loss           : 2.226981034224061
2021-12-12 07:55:00,053 - trainer - INFO -     seq2seq_NDCG   : 0.6657452583312988
2021-12-12 07:55:00,054 - trainer - INFO -     seq2seq_NDCG16 : 0.7199353575706482
2021-12-12 07:55:00,054 - trainer - INFO -     val_loss       : 2.217835115663933
2021-12-12 07:55:00,054 - trainer - INFO -     val_seq2seq_NDCG: 0.6694647073745728
2021-12-12 07:55:00,054 - trainer - INFO -     val_seq2seq_NDCG16: 0.7236108779907227
2021-12-12 07:55:00,056 - trainer - INFO - Performance is lower than epoch: 26
2021-12-12 07:58:43,676 - trainer - INFO -     epoch          : 28
2021-12-12 07:58:43,734 - trainer - INFO -     loss           : 2.2256936150035638
2021-12-12 07:58:43,734 - trainer - INFO -     seq2seq_NDCG   : 0.6661016345024109
2021-12-12 07:58:43,734 - trainer - INFO -     seq2seq_NDCG16 : 0.7200610041618347
2021-12-12 07:58:43,734 - trainer - INFO -     val_loss       : 2.213803327444828
2021-12-12 07:58:43,734 - trainer - INFO -     val_seq2seq_NDCG: 0.6705487966537476
2021-12-12 07:58:43,735 - trainer - INFO -     val_seq2seq_NDCG16: 0.7243505716323853
2021-12-12 07:59:41,367 - trainer - INFO - Improved! Saving current best: model_best.pth ...
2021-12-12 08:03:26,300 - trainer - INFO -     epoch          : 29
2021-12-12 08:03:26,470 - trainer - INFO -     loss           : 2.2242829324641904
2021-12-12 08:03:26,471 - trainer - INFO -     seq2seq_NDCG   : 0.6664385199546814
2021-12-12 08:03:26,471 - trainer - INFO -     seq2seq_NDCG16 : 0.720339298248291
2021-12-12 08:03:26,471 - trainer - INFO -     val_loss       : 2.2156801693367236
2021-12-12 08:03:26,471 - trainer - INFO -     val_seq2seq_NDCG: 0.6700441837310791
2021-12-12 08:03:26,471 - trainer - INFO -     val_seq2seq_NDCG16: 0.7241547107696533
2021-12-12 08:03:26,473 - trainer - INFO - Performance is lower than epoch: 28
2021-12-12 08:07:11,005 - trainer - INFO -     epoch          : 30
2021-12-12 08:07:11,256 - trainer - INFO -     loss           : 2.223322724930628
2021-12-12 08:07:11,256 - trainer - INFO -     seq2seq_NDCG   : 0.6666735410690308
2021-12-12 08:07:11,256 - trainer - INFO -     seq2seq_NDCG16 : 0.7204670310020447
2021-12-12 08:07:11,256 - trainer - INFO -     val_loss       : 2.2139155503475303
2021-12-12 08:07:11,257 - trainer - INFO -     val_seq2seq_NDCG: 0.6706807017326355
2021-12-12 08:07:11,257 - trainer - INFO -     val_seq2seq_NDCG16: 0.7244680523872375
2021-12-12 08:07:11,259 - trainer - INFO - Performance is lower than epoch: 28
2021-12-12 08:10:54,647 - trainer - INFO -     epoch          : 31
2021-12-12 08:10:54,750 - trainer - INFO -     loss           : 2.222247155690102
2021-12-12 08:10:54,751 - trainer - INFO -     seq2seq_NDCG   : 0.6669976115226746
2021-12-12 08:10:54,751 - trainer - INFO -     seq2seq_NDCG16 : 0.7206684350967407
2021-12-12 08:10:54,751 - trainer - INFO -     val_loss       : 2.2112725900881216
2021-12-12 08:10:54,751 - trainer - INFO -     val_seq2seq_NDCG: 0.670733630657196
2021-12-12 08:10:54,751 - trainer - INFO -     val_seq2seq_NDCG16: 0.7244968414306641
2021-12-12 08:11:40,534 - trainer - INFO - Improved! Saving current best: model_best.pth ...
2021-12-12 08:15:37,132 - trainer - INFO -     epoch          : 32
2021-12-12 08:15:37,256 - trainer - INFO -     loss           : 2.2211994512784528
2021-12-12 08:15:37,257 - trainer - INFO -     seq2seq_NDCG   : 0.6672744154930115
2021-12-12 08:15:37,257 - trainer - INFO -     seq2seq_NDCG16 : 0.7208786010742188
2021-12-12 08:15:37,257 - trainer - INFO -     val_loss       : 2.210078857161782
2021-12-12 08:15:37,257 - trainer - INFO -     val_seq2seq_NDCG: 0.6713300347328186
2021-12-12 08:15:37,257 - trainer - INFO -     val_seq2seq_NDCG16: 0.7250739336013794
2021-12-12 08:16:30,976 - trainer - INFO - Improved! Saving current best: model_best.pth ...
2021-12-12 08:20:14,454 - trainer - INFO -     epoch          : 33
2021-12-12 08:20:14,620 - trainer - INFO -     loss           : 2.2204576159802434
2021-12-12 08:20:14,620 - trainer - INFO -     seq2seq_NDCG   : 0.6674423217773438
2021-12-12 08:20:14,620 - trainer - INFO -     seq2seq_NDCG16 : 0.7208850979804993
2021-12-12 08:20:14,620 - trainer - INFO -     val_loss       : 2.2094795740011968
2021-12-12 08:20:14,620 - trainer - INFO -     val_seq2seq_NDCG: 0.6713845133781433
2021-12-12 08:20:14,621 - trainer - INFO -     val_seq2seq_NDCG16: 0.724802553653717
2021-12-12 08:21:04,484 - trainer - INFO - Improved! Saving current best: model_best.pth ...
2021-12-12 08:24:49,523 - trainer - INFO -     epoch          : 34
2021-12-12 08:24:49,695 - trainer - INFO -     loss           : 2.219466465186342
2021-12-12 08:24:49,696 - trainer - INFO -     seq2seq_NDCG   : 0.6676725745201111
2021-12-12 08:24:49,696 - trainer - INFO -     seq2seq_NDCG16 : 0.7210231423377991
2021-12-12 08:24:49,696 - trainer - INFO -     val_loss       : 2.2101420958836875
2021-12-12 08:24:49,696 - trainer - INFO -     val_seq2seq_NDCG: 0.6712566614151001
2021-12-12 08:24:49,696 - trainer - INFO -     val_seq2seq_NDCG16: 0.7246547937393188
2021-12-12 08:24:49,698 - trainer - INFO - Performance is lower than epoch: 33
2021-12-12 08:28:33,922 - trainer - INFO -     epoch          : 35
2021-12-12 08:28:35,332 - trainer - INFO -     loss           : 2.218493774019439
2021-12-12 08:28:35,333 - trainer - INFO -     seq2seq_NDCG   : 0.667929470539093
2021-12-12 08:28:35,333 - trainer - INFO -     seq2seq_NDCG16 : 0.7212362289428711
2021-12-12 08:28:35,333 - trainer - INFO -     val_loss       : 2.2103116367802476
2021-12-12 08:28:35,334 - trainer - INFO -     val_seq2seq_NDCG: 0.6717553734779358
2021-12-12 08:28:35,334 - trainer - INFO -     val_seq2seq_NDCG16: 0.7248751521110535
2021-12-12 08:28:35,336 - trainer - INFO - Performance is lower than epoch: 33
2021-12-12 08:32:19,635 - trainer - INFO -     epoch          : 36
2021-12-12 08:32:19,977 - trainer - INFO -     loss           : 2.217939559527284
2021-12-12 08:32:19,977 - trainer - INFO -     seq2seq_NDCG   : 0.6681436896324158
2021-12-12 08:32:19,978 - trainer - INFO -     seq2seq_NDCG16 : 0.7213932275772095
2021-12-12 08:32:19,978 - trainer - INFO -     val_loss       : 2.208048123301882
2021-12-12 08:32:19,978 - trainer - INFO -     val_seq2seq_NDCG: 0.6719275712966919
2021-12-12 08:32:19,978 - trainer - INFO -     val_seq2seq_NDCG16: 0.7252604961395264
2021-12-12 08:33:19,770 - trainer - INFO - Improved! Saving current best: model_best.pth ...
2021-12-12 08:37:03,065 - trainer - INFO -     epoch          : 37
2021-12-12 08:37:03,481 - trainer - INFO -     loss           : 2.216925334199635
2021-12-12 08:37:03,482 - trainer - INFO -     seq2seq_NDCG   : 0.6683977842330933
2021-12-12 08:37:03,482 - trainer - INFO -     seq2seq_NDCG16 : 0.7214856743812561
2021-12-12 08:37:03,482 - trainer - INFO -     val_loss       : 2.208356058958805
2021-12-12 08:37:03,482 - trainer - INFO -     val_seq2seq_NDCG: 0.672191321849823
2021-12-12 08:37:03,482 - trainer - INFO -     val_seq2seq_NDCG16: 0.7253547310829163
2021-12-12 08:37:03,484 - trainer - INFO - Performance is lower than epoch: 36
2021-12-12 08:40:47,382 - trainer - INFO -     epoch          : 38
2021-12-12 08:40:47,604 - trainer - INFO -     loss           : 2.216257182117623
2021-12-12 08:40:47,604 - trainer - INFO -     seq2seq_NDCG   : 0.6686005592346191
2021-12-12 08:40:47,604 - trainer - INFO -     seq2seq_NDCG16 : 0.7216596603393555
2021-12-12 08:40:47,604 - trainer - INFO -     val_loss       : 2.2090689919211646
2021-12-12 08:40:47,604 - trainer - INFO -     val_seq2seq_NDCG: 0.6719635725021362
2021-12-12 08:40:47,604 - trainer - INFO -     val_seq2seq_NDCG16: 0.7250347137451172
2021-12-12 08:40:47,607 - trainer - INFO - Performance is lower than epoch: 36
2021-12-12 08:44:31,243 - trainer - INFO -     epoch          : 39
2021-12-12 08:44:31,407 - trainer - INFO -     loss           : 2.2156305587154694
2021-12-12 08:44:31,407 - trainer - INFO -     seq2seq_NDCG   : 0.6687933802604675
2021-12-12 08:44:31,407 - trainer - INFO -     seq2seq_NDCG16 : 0.721688985824585
2021-12-12 08:44:31,408 - trainer - INFO -     val_loss       : 2.209160811973341
2021-12-12 08:44:31,408 - trainer - INFO -     val_seq2seq_NDCG: 0.671884298324585
2021-12-12 08:44:31,408 - trainer - INFO -     val_seq2seq_NDCG16: 0.7248480916023254
2021-12-12 08:44:31,410 - trainer - INFO - Performance is lower than epoch: 36
2021-12-12 08:48:14,844 - trainer - INFO -     epoch          : 40
2021-12-12 08:48:15,069 - trainer - INFO -     loss           : 2.2150034822266678
2021-12-12 08:48:15,069 - trainer - INFO -     seq2seq_NDCG   : 0.6689826250076294
2021-12-12 08:48:15,070 - trainer - INFO -     seq2seq_NDCG16 : 0.7218034863471985
2021-12-12 08:48:15,070 - trainer - INFO -     val_loss       : 2.206589178605513
2021-12-12 08:48:15,070 - trainer - INFO -     val_seq2seq_NDCG: 0.6723614931106567
2021-12-12 08:48:15,070 - trainer - INFO -     val_seq2seq_NDCG16: 0.7255086898803711
2021-12-12 08:49:03,217 - trainer - INFO - Improved! Saving current best: model_best.pth ...
2021-12-12 08:52:46,295 - trainer - INFO -     epoch          : 41
2021-12-12 08:52:47,421 - trainer - INFO -     loss           : 2.2143185239185317
2021-12-12 08:52:47,422 - trainer - INFO -     seq2seq_NDCG   : 0.6690941452980042
2021-12-12 08:52:47,422 - trainer - INFO -     seq2seq_NDCG16 : 0.7218707203865051
2021-12-12 08:52:47,422 - trainer - INFO -     val_loss       : 2.206849228252064
2021-12-12 08:52:47,422 - trainer - INFO -     val_seq2seq_NDCG: 0.6724696159362793
2021-12-12 08:52:47,422 - trainer - INFO -     val_seq2seq_NDCG16: 0.7256600856781006
2021-12-12 08:52:47,424 - trainer - INFO - Performance is lower than epoch: 40
2021-12-12 08:56:30,616 - trainer - INFO -     epoch          : 42
2021-12-12 08:56:31,352 - trainer - INFO -     loss           : 2.2135791111723218
2021-12-12 08:56:31,353 - trainer - INFO -     seq2seq_NDCG   : 0.6693140864372253
2021-12-12 08:56:31,353 - trainer - INFO -     seq2seq_NDCG16 : 0.7220585346221924
2021-12-12 08:56:31,353 - trainer - INFO -     val_loss       : 2.2037108847589204
2021-12-12 08:56:31,353 - trainer - INFO -     val_seq2seq_NDCG: 0.6730610728263855
2021-12-12 08:56:31,354 - trainer - INFO -     val_seq2seq_NDCG16: 0.7257916331291199
2021-12-12 08:57:26,935 - trainer - INFO - Improved! Saving current best: model_best.pth ...
2021-12-12 09:01:10,383 - trainer - INFO -     epoch          : 43
2021-12-12 09:01:10,543 - trainer - INFO -     loss           : 2.2130112657145067
2021-12-12 09:01:10,543 - trainer - INFO -     seq2seq_NDCG   : 0.6694305539131165
2021-12-12 09:01:10,543 - trainer - INFO -     seq2seq_NDCG16 : 0.7220659255981445
2021-12-12 09:01:10,544 - trainer - INFO -     val_loss       : 2.2070756355921426
2021-12-12 09:01:10,544 - trainer - INFO -     val_seq2seq_NDCG: 0.6724388599395752
2021-12-12 09:01:10,544 - trainer - INFO -     val_seq2seq_NDCG16: 0.725291907787323
2021-12-12 09:01:10,546 - trainer - INFO - Performance is lower than epoch: 42
2021-12-12 09:04:55,454 - trainer - INFO -     epoch          : 44
2021-12-12 09:04:55,513 - trainer - INFO -     loss           : 2.2126375267788827
2021-12-12 09:04:55,513 - trainer - INFO -     seq2seq_NDCG   : 0.6695783138275146
2021-12-12 09:04:55,514 - trainer - INFO -     seq2seq_NDCG16 : 0.7221675515174866
2021-12-12 09:04:55,514 - trainer - INFO -     val_loss       : 2.2048433910716665
2021-12-12 09:04:55,514 - trainer - INFO -     val_seq2seq_NDCG: 0.6729324460029602
2021-12-12 09:04:55,514 - trainer - INFO -     val_seq2seq_NDCG16: 0.7255396842956543
2021-12-12 09:04:55,516 - trainer - INFO - Performance is lower than epoch: 42
2021-12-12 09:08:38,479 - trainer - INFO -     epoch          : 45
2021-12-12 09:08:38,520 - trainer - INFO -     loss           : 2.211924199400277
2021-12-12 09:08:38,521 - trainer - INFO -     seq2seq_NDCG   : 0.6697696447372437
2021-12-12 09:08:38,521 - trainer - INFO -     seq2seq_NDCG16 : 0.7223670482635498
2021-12-12 09:08:38,521 - trainer - INFO -     val_loss       : 2.2069362329714224
2021-12-12 09:08:38,521 - trainer - INFO -     val_seq2seq_NDCG: 0.6720051765441895
2021-12-12 09:08:38,521 - trainer - INFO -     val_seq2seq_NDCG16: 0.7250487804412842
2021-12-12 09:08:38,522 - trainer - INFO - Performance is lower than epoch: 42
2021-12-12 09:12:21,779 - trainer - INFO -     epoch          : 46
2021-12-12 09:12:21,913 - trainer - INFO -     loss           : 2.2112678467542275
2021-12-12 09:12:21,914 - trainer - INFO -     seq2seq_NDCG   : 0.6699103116989136
2021-12-12 09:12:21,914 - trainer - INFO -     seq2seq_NDCG16 : 0.7224102020263672
2021-12-12 09:12:21,914 - trainer - INFO -     val_loss       : 2.2061146931214766
2021-12-12 09:12:21,914 - trainer - INFO -     val_seq2seq_NDCG: 0.6726948022842407
2021-12-12 09:12:21,914 - trainer - INFO -     val_seq2seq_NDCG16: 0.7254710793495178
2021-12-12 09:12:21,915 - trainer - INFO - Performance is lower than epoch: 42
2021-12-12 09:16:06,104 - trainer - INFO -     epoch          : 47
2021-12-12 09:16:06,323 - trainer - INFO -     loss           : 2.2107644894113943
2021-12-12 09:16:06,323 - trainer - INFO -     seq2seq_NDCG   : 0.6700325608253479
2021-12-12 09:16:06,323 - trainer - INFO -     seq2seq_NDCG16 : 0.722541093826294
2021-12-12 09:16:06,323 - trainer - INFO -     val_loss       : 2.205389297369755
2021-12-12 09:16:06,323 - trainer - INFO -     val_seq2seq_NDCG: 0.6727542281150818
2021-12-12 09:16:06,323 - trainer - INFO -     val_seq2seq_NDCG16: 0.7255942225456238
2021-12-12 09:16:06,325 - trainer - INFO - Performance is lower than epoch: 42
2021-12-12 09:19:50,158 - trainer - INFO -     epoch          : 48
2021-12-12 09:19:50,231 - trainer - INFO -     loss           : 2.210263276008811
2021-12-12 09:19:50,231 - trainer - INFO -     seq2seq_NDCG   : 0.6701624989509583
2021-12-12 09:19:50,231 - trainer - INFO -     seq2seq_NDCG16 : 0.7226259708404541
2021-12-12 09:19:50,232 - trainer - INFO -     val_loss       : 2.205942836674777
2021-12-12 09:19:50,232 - trainer - INFO -     val_seq2seq_NDCG: 0.6728007793426514
2021-12-12 09:19:50,232 - trainer - INFO -     val_seq2seq_NDCG16: 0.7255108952522278
2021-12-12 09:19:50,234 - trainer - INFO - Performance is lower than epoch: 42
2021-12-12 09:23:33,677 - trainer - INFO -     epoch          : 49
2021-12-12 09:23:33,814 - trainer - INFO -     loss           : 2.209858717132802
2021-12-12 09:23:33,814 - trainer - INFO -     seq2seq_NDCG   : 0.670259952545166
2021-12-12 09:23:33,814 - trainer - INFO -     seq2seq_NDCG16 : 0.7226765155792236
2021-12-12 09:23:33,815 - trainer - INFO -     val_loss       : 2.2044073415525034
2021-12-12 09:23:33,815 - trainer - INFO -     val_seq2seq_NDCG: 0.6728546023368835
2021-12-12 09:23:33,815 - trainer - INFO -     val_seq2seq_NDCG16: 0.7253939509391785
2021-12-12 09:23:33,815 - trainer - INFO - Validation performance didn't improve for 6 epochs. Training stops.
