2021-11-30 08:23:19,748 - train - INFO - BigArch(
  (row_encoder): FixedEmbedderNN(
    (embedder): FixedEmbedder(
      (embeddings): ModuleList(
        (0): Embedding(49, 32)
        (1): Embedding(4, 32)
        (2): Embedding(7, 32)
        (3): Embedding(30, 32)
        (4): Embedding(3, 32)
        (5): Embedding(12, 32)
        (6): Embedding(35, 32)
        (7): Embedding(3, 32)
        (8): Embedding(10, 32)
        (9): Embedding(2, 32)
      )
      (nns): ModuleList(
        (0): Linear(in_features=1, out_features=32, bias=True)
        (1): Linear(in_features=1, out_features=32, bias=True)
        (2): Linear(in_features=1, out_features=32, bias=True)
        (3): Linear(in_features=1, out_features=32, bias=True)
        (4): Linear(in_features=1, out_features=32, bias=True)
        (5): Linear(in_features=1, out_features=32, bias=True)
        (6): Linear(in_features=1, out_features=32, bias=True)
        (7): Linear(in_features=1, out_features=32, bias=True)
        (8): Linear(in_features=1, out_features=32, bias=True)
        (9): Linear(in_features=1, out_features=32, bias=True)
        (10): Linear(in_features=1, out_features=32, bias=True)
        (11): Linear(in_features=1, out_features=32, bias=True)
        (12): Linear(in_features=1, out_features=32, bias=True)
        (13): Linear(in_features=1, out_features=32, bias=True)
        (14): Linear(in_features=1, out_features=32, bias=True)
        (15): Linear(in_features=1, out_features=32, bias=True)
        (16): Linear(in_features=1, out_features=32, bias=True)
        (17): Linear(in_features=1, out_features=32, bias=True)
        (18): Linear(in_features=1, out_features=32, bias=True)
        (19): Linear(in_features=1, out_features=32, bias=True)
        (20): Linear(in_features=1, out_features=32, bias=True)
        (21): Linear(in_features=1, out_features=32, bias=True)
        (22): Linear(in_features=1, out_features=32, bias=True)
        (23): Linear(in_features=1, out_features=32, bias=True)
        (24): Linear(in_features=1, out_features=32, bias=True)
        (25): Linear(in_features=1, out_features=32, bias=True)
        (26): Linear(in_features=1, out_features=32, bias=True)
        (27): Linear(in_features=1, out_features=32, bias=True)
        (28): Linear(in_features=1, out_features=32, bias=True)
        (29): Linear(in_features=1, out_features=32, bias=True)
        (30): Linear(in_features=1, out_features=32, bias=True)
        (31): Linear(in_features=1, out_features=32, bias=True)
        (32): Linear(in_features=1, out_features=32, bias=True)
        (33): Linear(in_features=1, out_features=32, bias=True)
        (34): Linear(in_features=1, out_features=32, bias=True)
        (35): Linear(in_features=1, out_features=32, bias=True)
        (36): Linear(in_features=1, out_features=32, bias=True)
        (37): Linear(in_features=1, out_features=32, bias=True)
        (38): Linear(in_features=1, out_features=32, bias=True)
        (39): Linear(in_features=1, out_features=32, bias=True)
        (40): Linear(in_features=1, out_features=32, bias=True)
        (41): Linear(in_features=1, out_features=32, bias=True)
      )
    )
    (input_layer): Linear(in_features=1664, out_features=128, bias=True)
    (nn_layers): Sequential(
      (0): Sequential(
        (0): Linear(in_features=128, out_features=256, bias=True)
        (1): Dropout(p=0.3, inplace=False)
        (2): Linear(in_features=256, out_features=128, bias=True)
        (3): LayerNorm((128,), eps=1e-05, elementwise_affine=True)
      )
      (1): Sequential(
        (0): Linear(in_features=128, out_features=256, bias=True)
        (1): Dropout(p=0.3, inplace=False)
        (2): Linear(in_features=256, out_features=128, bias=True)
        (3): LayerNorm((128,), eps=1e-05, elementwise_affine=True)
      )
      (2): Sequential(
        (0): Linear(in_features=128, out_features=256, bias=True)
        (1): Dropout(p=0.3, inplace=False)
        (2): Linear(in_features=256, out_features=128, bias=True)
        (3): LayerNorm((128,), eps=1e-05, elementwise_affine=True)
      )
    )
  )
  (rows_aggregator): RowsTransformerAggregator(
    (AttenLayer): TransformerEncoder(
      (layers): ModuleList(
        (0): TransformerEncoderLayer(
          (self_attn): MultiheadAttention(
            (out_proj): NonDynamicallyQuantizableLinear(in_features=128, out_features=128, bias=True)
          )
          (linear1): Linear(in_features=128, out_features=512, bias=True)
          (dropout): Dropout(p=0.3, inplace=False)
          (linear2): Linear(in_features=512, out_features=128, bias=True)
          (norm1): LayerNorm((128,), eps=1e-05, elementwise_affine=True)
          (norm2): LayerNorm((128,), eps=1e-05, elementwise_affine=True)
          (dropout1): Dropout(p=0.3, inplace=False)
          (dropout2): Dropout(p=0.3, inplace=False)
        )
        (1): TransformerEncoderLayer(
          (self_attn): MultiheadAttention(
            (out_proj): NonDynamicallyQuantizableLinear(in_features=128, out_features=128, bias=True)
          )
          (linear1): Linear(in_features=128, out_features=512, bias=True)
          (dropout): Dropout(p=0.3, inplace=False)
          (linear2): Linear(in_features=512, out_features=128, bias=True)
          (norm1): LayerNorm((128,), eps=1e-05, elementwise_affine=True)
          (norm2): LayerNorm((128,), eps=1e-05, elementwise_affine=True)
          (dropout1): Dropout(p=0.3, inplace=False)
          (dropout2): Dropout(p=0.3, inplace=False)
        )
      )
    )
  )
  (temporal_aggregator): Seq2SeqGruAggregator(
    (gru): GRU(144, 256, num_layers=2, batch_first=True, dropout=0.3)
  )
  (classifier): Sequential(
    (0): Linear(in_features=256, out_features=49, bias=True)
  )
)
Trainable parameters: 1531921
2021-11-30 08:38:56,401 - trainer - INFO -     epoch          : 1
2021-11-30 08:38:56,592 - trainer - INFO -     loss           : 2.5914633832371394
2021-11-30 08:38:56,592 - trainer - INFO -     seq2seq_NDCG   : 0.5666632056236267
2021-11-30 08:38:56,592 - trainer - INFO -     seq2seq_NDCG16 : 0.6379044651985168
2021-11-30 08:38:56,592 - trainer - INFO -     val_loss       : 2.3285842850385117
2021-11-30 08:38:56,592 - trainer - INFO -     val_seq2seq_NDCG: 0.6536455154418945
2021-11-30 08:38:56,593 - trainer - INFO -     val_seq2seq_NDCG16: 0.7166559100151062
2021-11-30 08:38:57,098 - trainer - INFO - Improved! Saving current best: model_best.pth ...
2021-11-30 08:53:53,590 - trainer - INFO -     epoch          : 2
2021-11-30 08:53:53,716 - trainer - INFO -     loss           : 2.316759249833022
2021-11-30 08:53:53,716 - trainer - INFO -     seq2seq_NDCG   : 0.6523869633674622
2021-11-30 08:53:53,716 - trainer - INFO -     seq2seq_NDCG16 : 0.7147423028945923
2021-11-30 08:53:53,716 - trainer - INFO -     val_loss       : 2.2685463855333645
2021-11-30 08:53:53,716 - trainer - INFO -     val_seq2seq_NDCG: 0.6648799180984497
2021-11-30 08:53:53,719 - trainer - INFO -     val_seq2seq_NDCG16: 0.7271883487701416
2021-11-30 08:53:54,099 - trainer - INFO - Improved! Saving current best: model_best.pth ...
2021-11-30 09:08:38,180 - trainer - INFO -     epoch          : 3
2021-11-30 09:08:38,363 - trainer - INFO -     loss           : 2.279386268696263
2021-11-30 09:08:38,363 - trainer - INFO -     seq2seq_NDCG   : 0.6598373055458069
2021-11-30 09:08:38,363 - trainer - INFO -     seq2seq_NDCG16 : 0.721587598323822
2021-11-30 09:08:38,364 - trainer - INFO -     val_loss       : 2.248273949488959
2021-11-30 09:08:38,364 - trainer - INFO -     val_seq2seq_NDCG: 0.6687622666358948
2021-11-30 09:08:38,364 - trainer - INFO -     val_seq2seq_NDCG16: 0.7305084466934204
2021-11-30 09:08:39,412 - trainer - INFO - Improved! Saving current best: model_best.pth ...
2021-11-30 09:23:34,998 - trainer - INFO -     epoch          : 4
2021-11-30 09:23:35,420 - trainer - INFO -     loss           : 2.26382491547407
2021-11-30 09:23:35,421 - trainer - INFO -     seq2seq_NDCG   : 0.663123607635498
2021-11-30 09:23:35,421 - trainer - INFO -     seq2seq_NDCG16 : 0.7243685126304626
2021-11-30 09:23:35,421 - trainer - INFO -     val_loss       : 2.238326495260839
2021-11-30 09:23:35,421 - trainer - INFO -     val_seq2seq_NDCG: 0.6704041957855225
2021-11-30 09:23:35,421 - trainer - INFO -     val_seq2seq_NDCG16: 0.7317590117454529
2021-11-30 09:23:36,505 - trainer - INFO - Improved! Saving current best: model_best.pth ...
2021-11-30 09:38:32,600 - trainer - INFO -     epoch          : 5
2021-11-30 09:38:32,850 - trainer - INFO -     loss           : 2.2544675446898985
2021-11-30 09:38:32,851 - trainer - INFO -     seq2seq_NDCG   : 0.6651608347892761
2021-11-30 09:38:32,851 - trainer - INFO -     seq2seq_NDCG16 : 0.7259740233421326
2021-11-30 09:38:32,851 - trainer - INFO -     val_loss       : 2.233398346035072
2021-11-30 09:38:32,851 - trainer - INFO -     val_seq2seq_NDCG: 0.6712356805801392
2021-11-30 09:38:32,851 - trainer - INFO -     val_seq2seq_NDCG16: 0.7323036193847656
2021-11-30 09:38:34,073 - trainer - INFO - Improved! Saving current best: model_best.pth ...
2021-11-30 09:53:23,578 - trainer - INFO -     epoch          : 6
2021-11-30 09:53:23,714 - trainer - INFO -     loss           : 2.2480137750878213
2021-11-30 09:53:23,714 - trainer - INFO -     seq2seq_NDCG   : 0.6667407751083374
2021-11-30 09:53:23,715 - trainer - INFO -     seq2seq_NDCG16 : 0.7269533276557922
2021-11-30 09:53:23,715 - trainer - INFO -     val_loss       : 2.226906243492575
2021-11-30 09:53:23,715 - trainer - INFO -     val_seq2seq_NDCG: 0.6734336018562317
2021-11-30 09:53:23,715 - trainer - INFO -     val_seq2seq_NDCG16: 0.7335366010665894
2021-11-30 09:53:24,463 - trainer - INFO - Improved! Saving current best: model_best.pth ...
2021-11-30 10:08:21,314 - trainer - INFO -     epoch          : 7
2021-11-30 10:08:21,350 - trainer - INFO -     loss           : 2.2428846430946296
2021-11-30 10:08:21,350 - trainer - INFO -     seq2seq_NDCG   : 0.6681755781173706
2021-11-30 10:08:21,350 - trainer - INFO -     seq2seq_NDCG16 : 0.7276232838630676
2021-11-30 10:08:21,350 - trainer - INFO -     val_loss       : 2.2243757668663475
2021-11-30 10:08:21,350 - trainer - INFO -     val_seq2seq_NDCG: 0.6736518740653992
2021-11-30 10:08:21,351 - trainer - INFO -     val_seq2seq_NDCG16: 0.7329185009002686
2021-11-30 10:08:22,001 - trainer - INFO - Improved! Saving current best: model_best.pth ...
2021-11-30 10:23:13,982 - trainer - INFO -     epoch          : 8
2021-11-30 10:23:14,097 - trainer - INFO -     loss           : 2.238731372836913
2021-11-30 10:23:14,097 - trainer - INFO -     seq2seq_NDCG   : 0.6694620251655579
2021-11-30 10:23:14,098 - trainer - INFO -     seq2seq_NDCG16 : 0.7283678650856018
2021-11-30 10:23:14,098 - trainer - INFO -     val_loss       : 2.2215228971008143
2021-11-30 10:23:14,098 - trainer - INFO -     val_seq2seq_NDCG: 0.6749771237373352
2021-11-30 10:23:14,098 - trainer - INFO -     val_seq2seq_NDCG16: 0.734175443649292
2021-11-30 10:23:14,551 - trainer - INFO - Improved! Saving current best: model_best.pth ...
2021-11-30 10:39:32,114 - trainer - INFO -     epoch          : 9
2021-11-30 10:39:32,151 - trainer - INFO -     loss           : 2.2356562803589375
2021-11-30 10:39:32,152 - trainer - INFO -     seq2seq_NDCG   : 0.670289933681488
2021-11-30 10:39:32,153 - trainer - INFO -     seq2seq_NDCG16 : 0.7288291454315186
2021-11-30 10:39:32,153 - trainer - INFO -     val_loss       : 2.21905315928447
2021-11-30 10:39:32,154 - trainer - INFO -     val_seq2seq_NDCG: 0.6754012703895569
2021-11-30 10:39:32,155 - trainer - INFO -     val_seq2seq_NDCG16: 0.7340660691261292
2021-11-30 10:39:32,439 - trainer - INFO - Improved! Saving current best: model_best.pth ...
2021-11-30 10:56:36,332 - trainer - INFO -     epoch          : 10
2021-11-30 10:56:36,363 - trainer - INFO -     loss           : 2.2332494689040816
2021-11-30 10:56:36,363 - trainer - INFO -     seq2seq_NDCG   : 0.6709739565849304
2021-11-30 10:56:36,363 - trainer - INFO -     seq2seq_NDCG16 : 0.729129433631897
2021-11-30 10:56:36,363 - trainer - INFO -     val_loss       : 2.216357659196
2021-11-30 10:56:36,364 - trainer - INFO -     val_seq2seq_NDCG: 0.6764934659004211
2021-11-30 10:56:36,364 - trainer - INFO -     val_seq2seq_NDCG16: 0.7346406579017639
2021-11-30 10:56:36,614 - trainer - INFO - Improved! Saving current best: model_best.pth ...
2021-11-30 11:11:33,993 - trainer - INFO -     epoch          : 11
2021-11-30 11:11:34,037 - trainer - INFO -     loss           : 2.2310614355542455
2021-11-30 11:11:34,037 - trainer - INFO -     seq2seq_NDCG   : 0.6716471910476685
2021-11-30 11:11:34,037 - trainer - INFO -     seq2seq_NDCG16 : 0.729483425617218
2021-11-30 11:11:34,037 - trainer - INFO -     val_loss       : 2.2158895849876696
2021-11-30 11:11:34,037 - trainer - INFO -     val_seq2seq_NDCG: 0.6759126782417297
2021-11-30 11:11:34,038 - trainer - INFO -     val_seq2seq_NDCG16: 0.7338507175445557
2021-11-30 11:11:34,338 - trainer - INFO - Improved! Saving current best: model_best.pth ...
2021-11-30 11:26:26,849 - trainer - INFO -     epoch          : 12
2021-11-30 11:26:26,880 - trainer - INFO -     loss           : 2.2293544891013295
2021-11-30 11:26:26,881 - trainer - INFO -     seq2seq_NDCG   : 0.6721065640449524
2021-11-30 11:26:26,881 - trainer - INFO -     seq2seq_NDCG16 : 0.7297461628913879
2021-11-30 11:26:26,881 - trainer - INFO -     val_loss       : 2.2147563546514877
2021-11-30 11:26:26,881 - trainer - INFO -     val_seq2seq_NDCG: 0.6769205927848816
2021-11-30 11:26:26,881 - trainer - INFO -     val_seq2seq_NDCG16: 0.734818160533905
2021-11-30 11:26:27,165 - trainer - INFO - Improved! Saving current best: model_best.pth ...
2021-11-30 11:41:27,336 - trainer - INFO -     epoch          : 13
2021-11-30 11:41:27,451 - trainer - INFO -     loss           : 2.2278518368628877
2021-11-30 11:41:27,451 - trainer - INFO -     seq2seq_NDCG   : 0.672474205493927
2021-11-30 11:41:27,452 - trainer - INFO -     seq2seq_NDCG16 : 0.7299607396125793
2021-11-30 11:41:27,452 - trainer - INFO -     val_loss       : 2.2140007104410233
2021-11-30 11:41:27,452 - trainer - INFO -     val_seq2seq_NDCG: 0.6768206357955933
2021-11-30 11:41:27,452 - trainer - INFO -     val_seq2seq_NDCG16: 0.7344711422920227
2021-11-30 11:41:28,019 - trainer - INFO - Improved! Saving current best: model_best.pth ...
2021-11-30 11:56:32,567 - trainer - INFO -     epoch          : 14
2021-11-30 11:56:32,639 - trainer - INFO -     loss           : 2.226502841966547
2021-11-30 11:56:32,639 - trainer - INFO -     seq2seq_NDCG   : 0.6728511452674866
2021-11-30 11:56:32,639 - trainer - INFO -     seq2seq_NDCG16 : 0.7301583886146545
2021-11-30 11:56:32,639 - trainer - INFO -     val_loss       : 2.2129926425416757
2021-11-30 11:56:32,639 - trainer - INFO -     val_seq2seq_NDCG: 0.6776204705238342
2021-11-30 11:56:32,639 - trainer - INFO -     val_seq2seq_NDCG16: 0.7349724173545837
2021-11-30 11:56:33,902 - trainer - INFO - Improved! Saving current best: model_best.pth ...
2021-11-30 12:11:25,818 - trainer - INFO -     epoch          : 15
2021-11-30 12:11:25,894 - trainer - INFO -     loss           : 2.225376321654707
2021-11-30 12:11:25,894 - trainer - INFO -     seq2seq_NDCG   : 0.6732369661331177
2021-11-30 12:11:25,895 - trainer - INFO -     seq2seq_NDCG16 : 0.7302956581115723
2021-11-30 12:11:25,895 - trainer - INFO -     val_loss       : 2.2133020488807307
2021-11-30 12:11:25,895 - trainer - INFO -     val_seq2seq_NDCG: 0.677338719367981
2021-11-30 12:11:25,895 - trainer - INFO -     val_seq2seq_NDCG16: 0.7347944974899292
2021-11-30 12:11:25,896 - trainer - INFO - Performance is lower than epoch: 14
2021-11-30 12:26:30,365 - trainer - INFO -     epoch          : 16
2021-11-30 12:26:30,432 - trainer - INFO -     loss           : 2.224380868867812
2021-11-30 12:26:30,432 - trainer - INFO -     seq2seq_NDCG   : 0.6734451055526733
2021-11-30 12:26:30,432 - trainer - INFO -     seq2seq_NDCG16 : 0.7305434346199036
2021-11-30 12:26:30,432 - trainer - INFO -     val_loss       : 2.2115407764454327
2021-11-30 12:26:30,432 - trainer - INFO -     val_seq2seq_NDCG: 0.6781299114227295
2021-11-30 12:26:30,433 - trainer - INFO -     val_seq2seq_NDCG16: 0.7353801727294922
2021-11-30 12:26:30,874 - trainer - INFO - Improved! Saving current best: model_best.pth ...
2021-11-30 12:41:28,454 - trainer - INFO -     epoch          : 17
2021-11-30 12:41:28,490 - trainer - INFO -     loss           : 2.223557203607687
2021-11-30 12:41:28,491 - trainer - INFO -     seq2seq_NDCG   : 0.6736699938774109
2021-11-30 12:41:28,491 - trainer - INFO -     seq2seq_NDCG16 : 0.7306487560272217
2021-11-30 12:41:28,491 - trainer - INFO -     val_loss       : 2.210657767322667
2021-11-30 12:41:28,491 - trainer - INFO -     val_seq2seq_NDCG: 0.6779353618621826
2021-11-30 12:41:28,491 - trainer - INFO -     val_seq2seq_NDCG16: 0.7350477576255798
2021-11-30 12:41:28,974 - trainer - INFO - Improved! Saving current best: model_best.pth ...
2021-11-30 12:56:28,891 - trainer - INFO -     epoch          : 18
2021-11-30 12:56:28,932 - trainer - INFO -     loss           : 2.222566151573196
2021-11-30 12:56:28,932 - trainer - INFO -     seq2seq_NDCG   : 0.67403644323349
2021-11-30 12:56:28,932 - trainer - INFO -     seq2seq_NDCG16 : 0.7308147549629211
2021-11-30 12:56:28,932 - trainer - INFO -     val_loss       : 2.2098656523867946
2021-11-30 12:56:28,932 - trainer - INFO -     val_seq2seq_NDCG: 0.6784364581108093
2021-11-30 12:56:28,932 - trainer - INFO -     val_seq2seq_NDCG16: 0.7353653907775879
2021-11-30 12:56:29,288 - trainer - INFO - Improved! Saving current best: model_best.pth ...
2021-11-30 13:11:14,070 - trainer - INFO -     epoch          : 19
2021-11-30 13:11:14,203 - trainer - INFO -     loss           : 2.22185914606447
2021-11-30 13:11:14,203 - trainer - INFO -     seq2seq_NDCG   : 0.6741628646850586
2021-11-30 13:11:14,203 - trainer - INFO -     seq2seq_NDCG16 : 0.7309661507606506
2021-11-30 13:11:14,203 - trainer - INFO -     val_loss       : 2.2099584868496946
2021-11-30 13:11:14,203 - trainer - INFO -     val_seq2seq_NDCG: 0.6777822971343994
2021-11-30 13:11:14,203 - trainer - INFO -     val_seq2seq_NDCG16: 0.734618067741394
2021-11-30 13:11:14,205 - trainer - INFO - Performance is lower than epoch: 18
2021-11-30 13:25:58,530 - trainer - INFO -     epoch          : 20
2021-11-30 13:25:58,563 - trainer - INFO -     loss           : 2.2212072977711586
2021-11-30 13:25:58,563 - trainer - INFO -     seq2seq_NDCG   : 0.6743544936180115
2021-11-30 13:25:58,563 - trainer - INFO -     seq2seq_NDCG16 : 0.7309728264808655
2021-11-30 13:25:58,564 - trainer - INFO -     val_loss       : 2.2089516647026666
2021-11-30 13:25:58,564 - trainer - INFO -     val_seq2seq_NDCG: 0.6786787509918213
2021-11-30 13:25:58,564 - trainer - INFO -     val_seq2seq_NDCG16: 0.7355263829231262
2021-11-30 13:25:58,859 - trainer - INFO - Improved! Saving current best: model_best.pth ...
2021-11-30 13:40:45,618 - trainer - INFO -     epoch          : 21
2021-11-30 13:40:45,657 - trainer - INFO -     loss           : 2.2204419758101723
2021-11-30 13:40:45,657 - trainer - INFO -     seq2seq_NDCG   : 0.6745351552963257
2021-11-30 13:40:45,657 - trainer - INFO -     seq2seq_NDCG16 : 0.7311810851097107
2021-11-30 13:40:45,657 - trainer - INFO -     val_loss       : 2.209884038056864
2021-11-30 13:40:45,657 - trainer - INFO -     val_seq2seq_NDCG: 0.6783750057220459
2021-11-30 13:40:45,657 - trainer - INFO -     val_seq2seq_NDCG16: 0.7353265285491943
2021-11-30 13:40:45,659 - trainer - INFO - Performance is lower than epoch: 20
2021-11-30 13:55:29,394 - trainer - INFO -     epoch          : 22
2021-11-30 13:55:29,485 - trainer - INFO -     loss           : 2.2199272654869584
2021-11-30 13:55:29,485 - trainer - INFO -     seq2seq_NDCG   : 0.6747105121612549
2021-11-30 13:55:29,485 - trainer - INFO -     seq2seq_NDCG16 : 0.7312647700309753
2021-11-30 13:55:29,485 - trainer - INFO -     val_loss       : 2.208207332264737
2021-11-30 13:55:29,485 - trainer - INFO -     val_seq2seq_NDCG: 0.6790664792060852
2021-11-30 13:55:29,485 - trainer - INFO -     val_seq2seq_NDCG16: 0.7358453869819641
2021-11-30 13:55:29,926 - trainer - INFO - Improved! Saving current best: model_best.pth ...
2021-11-30 14:10:14,627 - trainer - INFO -     epoch          : 23
2021-11-30 14:10:14,648 - trainer - INFO -     loss           : 2.2193843088924923
2021-11-30 14:10:14,649 - trainer - INFO -     seq2seq_NDCG   : 0.6747975945472717
2021-11-30 14:10:14,649 - trainer - INFO -     seq2seq_NDCG16 : 0.7313697934150696
2021-11-30 14:10:14,649 - trainer - INFO -     val_loss       : 2.209573624384068
2021-11-30 14:10:14,649 - trainer - INFO -     val_seq2seq_NDCG: 0.6786028146743774
2021-11-30 14:10:14,649 - trainer - INFO -     val_seq2seq_NDCG16: 0.7356024384498596
2021-11-30 14:10:14,650 - trainer - INFO - Performance is lower than epoch: 22
2021-11-30 14:24:58,577 - trainer - INFO -     epoch          : 24
2021-11-30 14:24:58,647 - trainer - INFO -     loss           : 2.2188806939567423
2021-11-30 14:24:58,647 - trainer - INFO -     seq2seq_NDCG   : 0.6750256419181824
2021-11-30 14:24:58,647 - trainer - INFO -     seq2seq_NDCG16 : 0.7314634919166565
2021-11-30 14:24:58,647 - trainer - INFO -     val_loss       : 2.2080052344085614
2021-11-30 14:24:58,648 - trainer - INFO -     val_seq2seq_NDCG: 0.6790784001350403
2021-11-30 14:24:58,648 - trainer - INFO -     val_seq2seq_NDCG16: 0.7358569502830505
2021-11-30 14:24:58,904 - trainer - INFO - Improved! Saving current best: model_best.pth ...
2021-11-30 14:39:39,831 - trainer - INFO -     epoch          : 25
2021-11-30 14:39:39,925 - trainer - INFO -     loss           : 2.2183815233995725
2021-11-30 14:39:39,925 - trainer - INFO -     seq2seq_NDCG   : 0.6751065254211426
2021-11-30 14:39:39,925 - trainer - INFO -     seq2seq_NDCG16 : 0.7316164374351501
2021-11-30 14:39:39,925 - trainer - INFO -     val_loss       : 2.208833384696785
2021-11-30 14:39:39,925 - trainer - INFO -     val_seq2seq_NDCG: 0.678503155708313
2021-11-30 14:39:39,925 - trainer - INFO -     val_seq2seq_NDCG16: 0.7356728315353394
2021-11-30 14:39:39,927 - trainer - INFO - Performance is lower than epoch: 24
2021-11-30 14:54:23,125 - trainer - INFO -     epoch          : 26
2021-11-30 14:54:23,204 - trainer - INFO -     loss           : 2.2179574074077055
2021-11-30 14:54:23,204 - trainer - INFO -     seq2seq_NDCG   : 0.675101637840271
2021-11-30 14:54:23,204 - trainer - INFO -     seq2seq_NDCG16 : 0.7315727472305298
2021-11-30 14:54:23,204 - trainer - INFO -     val_loss       : 2.2071644595212034
2021-11-30 14:54:23,204 - trainer - INFO -     val_seq2seq_NDCG: 0.6793302297592163
2021-11-30 14:54:23,204 - trainer - INFO -     val_seq2seq_NDCG16: 0.7360053062438965
2021-11-30 14:54:23,657 - trainer - INFO - Improved! Saving current best: model_best.pth ...
2021-11-30 15:09:05,939 - trainer - INFO -     epoch          : 27
2021-11-30 15:09:06,100 - trainer - INFO -     loss           : 2.2175505560937787
2021-11-30 15:09:06,100 - trainer - INFO -     seq2seq_NDCG   : 0.6753365397453308
2021-11-30 15:09:06,101 - trainer - INFO -     seq2seq_NDCG16 : 0.7316446304321289
2021-11-30 15:09:06,101 - trainer - INFO -     val_loss       : 2.2073834875355596
2021-11-30 15:09:06,101 - trainer - INFO -     val_seq2seq_NDCG: 0.6792471408843994
2021-11-30 15:09:06,101 - trainer - INFO -     val_seq2seq_NDCG16: 0.7356212139129639
2021-11-30 15:09:06,103 - trainer - INFO - Performance is lower than epoch: 26
2021-11-30 15:23:47,988 - trainer - INFO -     epoch          : 28
2021-11-30 15:23:48,092 - trainer - INFO -     loss           : 2.217127283185396
2021-11-30 15:23:48,092 - trainer - INFO -     seq2seq_NDCG   : 0.6754019260406494
2021-11-30 15:23:48,092 - trainer - INFO -     seq2seq_NDCG16 : 0.7317646145820618
2021-11-30 15:23:48,092 - trainer - INFO -     val_loss       : 2.2072714125103965
2021-11-30 15:23:48,092 - trainer - INFO -     val_seq2seq_NDCG: 0.6793450117111206
2021-11-30 15:23:48,092 - trainer - INFO -     val_seq2seq_NDCG16: 0.7359065413475037
2021-11-30 15:23:48,094 - trainer - INFO - Performance is lower than epoch: 26
2021-11-30 15:38:44,235 - trainer - INFO -     epoch          : 29
2021-11-30 15:38:44,397 - trainer - INFO -     loss           : 2.21656767420485
2021-11-30 15:38:44,397 - trainer - INFO -     seq2seq_NDCG   : 0.6755955815315247
2021-11-30 15:38:44,397 - trainer - INFO -     seq2seq_NDCG16 : 0.7317762970924377
2021-11-30 15:38:44,397 - trainer - INFO -     val_loss       : 2.208021438335214
2021-11-30 15:38:44,398 - trainer - INFO -     val_seq2seq_NDCG: 0.6790276765823364
2021-11-30 15:38:44,398 - trainer - INFO -     val_seq2seq_NDCG16: 0.7355344295501709
2021-11-30 15:38:44,399 - trainer - INFO - Performance is lower than epoch: 26
2021-11-30 15:53:38,110 - trainer - INFO -     epoch          : 30
2021-11-30 15:53:38,283 - trainer - INFO -     loss           : 2.2161553644325513
2021-11-30 15:53:38,284 - trainer - INFO -     seq2seq_NDCG   : 0.6756936311721802
2021-11-30 15:53:38,284 - trainer - INFO -     seq2seq_NDCG16 : 0.7318507432937622
2021-11-30 15:53:38,284 - trainer - INFO -     val_loss       : 2.2067066080429973
2021-11-30 15:53:38,284 - trainer - INFO -     val_seq2seq_NDCG: 0.6796131134033203
2021-11-30 15:53:38,284 - trainer - INFO -     val_seq2seq_NDCG16: 0.7358770966529846
2021-11-30 15:53:38,966 - trainer - INFO - Improved! Saving current best: model_best.pth ...
2021-11-30 16:08:21,911 - trainer - INFO -     epoch          : 31
2021-11-30 16:08:22,081 - trainer - INFO -     loss           : 2.2157778474511205
2021-11-30 16:08:22,081 - trainer - INFO -     seq2seq_NDCG   : 0.6758223176002502
2021-11-30 16:08:22,082 - trainer - INFO -     seq2seq_NDCG16 : 0.7319703102111816
2021-11-30 16:08:22,082 - trainer - INFO -     val_loss       : 2.207314665055336
2021-11-30 16:08:22,082 - trainer - INFO -     val_seq2seq_NDCG: 0.6791089773178101
2021-11-30 16:08:22,082 - trainer - INFO -     val_seq2seq_NDCG16: 0.735579788684845
2021-11-30 16:08:22,084 - trainer - INFO - Performance is lower than epoch: 30
2021-11-30 16:23:08,815 - trainer - INFO -     epoch          : 32
2021-11-30 16:23:09,041 - trainer - INFO -     loss           : 2.215490420354305
2021-11-30 16:23:09,042 - trainer - INFO -     seq2seq_NDCG   : 0.6759393811225891
2021-11-30 16:23:09,042 - trainer - INFO -     seq2seq_NDCG16 : 0.7320027351379395
2021-11-30 16:23:09,042 - trainer - INFO -     val_loss       : 2.206964490968553
2021-11-30 16:23:09,042 - trainer - INFO -     val_seq2seq_NDCG: 0.6795096397399902
2021-11-30 16:23:09,042 - trainer - INFO -     val_seq2seq_NDCG16: 0.7359989881515503
2021-11-30 16:23:09,043 - trainer - INFO - Performance is lower than epoch: 30
2021-11-30 16:37:53,101 - trainer - INFO -     epoch          : 33
2021-11-30 16:37:53,272 - trainer - INFO -     loss           : 2.2151337077201214
2021-11-30 16:37:53,273 - trainer - INFO -     seq2seq_NDCG   : 0.6760437488555908
2021-11-30 16:37:53,273 - trainer - INFO -     seq2seq_NDCG16 : 0.7320470809936523
2021-11-30 16:37:53,273 - trainer - INFO -     val_loss       : 2.2066520955556492
2021-11-30 16:37:53,273 - trainer - INFO -     val_seq2seq_NDCG: 0.6794600486755371
2021-11-30 16:37:53,273 - trainer - INFO -     val_seq2seq_NDCG16: 0.7360078692436218
2021-11-30 16:37:54,528 - trainer - INFO - Improved! Saving current best: model_best.pth ...
2021-11-30 16:52:38,412 - trainer - INFO -     epoch          : 34
2021-11-30 16:52:38,577 - trainer - INFO -     loss           : 2.214713713029067
2021-11-30 16:52:38,578 - trainer - INFO -     seq2seq_NDCG   : 0.6761447191238403
2021-11-30 16:52:38,578 - trainer - INFO -     seq2seq_NDCG16 : 0.732158899307251
2021-11-30 16:52:38,578 - trainer - INFO -     val_loss       : 2.2062107449602286
2021-11-30 16:52:38,578 - trainer - INFO -     val_seq2seq_NDCG: 0.6795346140861511
2021-11-30 16:52:38,578 - trainer - INFO -     val_seq2seq_NDCG16: 0.735962450504303
2021-11-30 16:52:39,218 - trainer - INFO - Improved! Saving current best: model_best.pth ...
2021-11-30 17:07:24,394 - trainer - INFO -     epoch          : 35
2021-11-30 17:07:24,489 - trainer - INFO -     loss           : 2.21449418321147
2021-11-30 17:07:24,489 - trainer - INFO -     seq2seq_NDCG   : 0.6761654019355774
2021-11-30 17:07:24,489 - trainer - INFO -     seq2seq_NDCG16 : 0.7321515679359436
2021-11-30 17:07:24,489 - trainer - INFO -     val_loss       : 2.205777814016318
2021-11-30 17:07:24,490 - trainer - INFO -     val_seq2seq_NDCG: 0.6795336008071899
2021-11-30 17:07:24,490 - trainer - INFO -     val_seq2seq_NDCG16: 0.735855758190155
2021-11-30 17:07:24,975 - trainer - INFO - Improved! Saving current best: model_best.pth ...
2021-11-30 17:22:06,981 - trainer - INFO -     epoch          : 36
2021-11-30 17:22:07,130 - trainer - INFO -     loss           : 2.2141299891456607
2021-11-30 17:22:07,130 - trainer - INFO -     seq2seq_NDCG   : 0.676270067691803
2021-11-30 17:22:07,130 - trainer - INFO -     seq2seq_NDCG16 : 0.7321820855140686
2021-11-30 17:22:07,130 - trainer - INFO -     val_loss       : 2.205550359033258
2021-11-30 17:22:07,131 - trainer - INFO -     val_seq2seq_NDCG: 0.6798694133758545
2021-11-30 17:22:07,131 - trainer - INFO -     val_seq2seq_NDCG16: 0.7361527681350708
2021-11-30 17:22:07,498 - trainer - INFO - Improved! Saving current best: model_best.pth ...
2021-11-30 17:36:56,525 - trainer - INFO -     epoch          : 37
2021-11-30 17:36:56,597 - trainer - INFO -     loss           : 2.213792993712715
2021-11-30 17:36:56,597 - trainer - INFO -     seq2seq_NDCG   : 0.6762896180152893
2021-11-30 17:36:56,597 - trainer - INFO -     seq2seq_NDCG16 : 0.7322116494178772
2021-11-30 17:36:56,597 - trainer - INFO -     val_loss       : 2.2060019573592164
2021-11-30 17:36:56,597 - trainer - INFO -     val_seq2seq_NDCG: 0.6794957518577576
2021-11-30 17:36:56,598 - trainer - INFO -     val_seq2seq_NDCG16: 0.7358569502830505
2021-11-30 17:36:56,600 - trainer - INFO - Performance is lower than epoch: 36
2021-11-30 17:51:31,017 - trainer - INFO -     epoch          : 38
2021-11-30 17:51:31,111 - trainer - INFO -     loss           : 2.2135521128478146
2021-11-30 17:51:31,111 - trainer - INFO -     seq2seq_NDCG   : 0.6763848066329956
2021-11-30 17:51:31,111 - trainer - INFO -     seq2seq_NDCG16 : 0.7322663068771362
2021-11-30 17:51:31,111 - trainer - INFO -     val_loss       : 2.2057918233944633
2021-11-30 17:51:31,112 - trainer - INFO -     val_seq2seq_NDCG: 0.6797295808792114
2021-11-30 17:51:31,112 - trainer - INFO -     val_seq2seq_NDCG16: 0.7360885739326477
2021-11-30 17:51:31,113 - trainer - INFO - Performance is lower than epoch: 36
2021-11-30 18:06:04,929 - trainer - INFO -     epoch          : 39
2021-11-30 18:06:05,054 - trainer - INFO -     loss           : 2.213196331769781
2021-11-30 18:06:05,054 - trainer - INFO -     seq2seq_NDCG   : 0.6764962077140808
2021-11-30 18:06:05,054 - trainer - INFO -     seq2seq_NDCG16 : 0.7323305606842041
2021-11-30 18:06:05,054 - trainer - INFO -     val_loss       : 2.2066061612590193
2021-11-30 18:06:05,054 - trainer - INFO -     val_seq2seq_NDCG: 0.6796942353248596
2021-11-30 18:06:05,054 - trainer - INFO -     val_seq2seq_NDCG16: 0.7359248399734497
2021-11-30 18:06:05,056 - trainer - INFO - Performance is lower than epoch: 36
2021-11-30 18:20:37,793 - trainer - INFO -     epoch          : 40
2021-11-30 18:20:37,855 - trainer - INFO -     loss           : 2.212990636483874
2021-11-30 18:20:37,855 - trainer - INFO -     seq2seq_NDCG   : 0.6765561103820801
2021-11-30 18:20:37,855 - trainer - INFO -     seq2seq_NDCG16 : 0.732329249382019
2021-11-30 18:20:37,855 - trainer - INFO -     val_loss       : 2.2053088032071244
2021-11-30 18:20:37,855 - trainer - INFO -     val_seq2seq_NDCG: 0.6798826456069946
2021-11-30 18:20:37,856 - trainer - INFO -     val_seq2seq_NDCG16: 0.7362510561943054
2021-11-30 18:20:38,117 - trainer - INFO - Improved! Saving current best: model_best.pth ...
2021-11-30 18:35:10,913 - trainer - INFO -     epoch          : 41
2021-11-30 18:35:11,042 - trainer - INFO -     loss           : 2.2127395576189057
2021-11-30 18:35:11,042 - trainer - INFO -     seq2seq_NDCG   : 0.6766085028648376
2021-11-30 18:35:11,043 - trainer - INFO -     seq2seq_NDCG16 : 0.732393741607666
2021-11-30 18:35:11,043 - trainer - INFO -     val_loss       : 2.206233752048229
2021-11-30 18:35:11,043 - trainer - INFO -     val_seq2seq_NDCG: 0.679473876953125
2021-11-30 18:35:11,043 - trainer - INFO -     val_seq2seq_NDCG16: 0.7358464598655701
2021-11-30 18:35:11,045 - trainer - INFO - Performance is lower than epoch: 40
2021-11-30 18:49:44,113 - trainer - INFO -     epoch          : 42
2021-11-30 18:49:44,163 - trainer - INFO -     loss           : 2.212535702716976
2021-11-30 18:49:44,163 - trainer - INFO -     seq2seq_NDCG   : 0.6766321659088135
2021-11-30 18:49:44,163 - trainer - INFO -     seq2seq_NDCG16 : 0.7324339747428894
2021-11-30 18:49:44,164 - trainer - INFO -     val_loss       : 2.2055802333080554
2021-11-30 18:49:44,164 - trainer - INFO -     val_seq2seq_NDCG: 0.6797924637794495
2021-11-30 18:49:44,164 - trainer - INFO -     val_seq2seq_NDCG16: 0.7361642718315125
2021-11-30 18:49:44,165 - trainer - INFO - Performance is lower than epoch: 40
2021-11-30 19:04:18,946 - trainer - INFO -     epoch          : 43
2021-11-30 19:04:19,098 - trainer - INFO -     loss           : 2.212310380685505
2021-11-30 19:04:19,099 - trainer - INFO -     seq2seq_NDCG   : 0.6767352223396301
2021-11-30 19:04:19,099 - trainer - INFO -     seq2seq_NDCG16 : 0.732505738735199
2021-11-30 19:04:19,099 - trainer - INFO -     val_loss       : 2.2062809802687076
2021-11-30 19:04:19,099 - trainer - INFO -     val_seq2seq_NDCG: 0.6792407631874084
2021-11-30 19:04:19,099 - trainer - INFO -     val_seq2seq_NDCG16: 0.735987663269043
2021-11-30 19:04:19,101 - trainer - INFO - Performance is lower than epoch: 40
2021-11-30 19:18:53,917 - trainer - INFO -     epoch          : 44
2021-11-30 19:18:53,961 - trainer - INFO -     loss           : 2.2121106010175864
2021-11-30 19:18:53,962 - trainer - INFO -     seq2seq_NDCG   : 0.6767306923866272
2021-11-30 19:18:53,962 - trainer - INFO -     seq2seq_NDCG16 : 0.7324845194816589
2021-11-30 19:18:53,962 - trainer - INFO -     val_loss       : 2.2053835904201886
2021-11-30 19:18:53,962 - trainer - INFO -     val_seq2seq_NDCG: 0.6798197627067566
2021-11-30 19:18:53,962 - trainer - INFO -     val_seq2seq_NDCG16: 0.7360875010490417
2021-11-30 19:18:53,964 - trainer - INFO - Performance is lower than epoch: 40
2021-11-30 19:33:29,115 - trainer - INFO -     epoch          : 45
2021-11-30 19:33:29,231 - trainer - INFO -     loss           : 2.2118975339756513
2021-11-30 19:33:29,232 - trainer - INFO -     seq2seq_NDCG   : 0.6768936514854431
2021-11-30 19:33:29,232 - trainer - INFO -     seq2seq_NDCG16 : 0.7325654029846191
2021-11-30 19:33:29,232 - trainer - INFO -     val_loss       : 2.2055652995243706
2021-11-30 19:33:29,232 - trainer - INFO -     val_seq2seq_NDCG: 0.6796943545341492
2021-11-30 19:33:29,232 - trainer - INFO -     val_seq2seq_NDCG16: 0.7359629273414612
2021-11-30 19:33:29,234 - trainer - INFO - Performance is lower than epoch: 40
2021-11-30 19:48:05,474 - trainer - INFO -     epoch          : 46
2021-11-30 19:48:05,588 - trainer - INFO -     loss           : 2.211601098988656
2021-11-30 19:48:05,589 - trainer - INFO -     seq2seq_NDCG   : 0.6768630743026733
2021-11-30 19:48:05,589 - trainer - INFO -     seq2seq_NDCG16 : 0.7326242327690125
2021-11-30 19:48:05,589 - trainer - INFO -     val_loss       : 2.205165056316444
2021-11-30 19:48:05,589 - trainer - INFO -     val_seq2seq_NDCG: 0.6798416376113892
2021-11-30 19:48:05,589 - trainer - INFO -     val_seq2seq_NDCG16: 0.7361243963241577
2021-11-30 19:48:06,148 - trainer - INFO - Improved! Saving current best: model_best.pth ...
2021-11-30 20:02:42,060 - trainer - INFO -     epoch          : 47
2021-11-30 20:02:42,102 - trainer - INFO -     loss           : 2.211369321350859
2021-11-30 20:02:42,102 - trainer - INFO -     seq2seq_NDCG   : 0.6768916845321655
2021-11-30 20:02:42,103 - trainer - INFO -     seq2seq_NDCG16 : 0.7325559854507446
2021-11-30 20:02:42,103 - trainer - INFO -     val_loss       : 2.206470357792457
2021-11-30 20:02:42,103 - trainer - INFO -     val_seq2seq_NDCG: 0.679523766040802
2021-11-30 20:02:42,103 - trainer - INFO -     val_seq2seq_NDCG16: 0.735869288444519
2021-11-30 20:02:42,104 - trainer - INFO - Performance is lower than epoch: 46
2021-11-30 20:17:21,163 - trainer - INFO -     epoch          : 48
2021-11-30 20:17:21,286 - trainer - INFO -     loss           : 2.2113238399942485
2021-11-30 20:17:21,286 - trainer - INFO -     seq2seq_NDCG   : 0.6769705414772034
2021-11-30 20:17:21,287 - trainer - INFO -     seq2seq_NDCG16 : 0.7325997352600098
2021-11-30 20:17:21,287 - trainer - INFO -     val_loss       : 2.205100807692389
2021-11-30 20:17:21,287 - trainer - INFO -     val_seq2seq_NDCG: 0.6799498200416565
2021-11-30 20:17:21,287 - trainer - INFO -     val_seq2seq_NDCG16: 0.7360671758651733
2021-11-30 20:17:21,722 - trainer - INFO - Improved! Saving current best: model_best.pth ...
2021-11-30 20:31:59,790 - trainer - INFO -     epoch          : 49
2021-11-30 20:31:59,898 - trainer - INFO -     loss           : 2.2110457643056174
2021-11-30 20:31:59,898 - trainer - INFO -     seq2seq_NDCG   : 0.6770442128181458
2021-11-30 20:31:59,898 - trainer - INFO -     seq2seq_NDCG16 : 0.7326821684837341
2021-11-30 20:31:59,898 - trainer - INFO -     val_loss       : 2.2059660043253007
2021-11-30 20:31:59,898 - trainer - INFO -     val_seq2seq_NDCG: 0.6797645092010498
2021-11-30 20:31:59,898 - trainer - INFO -     val_seq2seq_NDCG16: 0.7360590100288391
2021-11-30 20:31:59,900 - trainer - INFO - Performance is lower than epoch: 48
2021-11-30 20:46:39,525 - trainer - INFO -     epoch          : 50
2021-11-30 20:46:39,663 - trainer - INFO -     loss           : 2.210874205129847
2021-11-30 20:46:39,663 - trainer - INFO -     seq2seq_NDCG   : 0.6770620346069336
2021-11-30 20:46:39,663 - trainer - INFO -     seq2seq_NDCG16 : 0.7326833605766296
2021-11-30 20:46:39,663 - trainer - INFO -     val_loss       : 2.2049971346355157
2021-11-30 20:46:39,664 - trainer - INFO -     val_seq2seq_NDCG: 0.6799651980400085
2021-11-30 20:46:39,664 - trainer - INFO -     val_seq2seq_NDCG16: 0.7362779378890991
2021-11-30 20:46:40,103 - trainer - INFO - Improved! Saving current best: model_best.pth ...
2021-11-30 21:01:22,109 - trainer - INFO -     epoch          : 51
2021-11-30 21:01:22,373 - trainer - INFO -     loss           : 2.2106524133102603
2021-11-30 21:01:22,373 - trainer - INFO -     seq2seq_NDCG   : 0.6770845055580139
2021-11-30 21:01:22,373 - trainer - INFO -     seq2seq_NDCG16 : 0.7327208518981934
2021-11-30 21:01:22,373 - trainer - INFO -     val_loss       : 2.205435551645811
2021-11-30 21:01:22,374 - trainer - INFO -     val_seq2seq_NDCG: 0.6802128553390503
2021-11-30 21:01:22,374 - trainer - INFO -     val_seq2seq_NDCG16: 0.7361387014389038
2021-11-30 21:01:22,376 - trainer - INFO - Performance is lower than epoch: 50
2021-11-30 21:16:02,715 - trainer - INFO -     epoch          : 52
2021-11-30 21:16:03,138 - trainer - INFO -     loss           : 2.210394397273097
2021-11-30 21:16:03,138 - trainer - INFO -     seq2seq_NDCG   : 0.6771844625473022
2021-11-30 21:16:03,139 - trainer - INFO -     seq2seq_NDCG16 : 0.732826828956604
2021-11-30 21:16:03,139 - trainer - INFO -     val_loss       : 2.2049652987428945
2021-11-30 21:16:03,139 - trainer - INFO -     val_seq2seq_NDCG: 0.6800417900085449
2021-11-30 21:16:03,139 - trainer - INFO -     val_seq2seq_NDCG16: 0.7359931468963623
2021-11-30 21:16:03,551 - trainer - INFO - Improved! Saving current best: model_best.pth ...
2021-11-30 21:30:47,345 - trainer - INFO -     epoch          : 53
2021-11-30 21:30:47,447 - trainer - INFO -     loss           : 2.2103418179681036
2021-11-30 21:30:47,448 - trainer - INFO -     seq2seq_NDCG   : 0.6771491169929504
2021-11-30 21:30:47,448 - trainer - INFO -     seq2seq_NDCG16 : 0.7327555418014526
2021-11-30 21:30:47,448 - trainer - INFO -     val_loss       : 2.205213101013847
2021-11-30 21:30:47,448 - trainer - INFO -     val_seq2seq_NDCG: 0.6797216534614563
2021-11-30 21:30:47,448 - trainer - INFO -     val_seq2seq_NDCG16: 0.7359520792961121
2021-11-30 21:30:47,451 - trainer - INFO - Performance is lower than epoch: 52
2021-11-30 21:45:34,900 - trainer - INFO -     epoch          : 54
2021-11-30 21:45:34,944 - trainer - INFO -     loss           : 2.209966199182961
2021-11-30 21:45:34,945 - trainer - INFO -     seq2seq_NDCG   : 0.6773084998130798
2021-11-30 21:45:34,945 - trainer - INFO -     seq2seq_NDCG16 : 0.7328628301620483
2021-11-30 21:45:34,945 - trainer - INFO -     val_loss       : 2.2051894969647496
2021-11-30 21:45:34,945 - trainer - INFO -     val_seq2seq_NDCG: 0.6800553202629089
2021-11-30 21:45:34,945 - trainer - INFO -     val_seq2seq_NDCG16: 0.7362123131752014
2021-11-30 21:45:34,947 - trainer - INFO - Performance is lower than epoch: 52
2021-11-30 22:00:21,713 - trainer - INFO -     epoch          : 55
2021-11-30 22:00:21,865 - trainer - INFO -     loss           : 2.209925833376874
2021-11-30 22:00:21,865 - trainer - INFO -     seq2seq_NDCG   : 0.6772900819778442
2021-11-30 22:00:21,865 - trainer - INFO -     seq2seq_NDCG16 : 0.7328416109085083
2021-11-30 22:00:21,865 - trainer - INFO -     val_loss       : 2.205313165474426
2021-11-30 22:00:21,865 - trainer - INFO -     val_seq2seq_NDCG: 0.6798859238624573
2021-11-30 22:00:21,865 - trainer - INFO -     val_seq2seq_NDCG16: 0.7359418272972107
2021-11-30 22:00:21,867 - trainer - INFO - Performance is lower than epoch: 52
2021-11-30 22:15:12,912 - trainer - INFO -     epoch          : 56
2021-11-30 22:15:13,005 - trainer - INFO -     loss           : 2.209718014899539
2021-11-30 22:15:13,005 - trainer - INFO -     seq2seq_NDCG   : 0.6773486137390137
2021-11-30 22:15:13,005 - trainer - INFO -     seq2seq_NDCG16 : 0.7329018712043762
2021-11-30 22:15:13,005 - trainer - INFO -     val_loss       : 2.204716626945359
2021-11-30 22:15:13,006 - trainer - INFO -     val_seq2seq_NDCG: 0.6802173256874084
2021-11-30 22:15:13,006 - trainer - INFO -     val_seq2seq_NDCG16: 0.7362394332885742
2021-11-30 22:15:13,368 - trainer - INFO - Improved! Saving current best: model_best.pth ...
2021-11-30 22:30:06,887 - trainer - INFO -     epoch          : 57
2021-11-30 22:30:07,038 - trainer - INFO -     loss           : 2.209432826161156
2021-11-30 22:30:07,039 - trainer - INFO -     seq2seq_NDCG   : 0.677425742149353
2021-11-30 22:30:07,039 - trainer - INFO -     seq2seq_NDCG16 : 0.7329249978065491
2021-11-30 22:30:07,039 - trainer - INFO -     val_loss       : 2.2050182971808003
2021-11-30 22:30:07,039 - trainer - INFO -     val_seq2seq_NDCG: 0.6798357963562012
2021-11-30 22:30:07,039 - trainer - INFO -     val_seq2seq_NDCG16: 0.7360179424285889
2021-11-30 22:30:07,040 - trainer - INFO - Performance is lower than epoch: 56
2021-11-30 22:44:54,776 - trainer - INFO -     epoch          : 58
2021-11-30 22:44:54,846 - trainer - INFO -     loss           : 2.209325881013486
2021-11-30 22:44:54,846 - trainer - INFO -     seq2seq_NDCG   : 0.677446722984314
2021-11-30 22:44:54,846 - trainer - INFO -     seq2seq_NDCG16 : 0.7329313158988953
2021-11-30 22:44:54,846 - trainer - INFO -     val_loss       : 2.2049328475961905
2021-11-30 22:44:54,846 - trainer - INFO -     val_seq2seq_NDCG: 0.6801634430885315
2021-11-30 22:44:54,846 - trainer - INFO -     val_seq2seq_NDCG16: 0.7363349199295044
2021-11-30 22:44:54,848 - trainer - INFO - Performance is lower than epoch: 56
2021-11-30 22:59:42,369 - trainer - INFO -     epoch          : 59
2021-11-30 22:59:42,420 - trainer - INFO -     loss           : 2.209248083032863
2021-11-30 22:59:42,420 - trainer - INFO -     seq2seq_NDCG   : 0.6774837374687195
2021-11-30 22:59:42,420 - trainer - INFO -     seq2seq_NDCG16 : 0.7329369187355042
2021-11-30 22:59:42,421 - trainer - INFO -     val_loss       : 2.2058869158215537
2021-11-30 22:59:42,421 - trainer - INFO -     val_seq2seq_NDCG: 0.6797384023666382
2021-11-30 22:59:42,421 - trainer - INFO -     val_seq2seq_NDCG16: 0.7359359860420227
2021-11-30 22:59:42,422 - trainer - INFO - Performance is lower than epoch: 56
2021-11-30 23:14:30,715 - trainer - INFO -     epoch          : 60
2021-11-30 23:14:30,840 - trainer - INFO -     loss           : 2.2091025531253825
2021-11-30 23:14:30,840 - trainer - INFO -     seq2seq_NDCG   : 0.6775134205818176
2021-11-30 23:14:30,841 - trainer - INFO -     seq2seq_NDCG16 : 0.7329225540161133
2021-11-30 23:14:30,841 - trainer - INFO -     val_loss       : 2.2049721580027315
2021-11-30 23:14:30,841 - trainer - INFO -     val_seq2seq_NDCG: 0.6800928115844727
2021-11-30 23:14:30,841 - trainer - INFO -     val_seq2seq_NDCG16: 0.7362781167030334
2021-11-30 23:14:30,843 - trainer - INFO - Performance is lower than epoch: 56
2021-11-30 23:29:15,524 - trainer - INFO -     epoch          : 61
2021-11-30 23:29:15,655 - trainer - INFO -     loss           : 2.2089834675450244
2021-11-30 23:29:15,655 - trainer - INFO -     seq2seq_NDCG   : 0.6774938106536865
2021-11-30 23:29:15,655 - trainer - INFO -     seq2seq_NDCG16 : 0.7329295873641968
2021-11-30 23:29:15,655 - trainer - INFO -     val_loss       : 2.2052230499589536
2021-11-30 23:29:15,656 - trainer - INFO -     val_seq2seq_NDCG: 0.6798310875892639
2021-11-30 23:29:15,656 - trainer - INFO -     val_seq2seq_NDCG16: 0.7360787987709045
2021-11-30 23:29:15,657 - trainer - INFO - Performance is lower than epoch: 56
2021-11-30 23:44:01,327 - trainer - INFO -     epoch          : 62
2021-11-30 23:44:01,435 - trainer - INFO -     loss           : 2.2087649342652247
2021-11-30 23:44:01,435 - trainer - INFO -     seq2seq_NDCG   : 0.6776497960090637
2021-11-30 23:44:01,435 - trainer - INFO -     seq2seq_NDCG16 : 0.7329939603805542
2021-11-30 23:44:01,435 - trainer - INFO -     val_loss       : 2.2051644319158688
2021-11-30 23:44:01,435 - trainer - INFO -     val_seq2seq_NDCG: 0.679983377456665
2021-11-30 23:44:01,435 - trainer - INFO -     val_seq2seq_NDCG16: 0.7361099123954773
2021-11-30 23:44:01,435 - trainer - INFO - Validation performance didn't improve for 5 epochs. Training stops.
2021-12-01 03:57:11,522 - train - INFO - BigArch(
  (row_encoder): FixedEmbedderNN(
    (embedder): FixedEmbedder(
      (embeddings): ModuleList(
        (0): Embedding(49, 32)
        (1): Embedding(4, 32)
        (2): Embedding(7, 32)
        (3): Embedding(30, 32)
        (4): Embedding(3, 32)
        (5): Embedding(12, 32)
        (6): Embedding(35, 32)
        (7): Embedding(3, 32)
        (8): Embedding(10, 32)
        (9): Embedding(2, 32)
      )
      (nns): ModuleList(
        (0): Linear(in_features=1, out_features=32, bias=True)
        (1): Linear(in_features=1, out_features=32, bias=True)
        (2): Linear(in_features=1, out_features=32, bias=True)
        (3): Linear(in_features=1, out_features=32, bias=True)
        (4): Linear(in_features=1, out_features=32, bias=True)
        (5): Linear(in_features=1, out_features=32, bias=True)
        (6): Linear(in_features=1, out_features=32, bias=True)
        (7): Linear(in_features=1, out_features=32, bias=True)
        (8): Linear(in_features=1, out_features=32, bias=True)
        (9): Linear(in_features=1, out_features=32, bias=True)
        (10): Linear(in_features=1, out_features=32, bias=True)
        (11): Linear(in_features=1, out_features=32, bias=True)
        (12): Linear(in_features=1, out_features=32, bias=True)
        (13): Linear(in_features=1, out_features=32, bias=True)
        (14): Linear(in_features=1, out_features=32, bias=True)
        (15): Linear(in_features=1, out_features=32, bias=True)
        (16): Linear(in_features=1, out_features=32, bias=True)
        (17): Linear(in_features=1, out_features=32, bias=True)
        (18): Linear(in_features=1, out_features=32, bias=True)
        (19): Linear(in_features=1, out_features=32, bias=True)
        (20): Linear(in_features=1, out_features=32, bias=True)
        (21): Linear(in_features=1, out_features=32, bias=True)
        (22): Linear(in_features=1, out_features=32, bias=True)
        (23): Linear(in_features=1, out_features=32, bias=True)
        (24): Linear(in_features=1, out_features=32, bias=True)
        (25): Linear(in_features=1, out_features=32, bias=True)
        (26): Linear(in_features=1, out_features=32, bias=True)
        (27): Linear(in_features=1, out_features=32, bias=True)
        (28): Linear(in_features=1, out_features=32, bias=True)
        (29): Linear(in_features=1, out_features=32, bias=True)
        (30): Linear(in_features=1, out_features=32, bias=True)
        (31): Linear(in_features=1, out_features=32, bias=True)
        (32): Linear(in_features=1, out_features=32, bias=True)
        (33): Linear(in_features=1, out_features=32, bias=True)
        (34): Linear(in_features=1, out_features=32, bias=True)
        (35): Linear(in_features=1, out_features=32, bias=True)
        (36): Linear(in_features=1, out_features=32, bias=True)
        (37): Linear(in_features=1, out_features=32, bias=True)
        (38): Linear(in_features=1, out_features=32, bias=True)
        (39): Linear(in_features=1, out_features=32, bias=True)
        (40): Linear(in_features=1, out_features=32, bias=True)
        (41): Linear(in_features=1, out_features=32, bias=True)
      )
    )
    (input_layer): Linear(in_features=1664, out_features=128, bias=True)
    (nn_layers): Sequential(
      (0): Sequential(
        (0): Linear(in_features=128, out_features=256, bias=True)
        (1): Dropout(p=0.3, inplace=False)
        (2): Linear(in_features=256, out_features=128, bias=True)
        (3): LayerNorm((128,), eps=1e-05, elementwise_affine=True)
      )
      (1): Sequential(
        (0): Linear(in_features=128, out_features=256, bias=True)
        (1): Dropout(p=0.3, inplace=False)
        (2): Linear(in_features=256, out_features=128, bias=True)
        (3): LayerNorm((128,), eps=1e-05, elementwise_affine=True)
      )
      (2): Sequential(
        (0): Linear(in_features=128, out_features=256, bias=True)
        (1): Dropout(p=0.3, inplace=False)
        (2): Linear(in_features=256, out_features=128, bias=True)
        (3): LayerNorm((128,), eps=1e-05, elementwise_affine=True)
      )
    )
  )
  (rows_aggregator): RowsTransformerAggregator(
    (AttenLayer): TransformerEncoder(
      (layers): ModuleList(
        (0): TransformerEncoderLayer(
          (self_attn): MultiheadAttention(
            (out_proj): NonDynamicallyQuantizableLinear(in_features=128, out_features=128, bias=True)
          )
          (linear1): Linear(in_features=128, out_features=512, bias=True)
          (dropout): Dropout(p=0.3, inplace=False)
          (linear2): Linear(in_features=512, out_features=128, bias=True)
          (norm1): LayerNorm((128,), eps=1e-05, elementwise_affine=True)
          (norm2): LayerNorm((128,), eps=1e-05, elementwise_affine=True)
          (dropout1): Dropout(p=0.3, inplace=False)
          (dropout2): Dropout(p=0.3, inplace=False)
        )
        (1): TransformerEncoderLayer(
          (self_attn): MultiheadAttention(
            (out_proj): NonDynamicallyQuantizableLinear(in_features=128, out_features=128, bias=True)
          )
          (linear1): Linear(in_features=128, out_features=512, bias=True)
          (dropout): Dropout(p=0.3, inplace=False)
          (linear2): Linear(in_features=512, out_features=128, bias=True)
          (norm1): LayerNorm((128,), eps=1e-05, elementwise_affine=True)
          (norm2): LayerNorm((128,), eps=1e-05, elementwise_affine=True)
          (dropout1): Dropout(p=0.3, inplace=False)
          (dropout2): Dropout(p=0.3, inplace=False)
        )
      )
    )
  )
  (temporal_aggregator): Seq2SeqGruAggregator(
    (gru): GRU(144, 256, num_layers=2, batch_first=True, dropout=0.3)
  )
  (classifier): Sequential(
    (0): Linear(in_features=256, out_features=49, bias=True)
  )
)
Trainable parameters: 1531921
2021-12-01 05:50:22,557 - train - INFO - BigArch(
  (row_encoder): FixedEmbedderNN(
    (embedder): FixedEmbedder(
      (embeddings): ModuleList(
        (0): Embedding(49, 32)
        (1): Embedding(4, 32)
        (2): Embedding(7, 32)
        (3): Embedding(30, 32)
        (4): Embedding(3, 32)
        (5): Embedding(12, 32)
        (6): Embedding(35, 32)
        (7): Embedding(3, 32)
        (8): Embedding(10, 32)
        (9): Embedding(2, 32)
      )
      (nns): ModuleList(
        (0): Linear(in_features=1, out_features=32, bias=True)
        (1): Linear(in_features=1, out_features=32, bias=True)
        (2): Linear(in_features=1, out_features=32, bias=True)
        (3): Linear(in_features=1, out_features=32, bias=True)
        (4): Linear(in_features=1, out_features=32, bias=True)
        (5): Linear(in_features=1, out_features=32, bias=True)
        (6): Linear(in_features=1, out_features=32, bias=True)
        (7): Linear(in_features=1, out_features=32, bias=True)
        (8): Linear(in_features=1, out_features=32, bias=True)
        (9): Linear(in_features=1, out_features=32, bias=True)
        (10): Linear(in_features=1, out_features=32, bias=True)
        (11): Linear(in_features=1, out_features=32, bias=True)
        (12): Linear(in_features=1, out_features=32, bias=True)
        (13): Linear(in_features=1, out_features=32, bias=True)
        (14): Linear(in_features=1, out_features=32, bias=True)
        (15): Linear(in_features=1, out_features=32, bias=True)
        (16): Linear(in_features=1, out_features=32, bias=True)
        (17): Linear(in_features=1, out_features=32, bias=True)
        (18): Linear(in_features=1, out_features=32, bias=True)
        (19): Linear(in_features=1, out_features=32, bias=True)
        (20): Linear(in_features=1, out_features=32, bias=True)
        (21): Linear(in_features=1, out_features=32, bias=True)
        (22): Linear(in_features=1, out_features=32, bias=True)
        (23): Linear(in_features=1, out_features=32, bias=True)
        (24): Linear(in_features=1, out_features=32, bias=True)
        (25): Linear(in_features=1, out_features=32, bias=True)
        (26): Linear(in_features=1, out_features=32, bias=True)
        (27): Linear(in_features=1, out_features=32, bias=True)
        (28): Linear(in_features=1, out_features=32, bias=True)
        (29): Linear(in_features=1, out_features=32, bias=True)
        (30): Linear(in_features=1, out_features=32, bias=True)
        (31): Linear(in_features=1, out_features=32, bias=True)
        (32): Linear(in_features=1, out_features=32, bias=True)
        (33): Linear(in_features=1, out_features=32, bias=True)
        (34): Linear(in_features=1, out_features=32, bias=True)
        (35): Linear(in_features=1, out_features=32, bias=True)
        (36): Linear(in_features=1, out_features=32, bias=True)
        (37): Linear(in_features=1, out_features=32, bias=True)
        (38): Linear(in_features=1, out_features=32, bias=True)
        (39): Linear(in_features=1, out_features=32, bias=True)
        (40): Linear(in_features=1, out_features=32, bias=True)
        (41): Linear(in_features=1, out_features=32, bias=True)
      )
    )
    (input_layer): Linear(in_features=1664, out_features=128, bias=True)
    (nn_layers): Sequential(
      (0): Sequential(
        (0): Linear(in_features=128, out_features=256, bias=True)
        (1): Dropout(p=0.3, inplace=False)
        (2): Linear(in_features=256, out_features=128, bias=True)
        (3): LayerNorm((128,), eps=1e-05, elementwise_affine=True)
      )
      (1): Sequential(
        (0): Linear(in_features=128, out_features=256, bias=True)
        (1): Dropout(p=0.3, inplace=False)
        (2): Linear(in_features=256, out_features=128, bias=True)
        (3): LayerNorm((128,), eps=1e-05, elementwise_affine=True)
      )
      (2): Sequential(
        (0): Linear(in_features=128, out_features=256, bias=True)
        (1): Dropout(p=0.3, inplace=False)
        (2): Linear(in_features=256, out_features=128, bias=True)
        (3): LayerNorm((128,), eps=1e-05, elementwise_affine=True)
      )
    )
  )
  (rows_aggregator): RowsTransformerAggregator(
    (AttenLayer): TransformerEncoder(
      (layers): ModuleList(
        (0): TransformerEncoderLayer(
          (self_attn): MultiheadAttention(
            (out_proj): NonDynamicallyQuantizableLinear(in_features=128, out_features=128, bias=True)
          )
          (linear1): Linear(in_features=128, out_features=512, bias=True)
          (dropout): Dropout(p=0.3, inplace=False)
          (linear2): Linear(in_features=512, out_features=128, bias=True)
          (norm1): LayerNorm((128,), eps=1e-05, elementwise_affine=True)
          (norm2): LayerNorm((128,), eps=1e-05, elementwise_affine=True)
          (dropout1): Dropout(p=0.3, inplace=False)
          (dropout2): Dropout(p=0.3, inplace=False)
        )
        (1): TransformerEncoderLayer(
          (self_attn): MultiheadAttention(
            (out_proj): NonDynamicallyQuantizableLinear(in_features=128, out_features=128, bias=True)
          )
          (linear1): Linear(in_features=128, out_features=512, bias=True)
          (dropout): Dropout(p=0.3, inplace=False)
          (linear2): Linear(in_features=512, out_features=128, bias=True)
          (norm1): LayerNorm((128,), eps=1e-05, elementwise_affine=True)
          (norm2): LayerNorm((128,), eps=1e-05, elementwise_affine=True)
          (dropout1): Dropout(p=0.3, inplace=False)
          (dropout2): Dropout(p=0.3, inplace=False)
        )
      )
    )
  )
  (temporal_aggregator): Seq2SeqGruAggregator(
    (gru): GRU(144, 256, num_layers=2, batch_first=True, dropout=0.3)
  )
  (classifier): Sequential(
    (0): Linear(in_features=256, out_features=49, bias=True)
  )
)
Trainable parameters: 1531921
2021-12-01 05:51:13,122 - trainer - INFO - Loading checkpoint: ../save_dir/seq2seq_gru_add_time/model_best.pth ...
2021-12-01 05:51:18,142 - trainer - INFO - Checkpoint loaded. Resume training from epoch 57
2021-12-01 06:07:06,700 - trainer - INFO -     epoch          : 57
2021-12-01 06:07:06,844 - trainer - INFO -     loss           : 1.727821849815676
2021-12-01 06:07:06,844 - trainer - INFO -     seq2seq_NDCG   : 0.6650519371032715
2021-12-01 06:07:06,845 - trainer - INFO -     seq2seq_NDCG16 : 0.7341296672821045
2021-12-01 06:07:06,845 - trainer - INFO -     val_loss       : 1.7215902064462452
2021-12-01 06:07:06,845 - trainer - INFO -     val_seq2seq_NDCG: 0.664128839969635
2021-12-01 06:07:06,845 - trainer - INFO -     val_seq2seq_NDCG16: 0.7369336485862732
2021-12-01 06:07:07,476 - trainer - INFO - Improved! Saving current best: model_best.pth ...
2021-12-01 06:23:07,481 - trainer - INFO -     epoch          : 58
2021-12-01 06:23:07,733 - trainer - INFO -     loss           : 1.7266447899513953
2021-12-01 06:23:07,733 - trainer - INFO -     seq2seq_NDCG   : 0.6595383286476135
2021-12-01 06:23:07,733 - trainer - INFO -     seq2seq_NDCG16 : 0.7345597147941589
2021-12-01 06:23:07,733 - trainer - INFO -     val_loss       : 1.7213513119446346
2021-12-01 06:23:07,734 - trainer - INFO -     val_seq2seq_NDCG: 0.6603217720985413
2021-12-01 06:23:07,734 - trainer - INFO -     val_seq2seq_NDCG16: 0.7372393608093262
2021-12-01 06:23:08,934 - trainer - INFO - Improved! Saving current best: model_best.pth ...
2021-12-01 06:39:02,901 - trainer - INFO -     epoch          : 59
2021-12-01 06:39:03,599 - trainer - INFO -     loss           : 1.7259476088745351
2021-12-01 06:39:03,800 - trainer - INFO -     seq2seq_NDCG   : 0.6572796106338501
2021-12-01 06:39:03,800 - trainer - INFO -     seq2seq_NDCG16 : 0.7348331212997437
2021-12-01 06:39:03,800 - trainer - INFO -     val_loss       : 1.7210342219418577
2021-12-01 06:39:03,801 - trainer - INFO -     val_seq2seq_NDCG: 0.6586161851882935
2021-12-01 06:39:03,801 - trainer - INFO -     val_seq2seq_NDCG16: 0.7372345328330994
2021-12-01 06:39:04,898 - trainer - INFO - Improved! Saving current best: model_best.pth ...
2021-12-01 06:55:11,272 - trainer - INFO -     epoch          : 60
2021-12-01 06:55:11,406 - trainer - INFO -     loss           : 1.7255044762934162
2021-12-01 06:55:11,407 - trainer - INFO -     seq2seq_NDCG   : 0.6551113128662109
2021-12-01 06:55:11,407 - trainer - INFO -     seq2seq_NDCG16 : 0.7349659204483032
2021-12-01 06:55:11,407 - trainer - INFO -     val_loss       : 1.7206744318423064
2021-12-01 06:55:11,407 - trainer - INFO -     val_seq2seq_NDCG: 0.6579134464263916
2021-12-01 06:55:11,407 - trainer - INFO -     val_seq2seq_NDCG16: 0.7372863292694092
2021-12-01 06:55:12,077 - trainer - INFO - Improved! Saving current best: model_best.pth ...
2021-12-01 07:11:04,643 - trainer - INFO -     epoch          : 61
2021-12-01 07:11:04,833 - trainer - INFO -     loss           : 1.7249509216651502
2021-12-01 07:11:04,833 - trainer - INFO -     seq2seq_NDCG   : 0.6542080044746399
2021-12-01 07:11:04,833 - trainer - INFO -     seq2seq_NDCG16 : 0.7351465225219727
2021-12-01 07:11:04,833 - trainer - INFO -     val_loss       : 1.7208735610518004
2021-12-01 07:11:04,833 - trainer - INFO -     val_seq2seq_NDCG: 0.6577285528182983
2021-12-01 07:11:04,834 - trainer - INFO -     val_seq2seq_NDCG16: 0.7371195554733276
2021-12-01 07:11:04,835 - trainer - INFO - Performance is lower than epoch: 60
2021-12-01 07:27:16,046 - trainer - INFO -     epoch          : 62
2021-12-01 07:27:16,211 - trainer - INFO -     loss           : 1.7246138563693065
2021-12-01 07:27:16,211 - trainer - INFO -     seq2seq_NDCG   : 0.6534764170646667
2021-12-01 07:27:16,211 - trainer - INFO -     seq2seq_NDCG16 : 0.7352821826934814
2021-12-01 07:27:16,211 - trainer - INFO -     val_loss       : 1.7203398500866902
2021-12-01 07:27:16,211 - trainer - INFO -     val_seq2seq_NDCG: 0.6580289006233215
2021-12-01 07:27:16,211 - trainer - INFO -     val_seq2seq_NDCG16: 0.737667441368103
2021-12-01 07:27:17,013 - trainer - INFO - Improved! Saving current best: model_best.pth ...
2021-12-01 07:43:05,530 - trainer - INFO -     epoch          : 63
2021-12-01 07:43:05,790 - trainer - INFO -     loss           : 1.7242695797122753
2021-12-01 07:43:05,791 - trainer - INFO -     seq2seq_NDCG   : 0.6525664925575256
2021-12-01 07:43:05,791 - trainer - INFO -     seq2seq_NDCG16 : 0.7353584170341492
2021-12-01 07:43:05,791 - trainer - INFO -     val_loss       : 1.7206495698455655
2021-12-01 07:43:05,791 - trainer - INFO -     val_seq2seq_NDCG: 0.6569654941558838
2021-12-01 07:43:05,791 - trainer - INFO -     val_seq2seq_NDCG16: 0.737299919128418
2021-12-01 07:43:05,794 - trainer - INFO - Performance is lower than epoch: 62
2021-12-01 07:59:02,647 - trainer - INFO -     epoch          : 64
2021-12-01 07:59:02,830 - trainer - INFO -     loss           : 1.7240014928926357
2021-12-01 07:59:02,830 - trainer - INFO -     seq2seq_NDCG   : 0.6520251035690308
2021-12-01 07:59:02,831 - trainer - INFO -     seq2seq_NDCG16 : 0.7354439496994019
2021-12-01 07:59:02,831 - trainer - INFO -     val_loss       : 1.7203983422130575
2021-12-01 07:59:02,831 - trainer - INFO -     val_seq2seq_NDCG: 0.655752420425415
2021-12-01 07:59:02,831 - trainer - INFO -     val_seq2seq_NDCG16: 0.73764967918396
2021-12-01 07:59:02,833 - trainer - INFO - Performance is lower than epoch: 62
2021-12-01 08:14:58,862 - trainer - INFO -     epoch          : 65
2021-12-01 08:14:58,920 - trainer - INFO -     loss           : 1.7236091497229675
2021-12-01 08:14:58,920 - trainer - INFO -     seq2seq_NDCG   : 0.651536226272583
2021-12-01 08:14:58,920 - trainer - INFO -     seq2seq_NDCG16 : 0.7355234622955322
2021-12-01 08:14:58,920 - trainer - INFO -     val_loss       : 1.720575418313751
2021-12-01 08:14:58,920 - trainer - INFO -     val_seq2seq_NDCG: 0.6554113626480103
2021-12-01 08:14:58,921 - trainer - INFO -     val_seq2seq_NDCG16: 0.7375307083129883
2021-12-01 08:14:58,923 - trainer - INFO - Performance is lower than epoch: 62
2021-12-01 08:30:44,249 - trainer - INFO -     epoch          : 66
2021-12-01 08:30:44,302 - trainer - INFO -     loss           : 1.7234078698332158
2021-12-01 08:30:44,302 - trainer - INFO -     seq2seq_NDCG   : 0.6502077579498291
2021-12-01 08:30:44,302 - trainer - INFO -     seq2seq_NDCG16 : 0.7356288433074951
2021-12-01 08:30:44,303 - trainer - INFO -     val_loss       : 1.7202079433309452
2021-12-01 08:30:44,303 - trainer - INFO -     val_seq2seq_NDCG: 0.6545883417129517
2021-12-01 08:30:44,303 - trainer - INFO -     val_seq2seq_NDCG16: 0.737525224685669
2021-12-01 08:30:45,009 - trainer - INFO - Improved! Saving current best: model_best.pth ...
2021-12-01 08:46:30,801 - trainer - INFO -     epoch          : 67
2021-12-01 08:46:30,955 - trainer - INFO -     loss           : 1.7230169048541186
2021-12-01 08:46:30,956 - trainer - INFO -     seq2seq_NDCG   : 0.649868905544281
2021-12-01 08:46:30,956 - trainer - INFO -     seq2seq_NDCG16 : 0.7357540726661682
2021-12-01 08:46:30,956 - trainer - INFO -     val_loss       : 1.7205277855134071
2021-12-01 08:46:30,956 - trainer - INFO -     val_seq2seq_NDCG: 0.6538170576095581
2021-12-01 08:46:30,956 - trainer - INFO -     val_seq2seq_NDCG16: 0.7372136116027832
2021-12-01 08:46:30,957 - trainer - INFO - Performance is lower than epoch: 66
2021-12-01 09:02:21,435 - trainer - INFO -     epoch          : 68
2021-12-01 09:02:21,561 - trainer - INFO -     loss           : 1.7228455948509318
2021-12-01 09:02:21,561 - trainer - INFO -     seq2seq_NDCG   : 0.6494885683059692
2021-12-01 09:02:21,561 - trainer - INFO -     seq2seq_NDCG16 : 0.7357931137084961
2021-12-01 09:02:21,561 - trainer - INFO -     val_loss       : 1.720616206793529
2021-12-01 09:02:21,562 - trainer - INFO -     val_seq2seq_NDCG: 0.6545222997665405
2021-12-01 09:02:21,562 - trainer - INFO -     val_seq2seq_NDCG16: 0.7374419569969177
2021-12-01 09:02:21,563 - trainer - INFO - Performance is lower than epoch: 66
2021-12-01 09:18:00,754 - trainer - INFO -     epoch          : 69
2021-12-01 09:18:00,865 - trainer - INFO -     loss           : 1.7225696419723813
2021-12-01 09:18:00,866 - trainer - INFO -     seq2seq_NDCG   : 0.6487040519714355
2021-12-01 09:18:00,866 - trainer - INFO -     seq2seq_NDCG16 : 0.7357960343360901
2021-12-01 09:18:00,866 - trainer - INFO -     val_loss       : 1.7208516933119204
2021-12-01 09:18:00,866 - trainer - INFO -     val_seq2seq_NDCG: 0.6514723300933838
2021-12-01 09:18:00,866 - trainer - INFO -     val_seq2seq_NDCG16: 0.7373256087303162
2021-12-01 09:18:00,868 - trainer - INFO - Performance is lower than epoch: 66
2021-12-01 09:33:32,261 - trainer - INFO -     epoch          : 70
2021-12-01 09:33:32,348 - trainer - INFO -     loss           : 1.7222210687471367
2021-12-01 09:33:32,348 - trainer - INFO -     seq2seq_NDCG   : 0.6478664875030518
2021-12-01 09:33:32,349 - trainer - INFO -     seq2seq_NDCG16 : 0.7358816266059875
2021-12-01 09:33:32,349 - trainer - INFO -     val_loss       : 1.7202394734258237
2021-12-01 09:33:32,349 - trainer - INFO -     val_seq2seq_NDCG: 0.6528275012969971
2021-12-01 09:33:32,349 - trainer - INFO -     val_seq2seq_NDCG16: 0.7375755310058594
2021-12-01 09:33:32,351 - trainer - INFO - Performance is lower than epoch: 66
2021-12-01 09:49:03,194 - trainer - INFO -     epoch          : 71
2021-12-01 09:49:03,257 - trainer - INFO -     loss           : 1.7221431906072284
2021-12-01 09:49:03,257 - trainer - INFO -     seq2seq_NDCG   : 0.6479396820068359
2021-12-01 09:49:03,258 - trainer - INFO -     seq2seq_NDCG16 : 0.7359689474105835
2021-12-01 09:49:03,258 - trainer - INFO -     val_loss       : 1.720764653152212
2021-12-01 09:49:03,258 - trainer - INFO -     val_seq2seq_NDCG: 0.6519631147384644
2021-12-01 09:49:03,258 - trainer - INFO -     val_seq2seq_NDCG16: 0.7371680736541748
2021-12-01 09:49:03,260 - trainer - INFO - Performance is lower than epoch: 66
2021-12-01 10:04:39,858 - trainer - INFO -     epoch          : 72
2021-12-01 10:04:39,950 - trainer - INFO -     loss           : 1.721829620981857
2021-12-01 10:04:39,950 - trainer - INFO -     seq2seq_NDCG   : 0.6475052237510681
2021-12-01 10:04:39,950 - trainer - INFO -     seq2seq_NDCG16 : 0.736082911491394
2021-12-01 10:04:39,950 - trainer - INFO -     val_loss       : 1.7204616417360428
2021-12-01 10:04:39,951 - trainer - INFO -     val_seq2seq_NDCG: 0.6529427170753479
2021-12-01 10:04:39,951 - trainer - INFO -     val_seq2seq_NDCG16: 0.7376624345779419
2021-12-01 10:04:39,951 - trainer - INFO - Validation performance didn't improve for 5 epochs. Training stops.
