2021-11-18 01:59:09,773 - train - INFO - BigArch(
  (row_encoder): EmbedderNN(
    (embedder): EmbeddingGenerator(
      (embeddings): ModuleList(
        (0): Embedding(49, 14)
        (1): Embedding(4, 3)
        (2): Embedding(7, 5)
        (3): Embedding(30, 11)
        (4): Embedding(3, 3)
        (5): Embedding(12, 6)
        (6): Embedding(35, 12)
        (7): Embedding(3, 3)
        (8): Embedding(10, 6)
        (9): Embedding(2, 2)
      )
    )
    (nn): Sequential(
      (0): Linear(in_features=106, out_features=64, bias=True)
      (1): Dropout(p=0.3, inplace=False)
    )
  )
  (rows_aggregator): RowsTransformerAggregator(
    (AttenLayer): TransformerEncoder(
      (layers): ModuleList(
        (0): TransformerEncoderLayer(
          (self_attn): MultiheadAttention(
            (out_proj): NonDynamicallyQuantizableLinear(in_features=64, out_features=64, bias=True)
          )
          (linear1): Linear(in_features=64, out_features=256, bias=True)
          (dropout): Dropout(p=0.3, inplace=False)
          (linear2): Linear(in_features=256, out_features=64, bias=True)
          (norm1): LayerNorm((64,), eps=1e-05, elementwise_affine=True)
          (norm2): LayerNorm((64,), eps=1e-05, elementwise_affine=True)
          (dropout1): Dropout(p=0.3, inplace=False)
          (dropout2): Dropout(p=0.3, inplace=False)
        )
      )
    )
  )
  (temporal_aggregator): TemporalGruAggregator(
    (gru): GRU(64, 128, batch_first=True, dropout=0.3)
  )
  (classifier): Sequential(
    (0): Linear(in_features=128, out_features=49, bias=True)
  )
)
Trainable parameters: 139350
2021-11-18 01:59:17,444 - trainer - INFO - Loading checkpoint: ../save_dir/EmbNN_Attn_GruMask_Small ...
2021-11-18 02:22:09,530 - train - INFO - BigArch(
  (row_encoder): EmbedderNN(
    (embedder): EmbeddingGenerator(
      (embeddings): ModuleList(
        (0): Embedding(49, 14)
        (1): Embedding(4, 3)
        (2): Embedding(7, 5)
        (3): Embedding(30, 11)
        (4): Embedding(3, 3)
        (5): Embedding(12, 6)
        (6): Embedding(35, 12)
        (7): Embedding(3, 3)
        (8): Embedding(10, 6)
        (9): Embedding(2, 2)
      )
    )
    (nn): Sequential(
      (0): Linear(in_features=106, out_features=64, bias=True)
      (1): Dropout(p=0.3, inplace=False)
    )
  )
  (rows_aggregator): RowsTransformerAggregator(
    (AttenLayer): TransformerEncoder(
      (layers): ModuleList(
        (0): TransformerEncoderLayer(
          (self_attn): MultiheadAttention(
            (out_proj): NonDynamicallyQuantizableLinear(in_features=64, out_features=64, bias=True)
          )
          (linear1): Linear(in_features=64, out_features=256, bias=True)
          (dropout): Dropout(p=0.3, inplace=False)
          (linear2): Linear(in_features=256, out_features=64, bias=True)
          (norm1): LayerNorm((64,), eps=1e-05, elementwise_affine=True)
          (norm2): LayerNorm((64,), eps=1e-05, elementwise_affine=True)
          (dropout1): Dropout(p=0.3, inplace=False)
          (dropout2): Dropout(p=0.3, inplace=False)
        )
      )
    )
  )
  (temporal_aggregator): TemporalGruAggregator(
    (gru): GRU(64, 128, batch_first=True, dropout=0.3)
  )
  (classifier): Sequential(
    (0): Linear(in_features=128, out_features=49, bias=True)
  )
)
Trainable parameters: 139350
2021-11-18 02:22:17,706 - trainer - INFO - Loading checkpoint: ../save_dir/EmbNN_Attn_GruMask_Small/model_best.pth ...
2021-11-18 02:22:36,916 - trainer - INFO - Checkpoint loaded. Resume training from epoch 36
2021-11-18 02:28:18,020 - trainer - INFO -     epoch          : 36
2021-11-18 02:28:18,204 - trainer - INFO -     loss           : 2.148417776196847
2021-11-18 02:28:18,204 - trainer - INFO -     NDCG           : 0.6754253506660461
2021-11-18 02:28:18,204 - trainer - INFO -     NDCG16         : 0.7268176078796387
2021-11-18 02:28:18,204 - trainer - INFO -     val_loss       : 2.1321822239802435
2021-11-18 02:28:18,205 - trainer - INFO -     val_NDCG       : 0.6815698742866516
2021-11-18 02:28:18,205 - trainer - INFO -     val_NDCG16     : 0.7336236238479614
2021-11-18 02:28:18,408 - trainer - INFO - Improved! Saving current best: model_best.pth ...
2021-11-18 02:33:59,961 - trainer - INFO -     epoch          : 37
2021-11-18 02:34:00,079 - trainer - INFO -     loss           : 2.1472957152800802
2021-11-18 02:34:00,079 - trainer - INFO -     NDCG           : 0.6758392453193665
2021-11-18 02:34:00,080 - trainer - INFO -     NDCG16         : 0.7270951271057129
2021-11-18 02:34:00,080 - trainer - INFO -     val_loss       : 2.1349506011376014
2021-11-18 02:34:00,080 - trainer - INFO -     val_NDCG       : 0.6802597641944885
2021-11-18 02:34:00,080 - trainer - INFO -     val_NDCG16     : 0.7320241332054138
2021-11-18 02:34:00,081 - trainer - INFO - Performance is lower than epoch: 36
2021-11-18 02:39:43,727 - trainer - INFO -     epoch          : 38
2021-11-18 02:39:43,796 - trainer - INFO -     loss           : 2.1459098641510606
2021-11-18 02:39:43,796 - trainer - INFO -     NDCG           : 0.6762715578079224
2021-11-18 02:39:43,796 - trainer - INFO -     NDCG16         : 0.7272011041641235
2021-11-18 02:39:43,796 - trainer - INFO -     val_loss       : 2.1298929874713606
2021-11-18 02:39:43,796 - trainer - INFO -     val_NDCG       : 0.6820736527442932
2021-11-18 02:39:43,797 - trainer - INFO -     val_NDCG16     : 0.7346915602684021
2021-11-18 02:39:44,043 - trainer - INFO - Improved! Saving current best: model_best.pth ...
2021-11-18 02:45:23,423 - trainer - INFO -     epoch          : 39
2021-11-18 02:45:23,544 - trainer - INFO -     loss           : 2.1455359124951787
2021-11-18 02:45:23,545 - trainer - INFO -     NDCG           : 0.6763957142829895
2021-11-18 02:45:23,545 - trainer - INFO -     NDCG16         : 0.7273512482643127
2021-11-18 02:45:23,545 - trainer - INFO -     val_loss       : 2.1357424112466665
2021-11-18 02:45:23,545 - trainer - INFO -     val_NDCG       : 0.6803193092346191
2021-11-18 02:45:23,545 - trainer - INFO -     val_NDCG16     : 0.7332329154014587
2021-11-18 02:45:23,545 - trainer - INFO - Performance is lower than epoch: 38
2021-11-18 02:51:01,002 - trainer - INFO -     epoch          : 40
2021-11-18 02:51:01,133 - trainer - INFO -     loss           : 2.1446099541066688
2021-11-18 02:51:01,134 - trainer - INFO -     NDCG           : 0.6767787337303162
2021-11-18 02:51:01,134 - trainer - INFO -     NDCG16         : 0.7274441719055176
2021-11-18 02:51:01,134 - trainer - INFO -     val_loss       : 2.1316249664013203
2021-11-18 02:51:01,134 - trainer - INFO -     val_NDCG       : 0.6812950372695923
2021-11-18 02:51:01,134 - trainer - INFO -     val_NDCG16     : 0.7339122891426086
2021-11-18 02:51:01,134 - trainer - INFO - Performance is lower than epoch: 38
2021-11-18 02:56:36,256 - trainer - INFO -     epoch          : 41
2021-11-18 02:56:36,350 - trainer - INFO -     loss           : 2.1440752396787652
2021-11-18 02:56:36,561 - trainer - INFO -     NDCG           : 0.6765662431716919
2021-11-18 02:56:36,561 - trainer - INFO -     NDCG16         : 0.7276495695114136
2021-11-18 02:56:36,561 - trainer - INFO -     val_loss       : 2.1308038601508508
2021-11-18 02:56:36,562 - trainer - INFO -     val_NDCG       : 0.6810098886489868
2021-11-18 02:56:36,562 - trainer - INFO -     val_NDCG16     : 0.7333948016166687
2021-11-18 02:56:36,563 - trainer - INFO - Performance is lower than epoch: 38
2021-11-18 03:02:17,470 - trainer - INFO -     epoch          : 42
2021-11-18 03:02:17,591 - trainer - INFO -     loss           : 2.1429842251284112
2021-11-18 03:02:17,591 - trainer - INFO -     NDCG           : 0.6770199537277222
2021-11-18 03:02:17,591 - trainer - INFO -     NDCG16         : 0.7279829978942871
2021-11-18 03:02:17,592 - trainer - INFO -     val_loss       : 2.132293283022367
2021-11-18 03:02:17,592 - trainer - INFO -     val_NDCG       : 0.6814152002334595
2021-11-18 03:02:17,592 - trainer - INFO -     val_NDCG16     : 0.73397296667099
2021-11-18 03:02:17,592 - trainer - INFO - Validation performance didn't improve for 3 epochs. Training stops.
